{"/Users/scott/Documents/projects/GigaSpreadsheet/src/app.ts": {"path":"/Users/scott/Documents/projects/GigaSpreadsheet/src/app.ts","statementMap":{"0":{"start":{"line":2,"column":0},"end":{"line":2,"column":28}},"1":{"start":{"line":4,"column":0},"end":{"line":4,"column":39}},"2":{"start":{"line":5,"column":0},"end":{"line":5,"column":21}},"3":{"start":{"line":7,"column":0},"end":{"line":32,"column":3}},"4":{"start":{"line":8,"column":20},"end":{"line":8,"column":60}},"5":{"start":{"line":9,"column":23},"end":{"line":9,"column":25}},"6":{"start":{"line":10,"column":18},"end":{"line":30,"column":null}},"7":{"start":{"line":23,"column":16},"end":{"line":23,"column":85}},"8":{"start":{"line":24,"column":31},"end":{"line":24,"column":63}},"9":{"start":{"line":25,"column":16},"end":{"line":25,"column":46}},"10":{"start":{"line":26,"column":16},"end":{"line":26,"column":51}},"11":{"start":{"line":27,"column":16},"end":{"line":27,"column":74}},"12":{"start":{"line":28,"column":16},"end":{"line":28,"column":72}}},"fnMap":{"0":{"name":"(anonymous_1)","decl":{"start":{"line":7,"column":46},"end":{"line":7,"column":47}},"loc":{"start":{"line":7,"column":56},"end":{"line":32,"column":1}}},"1":{"name":"(anonymous_2)","decl":{"start":{"line":22,"column":30},"end":{"line":22,"column":31}},"loc":{"start":{"line":22,"column":79},"end":{"line":29,"column":13}}}},"branchMap":{},"s":{"0":0,"1":0,"2":0,"3":0,"4":0,"5":0,"6":0,"7":0,"8":0,"9":0,"10":0,"11":0,"12":0},"f":{"0":0,"1":0},"b":{}}
,"/Users/scott/Documents/projects/GigaSpreadsheet/src/goldenConfig.ts": {"path":"/Users/scott/Documents/projects/GigaSpreadsheet/src/goldenConfig.ts","statementMap":{"0":{"start":{"line":4,"column":21},"end":{"line":102,"column":2}},"1":{"start":{"line":104,"column":0},"end":{"line":104,"column":28}}},"fnMap":{},"branchMap":{},"s":{"0":0,"1":0},"f":{},"b":{}}
,"/Users/scott/Documents/projects/GigaSpreadsheet/src/goldenroot.ts": {"path":"/Users/scott/Documents/projects/GigaSpreadsheet/src/goldenroot.ts","statementMap":{"0":{"start":{"line":2,"column":0},"end":{"line":2,"column":28}},"1":{"start":{"line":3,"column":0},"end":{"line":3,"column":39}},"2":{"start":{"line":5,"column":0},"end":{"line":5,"column":43}},"3":{"start":{"line":6,"column":0},"end":{"line":6,"column":54}},"4":{"start":{"line":7,"column":0},"end":{"line":7,"column":42}},"5":{"start":{"line":10,"column":0},"end":{"line":110,"column":3}},"6":{"start":{"line":11,"column":22},"end":{"line":11,"column":61}},"7":{"start":{"line":12,"column":4},"end":{"line":15,"column":5}},"8":{"start":{"line":13,"column":8},"end":{"line":13,"column":65}},"9":{"start":{"line":14,"column":8},"end":{"line":14,"column":15}},"10":{"start":{"line":17,"column":19},"end":{"line":35,"column":6}},"11":{"start":{"line":37,"column":30},"end":{"line":37,"column":66}},"12":{"start":{"line":38,"column":24},"end":{"line":38,"column":64}},"13":{"start":{"line":40,"column":4},"end":{"line":66,"column":7}},"14":{"start":{"line":41,"column":22},"end":{"line":41,"column":51}},"15":{"start":{"line":42,"column":19},"end":{"line":42,"column":39}},"16":{"start":{"line":43,"column":8},"end":{"line":43,"column":22}},"17":{"start":{"line":44,"column":8},"end":{"line":44,"column":35}},"18":{"start":{"line":45,"column":8},"end":{"line":45,"column":36}},"19":{"start":{"line":47,"column":24},"end":{"line":47,"column":122}},"20":{"start":{"line":48,"column":8},"end":{"line":54,"column":9}},"21":{"start":{"line":49,"column":13},"end":{"line":49,"column":48}},"22":{"start":{"line":50,"column":15},"end":{"line":54,"column":9}},"23":{"start":{"line":51,"column":13},"end":{"line":51,"column":43}},"24":{"start":{"line":52,"column":15},"end":{"line":54,"column":9}},"25":{"start":{"line":53,"column":13},"end":{"line":53,"column":54}},"26":{"start":{"line":56,"column":8},"end":{"line":58,"column":10}},"27":{"start":{"line":60,"column":8},"end":{"line":65,"column":9}},"28":{"start":{"line":61,"column":12},"end":{"line":64,"column":15}},"29":{"start":{"line":62,"column":29},"end":{"line":62,"column":56}},"30":{"start":{"line":63,"column":16},"end":{"line":63,"column":79}},"31":{"start":{"line":63,"column":45},"end":{"line":63,"column":79}},"32":{"start":{"line":68,"column":4},"end":{"line":68,"column":18}},"33":{"start":{"line":72,"column":4},"end":{"line":109,"column":5}},"34":{"start":{"line":73,"column":19},"end":{"line":83,"column":10}},"35":{"start":{"line":74,"column":12},"end":{"line":74,"column":32}},"36":{"start":{"line":74,"column":25},"end":{"line":74,"column":32}},"37":{"start":{"line":76,"column":12},"end":{"line":82,"column":13}},"38":{"start":{"line":77,"column":16},"end":{"line":77,"column":36}},"39":{"start":{"line":78,"column":19},"end":{"line":82,"column":13}},"40":{"start":{"line":79,"column":16},"end":{"line":79,"column":42}},"41":{"start":{"line":81,"column":16},"end":{"line":81,"column":58}},"42":{"start":{"line":84,"column":8},"end":{"line":84,"column":30}},"43":{"start":{"line":87,"column":22},"end":{"line":87,"column":45}},"44":{"start":{"line":88,"column":28},"end":{"line":97,"column":15}},"45":{"start":{"line":89,"column":12},"end":{"line":96,"column":13}},"46":{"start":{"line":90,"column":16},"end":{"line":90,"column":50}},"47":{"start":{"line":91,"column":16},"end":{"line":95,"column":17}},"48":{"start":{"line":92,"column":20},"end":{"line":92,"column":40}},"49":{"start":{"line":94,"column":20},"end":{"line":94,"column":62}},"50":{"start":{"line":100,"column":8},"end":{"line":103,"column":11}},"51":{"start":{"line":101,"column":12},"end":{"line":101,"column":49}},"52":{"start":{"line":101,"column":18},"end":{"line":101,"column":34}},"53":{"start":{"line":102,"column":12},"end":{"line":102,"column":67}},"54":{"start":{"line":102,"column":18},"end":{"line":102,"column":52}},"55":{"start":{"line":106,"column":8},"end":{"line":108,"column":11}},"56":{"start":{"line":107,"column":12},"end":{"line":107,"column":77}},"57":{"start":{"line":107,"column":57},"end":{"line":107,"column":77}}},"fnMap":{"0":{"name":"(anonymous_1)","decl":{"start":{"line":10,"column":46},"end":{"line":10,"column":47}},"loc":{"start":{"line":10,"column":56},"end":{"line":110,"column":1}}},"1":{"name":"(anonymous_2)","decl":{"start":{"line":40,"column":37},"end":{"line":40,"column":38}},"loc":{"start":{"line":40,"column":81},"end":{"line":66,"column":5}}},"2":{"name":"(anonymous_3)","decl":{"start":{"line":61,"column":40},"end":{"line":61,"column":43}},"loc":{"start":{"line":61,"column":45},"end":{"line":64,"column":13}}},"3":{"name":"(anonymous_4)","decl":{"start":{"line":73,"column":38},"end":{"line":73,"column":41}},"loc":{"start":{"line":73,"column":43},"end":{"line":83,"column":9}}},"4":{"name":"(anonymous_5)","decl":{"start":{"line":88,"column":47},"end":{"line":88,"column":50}},"loc":{"start":{"line":88,"column":52},"end":{"line":97,"column":9}}},"5":{"name":"(anonymous_6)","decl":{"start":{"line":100,"column":48},"end":{"line":100,"column":51}},"loc":{"start":{"line":100,"column":53},"end":{"line":103,"column":9}}},"6":{"name":"(anonymous_7)","decl":{"start":{"line":106,"column":42},"end":{"line":106,"column":45}},"loc":{"start":{"line":106,"column":47},"end":{"line":108,"column":9}}}},"branchMap":{"0":{"loc":{"start":{"line":12,"column":4},"end":{"line":15,"column":5}},"type":"if","locations":[{"start":{"line":12,"column":4},"end":{"line":15,"column":5}}]},"1":{"loc":{"start":{"line":37,"column":30},"end":{"line":37,"column":66}},"type":"binary-expr","locations":[{"start":{"line":37,"column":30},"end":{"line":37,"column":50}},{"start":{"line":37,"column":54},"end":{"line":37,"column":66}}]},"2":{"loc":{"start":{"line":47,"column":24},"end":{"line":47,"column":122}},"type":"binary-expr","locations":[{"start":{"line":47,"column":25},"end":{"line":47,"column":49}},{"start":{"line":47,"column":53},"end":{"line":47,"column":79}},{"start":{"line":47,"column":84},"end":{"line":47,"column":105}},{"start":{"line":47,"column":109},"end":{"line":47,"column":122}}]},"3":{"loc":{"start":{"line":48,"column":8},"end":{"line":54,"column":9}},"type":"if","locations":[{"start":{"line":48,"column":8},"end":{"line":54,"column":9}},{"start":{"line":50,"column":15},"end":{"line":54,"column":9}}]},"4":{"loc":{"start":{"line":48,"column":12},"end":{"line":48,"column":51}},"type":"binary-expr","locations":[{"start":{"line":48,"column":12},"end":{"line":48,"column":19}},{"start":{"line":48,"column":24},"end":{"line":48,"column":51}}]},"5":{"loc":{"start":{"line":50,"column":15},"end":{"line":54,"column":9}},"type":"if","locations":[{"start":{"line":50,"column":15},"end":{"line":54,"column":9}},{"start":{"line":52,"column":15},"end":{"line":54,"column":9}}]},"6":{"loc":{"start":{"line":50,"column":19},"end":{"line":50,"column":53}},"type":"binary-expr","locations":[{"start":{"line":50,"column":19},"end":{"line":50,"column":26}},{"start":{"line":50,"column":31},"end":{"line":50,"column":53}}]},"7":{"loc":{"start":{"line":52,"column":15},"end":{"line":54,"column":9}},"type":"if","locations":[{"start":{"line":52,"column":15},"end":{"line":54,"column":9}}]},"8":{"loc":{"start":{"line":60,"column":8},"end":{"line":65,"column":9}},"type":"if","locations":[{"start":{"line":60,"column":8},"end":{"line":65,"column":9}}]},"9":{"loc":{"start":{"line":60,"column":12},"end":{"line":60,"column":45}},"type":"binary-expr","locations":[{"start":{"line":60,"column":12},"end":{"line":60,"column":25}},{"start":{"line":60,"column":29},"end":{"line":60,"column":45}}]},"10":{"loc":{"start":{"line":63,"column":16},"end":{"line":63,"column":79}},"type":"if","locations":[{"start":{"line":63,"column":16},"end":{"line":63,"column":79}}]},"11":{"loc":{"start":{"line":63,"column":20},"end":{"line":63,"column":43}},"type":"binary-expr","locations":[{"start":{"line":63,"column":20},"end":{"line":63,"column":24}},{"start":{"line":63,"column":28},"end":{"line":63,"column":43}}]},"12":{"loc":{"start":{"line":74,"column":12},"end":{"line":74,"column":32}},"type":"if","locations":[{"start":{"line":74,"column":12},"end":{"line":74,"column":32}}]},"13":{"loc":{"start":{"line":76,"column":12},"end":{"line":82,"column":13}},"type":"if","locations":[{"start":{"line":76,"column":12},"end":{"line":82,"column":13}},{"start":{"line":78,"column":19},"end":{"line":82,"column":13}}]},"14":{"loc":{"start":{"line":78,"column":19},"end":{"line":82,"column":13}},"type":"if","locations":[{"start":{"line":78,"column":19},"end":{"line":82,"column":13}},{"start":{"line":80,"column":19},"end":{"line":82,"column":13}}]},"15":{"loc":{"start":{"line":89,"column":12},"end":{"line":96,"column":13}},"type":"if","locations":[{"start":{"line":89,"column":12},"end":{"line":96,"column":13}}]},"16":{"loc":{"start":{"line":91,"column":16},"end":{"line":95,"column":17}},"type":"if","locations":[{"start":{"line":91,"column":16},"end":{"line":95,"column":17}},{"start":{"line":93,"column":23},"end":{"line":95,"column":17}}]},"17":{"loc":{"start":{"line":107,"column":12},"end":{"line":107,"column":77}},"type":"if","locations":[{"start":{"line":107,"column":12},"end":{"line":107,"column":77}}]}},"s":{"0":0,"1":0,"2":0,"3":0,"4":0,"5":0,"6":0,"7":0,"8":0,"9":0,"10":0,"11":0,"12":0,"13":0,"14":0,"15":0,"16":0,"17":0,"18":0,"19":0,"20":0,"21":0,"22":0,"23":0,"24":0,"25":0,"26":0,"27":0,"28":0,"29":0,"30":0,"31":0,"32":0,"33":0,"34":0,"35":0,"36":0,"37":0,"38":0,"39":0,"40":0,"41":0,"42":0,"43":0,"44":0,"45":0,"46":0,"47":0,"48":0,"49":0,"50":0,"51":0,"52":0,"53":0,"54":0,"55":0,"56":0,"57":0},"f":{"0":0,"1":0,"2":0,"3":0,"4":0,"5":0,"6":0},"b":{"0":[0],"1":[0,0],"2":[0,0,0,0],"3":[0,0],"4":[0,0],"5":[0,0],"6":[0,0],"7":[0],"8":[0],"9":[0,0],"10":[0],"11":[0,0],"12":[0],"13":[0,0],"14":[0,0],"15":[0],"16":[0,0],"17":[0]}}
,"/Users/scott/Documents/projects/GigaSpreadsheet/src/index.ts": {"path":"/Users/scott/Documents/projects/GigaSpreadsheet/src/index.ts","statementMap":{"0":{"start":{"line":1,"column":0},"end":{"line":1,"column":9}},"1":{"start":{"line":1,"column":9},"end":{"line":1,"column":25}},"2":{"start":{"line":2,"column":0},"end":{"line":2,"column":35}}},"fnMap":{"0":{"name":"(anonymous_5)","decl":{"start":{"line":1,"column":9},"end":{"line":1,"column":16}},"loc":{"start":{"line":1,"column":9},"end":{"line":1,"column":25}}}},"branchMap":{},"s":{"0":0,"1":0,"2":0},"f":{"0":0},"b":{}}
,"/Users/scott/Documents/projects/GigaSpreadsheet/src/sampledata.ts": {"path":"/Users/scott/Documents/projects/GigaSpreadsheet/src/sampledata.ts","statementMap":{"0":{"start":{"line":1,"column":13},"end":{"line":10087,"column":null}}},"fnMap":{},"branchMap":{},"s":{"0":0},"f":{},"b":{}}
,"/Users/scott/Documents/projects/GigaSpreadsheet/src/giga/index.ts": {"path":"/Users/scott/Documents/projects/GigaSpreadsheet/src/giga/index.ts","statementMap":{"0":{"start":{"line":1,"column":0},"end":{"line":1,"column":58}},"1":{"start":{"line":2,"column":0},"end":{"line":2,"column":29}},"2":{"start":{"line":18,"column":8},"end":{"line":18,"column":30}},"3":{"start":{"line":19,"column":8},"end":{"line":19,"column":23}},"4":{"start":{"line":20,"column":8},"end":{"line":20,"column":33}},"5":{"start":{"line":21,"column":8},"end":{"line":21,"column":37}},"6":{"start":{"line":22,"column":8},"end":{"line":27,"column":10}},"7":{"start":{"line":23,"column":12},"end":{"line":23,"column":95}},"8":{"start":{"line":26,"column":13},"end":{"line":26,"column":38}},"9":{"start":{"line":28,"column":27},"end":{"line":28,"column":56}},"10":{"start":{"line":29,"column":8},"end":{"line":29,"column":37}},"11":{"start":{"line":30,"column":8},"end":{"line":30,"column":40}},"12":{"start":{"line":31,"column":8},"end":{"line":31,"column":41}},"13":{"start":{"line":32,"column":8},"end":{"line":32,"column":42}},"14":{"start":{"line":33,"column":8},"end":{"line":33,"column":50}},"15":{"start":{"line":34,"column":8},"end":{"line":37,"column":10}},"16":{"start":{"line":38,"column":8},"end":{"line":38,"column":37}},"17":{"start":{"line":39,"column":8},"end":{"line":43,"column":9}},"18":{"start":{"line":40,"column":12},"end":{"line":40,"column":45}},"19":{"start":{"line":41,"column":12},"end":{"line":41,"column":61}},"20":{"start":{"line":42,"column":12},"end":{"line":42,"column":87}},"21":{"start":{"line":44,"column":8},"end":{"line":44,"column":45}},"22":{"start":{"line":45,"column":8},"end":{"line":45,"column":77}},"23":{"start":{"line":47,"column":8},"end":{"line":47,"column":34}},"24":{"start":{"line":48,"column":8},"end":{"line":48,"column":33}},"25":{"start":{"line":52,"column":8},"end":{"line":60,"column":9}},"26":{"start":{"line":53,"column":12},"end":{"line":56,"column":null}},"27":{"start":{"line":54,"column":16},"end":{"line":54,"column":35}},"28":{"start":{"line":55,"column":16},"end":{"line":55,"column":31}},"29":{"start":{"line":57,"column":12},"end":{"line":59,"column":null}},"30":{"start":{"line":58,"column":16},"end":{"line":58,"column":36}},"31":{"start":{"line":64,"column":21},"end":{"line":64,"column":46}},"32":{"start":{"line":65,"column":8},"end":{"line":65,"column":26}},"33":{"start":{"line":65,"column":19},"end":{"line":65,"column":26}},"34":{"start":{"line":66,"column":8},"end":{"line":68,"column":9}},"35":{"start":{"line":67,"column":12},"end":{"line":67,"column":41}},"36":{"start":{"line":69,"column":8},"end":{"line":69,"column":47}},"37":{"start":{"line":73,"column":8},"end":{"line":76,"column":10}},"38":{"start":{"line":80,"column":8},"end":{"line":82,"column":9}},"39":{"start":{"line":81,"column":12},"end":{"line":81,"column":41}},"40":{"start":{"line":83,"column":8},"end":{"line":85,"column":11}},"41":{"start":{"line":86,"column":8},"end":{"line":88,"column":9}},"42":{"start":{"line":87,"column":12},"end":{"line":87,"column":null}},"43":{"start":{"line":92,"column":8},"end":{"line":98,"column":9}},"44":{"start":{"line":93,"column":12},"end":{"line":93,"column":27}},"45":{"start":{"line":95,"column":12},"end":{"line":97,"column":13}},"46":{"start":{"line":95,"column":24},"end":{"line":95,"column":25}},"47":{"start":{"line":96,"column":16},"end":{"line":96,"column":41}},"48":{"start":{"line":5,"column":0},"end":{"line":5,"column":21}}},"fnMap":{"0":{"name":"(anonymous_1)","decl":{"start":{"line":17,"column":4},"end":{"line":17,"column":16}},"loc":{"start":{"line":17,"column":60},"end":{"line":49,"column":5}}},"1":{"name":"(anonymous_2)","decl":{"start":{"line":51,"column":4},"end":{"line":51,"column":22}},"loc":{"start":{"line":51,"column":22},"end":{"line":61,"column":5}}},"2":{"name":"(anonymous_3)","decl":{"start":{"line":53,"column":42},"end":{"line":53,"column":43}},"loc":{"start":{"line":53,"column":53},"end":{"line":56,"column":13}}},"3":{"name":"(anonymous_4)","decl":{"start":{"line":57,"column":40},"end":{"line":57,"column":41}},"loc":{"start":{"line":57,"column":56},"end":{"line":59,"column":13}}},"4":{"name":"(anonymous_5)","decl":{"start":{"line":63,"column":4},"end":{"line":63,"column":13}},"loc":{"start":{"line":63,"column":25},"end":{"line":70,"column":5}}},"5":{"name":"(anonymous_6)","decl":{"start":{"line":72,"column":4},"end":{"line":72,"column":21}},"loc":{"start":{"line":72,"column":21},"end":{"line":77,"column":5}}},"6":{"name":"(anonymous_7)","decl":{"start":{"line":79,"column":4},"end":{"line":79,"column":11}},"loc":{"start":{"line":79,"column":25},"end":{"line":89,"column":5}}},"7":{"name":"(anonymous_8)","decl":{"start":{"line":91,"column":4},"end":{"line":91,"column":14}},"loc":{"start":{"line":91,"column":27},"end":{"line":99,"column":5}}}},"branchMap":{"0":{"loc":{"start":{"line":22,"column":8},"end":{"line":27,"column":10}},"type":"if","locations":[{"start":{"line":22,"column":8},"end":{"line":27,"column":10}},{"start":{"line":25,"column":14},"end":{"line":27,"column":10}}]},"1":{"loc":{"start":{"line":23,"column":27},"end":{"line":23,"column":94}},"type":"binary-expr","locations":[{"start":{"line":23,"column":27},"end":{"line":23,"column":61}},{"start":{"line":23,"column":65},"end":{"line":23,"column":94}}]},"2":{"loc":{"start":{"line":38,"column":23},"end":{"line":38,"column":36}},"type":"binary-expr","locations":[{"start":{"line":38,"column":23},"end":{"line":38,"column":30}},{"start":{"line":38,"column":34},"end":{"line":38,"column":36}}]},"3":{"loc":{"start":{"line":39,"column":8},"end":{"line":43,"column":9}},"type":"if","locations":[{"start":{"line":39,"column":8},"end":{"line":43,"column":9}}]},"4":{"loc":{"start":{"line":52,"column":8},"end":{"line":60,"column":9}},"type":"if","locations":[{"start":{"line":52,"column":8},"end":{"line":60,"column":9}}]},"5":{"loc":{"start":{"line":65,"column":8},"end":{"line":65,"column":26}},"type":"if","locations":[{"start":{"line":65,"column":8},"end":{"line":65,"column":26}}]},"6":{"loc":{"start":{"line":84,"column":34},"end":{"line":84,"column":69}},"type":"binary-expr","locations":[{"start":{"line":84,"column":34},"end":{"line":84,"column":41}},{"start":{"line":84,"column":45},"end":{"line":84,"column":69}}]},"7":{"loc":{"start":{"line":86,"column":8},"end":{"line":88,"column":9}},"type":"if","locations":[{"start":{"line":86,"column":8},"end":{"line":88,"column":9}}]},"8":{"loc":{"start":{"line":92,"column":8},"end":{"line":98,"column":9}},"type":"if","locations":[{"start":{"line":92,"column":8},"end":{"line":98,"column":9}},{"start":{"line":94,"column":15},"end":{"line":98,"column":9}}]},"9":{"loc":{"start":{"line":92,"column":12},"end":{"line":92,"column":52}},"type":"binary-expr","locations":[{"start":{"line":92,"column":12},"end":{"line":92,"column":27}},{"start":{"line":92,"column":31},"end":{"line":92,"column":52}}]}},"s":{"0":0,"1":0,"2":0,"3":0,"4":0,"5":0,"6":0,"7":0,"8":0,"9":0,"10":0,"11":0,"12":0,"13":0,"14":0,"15":0,"16":0,"17":0,"18":0,"19":0,"20":0,"21":0,"22":0,"23":0,"24":0,"25":0,"26":0,"27":0,"28":0,"29":0,"30":0,"31":0,"32":0,"33":0,"34":0,"35":0,"36":0,"37":0,"38":0,"39":0,"40":0,"41":0,"42":0,"43":0,"44":0,"45":0,"46":0,"47":0,"48":0},"f":{"0":0,"1":0,"2":0,"3":0,"4":0,"5":0,"6":0,"7":0},"b":{"0":[0,0],"1":[0,0],"2":[0,0],"3":[0],"4":[0],"5":[0],"6":[0,0],"7":[0],"8":[0,0],"9":[0,0]}}
,"/Users/scott/Documents/projects/GigaSpreadsheet/src/packages/dependencytracker.ts": {"path":"/Users/scott/Documents/projects/GigaSpreadsheet/src/packages/dependencytracker.ts","statementMap":{"0":{"start":{"line":20,"column":0},"end":{"line":20,"column":16}},"1":{"start":{"line":63,"column":0},"end":{"line":63,"column":16}},"2":{"start":{"line":103,"column":0},"end":{"line":103,"column":16}},"3":{"start":{"line":140,"column":0},"end":{"line":140,"column":16}},"4":{"start":{"line":181,"column":0},"end":{"line":181,"column":16}},"5":{"start":{"line":195,"column":0},"end":{"line":195,"column":16}},"6":{"start":{"line":207,"column":0},"end":{"line":207,"column":16}},"7":{"start":{"line":1,"column":13},"end":{"line":3,"column":2}},"8":{"start":{"line":5,"column":13},"end":{"line":7,"column":2}},"9":{"start":{"line":9,"column":13},"end":{"line":11,"column":2}},"10":{"start":{"line":14,"column":4},"end":{"line":16,"column":5}},"11":{"start":{"line":15,"column":8},"end":{"line":15,"column":48}},"12":{"start":{"line":15,"column":35},"end":{"line":15,"column":48}},"13":{"start":{"line":17,"column":4},"end":{"line":17,"column":16}},"14":{"start":{"line":21,"column":31},"end":{"line":21,"column":33}},"15":{"start":{"line":23,"column":29},"end":{"line":23,"column":31}},"16":{"start":{"line":24,"column":8},"end":{"line":54,"column":9}},"17":{"start":{"line":25,"column":12},"end":{"line":37,"column":13}},"18":{"start":{"line":26,"column":26},"end":{"line":26,"column":35}},"19":{"start":{"line":27,"column":16},"end":{"line":30,"column":17}},"20":{"start":{"line":28,"column":20},"end":{"line":28,"column":59}},"21":{"start":{"line":29,"column":20},"end":{"line":29,"column":37}},"22":{"start":{"line":31,"column":16},"end":{"line":36,"column":17}},"23":{"start":{"line":32,"column":20},"end":{"line":34,"column":21}},"24":{"start":{"line":33,"column":24},"end":{"line":33,"column":67}},"25":{"start":{"line":38,"column":15},"end":{"line":54,"column":9}},"26":{"start":{"line":39,"column":12},"end":{"line":49,"column":13}},"27":{"start":{"line":40,"column":16},"end":{"line":48,"column":17}},"28":{"start":{"line":41,"column":20},"end":{"line":41,"column":46}},"29":{"start":{"line":42,"column":20},"end":{"line":42,"column":37}},"30":{"start":{"line":43,"column":23},"end":{"line":48,"column":17}},"31":{"start":{"line":44,"column":20},"end":{"line":44,"column":76}},"32":{"start":{"line":45,"column":20},"end":{"line":45,"column":37}},"33":{"start":{"line":47,"column":20},"end":{"line":47,"column":41}},"34":{"start":{"line":50,"column":15},"end":{"line":54,"column":9}},"35":{"start":{"line":51,"column":12},"end":{"line":53,"column":13}},"36":{"start":{"line":52,"column":16},"end":{"line":52,"column":47}},"37":{"start":{"line":55,"column":8},"end":{"line":57,"column":9}},"38":{"start":{"line":56,"column":12},"end":{"line":56,"column":47}},"39":{"start":{"line":58,"column":8},"end":{"line":58,"column":20}},"40":{"start":{"line":60,"column":4},"end":{"line":60,"column":27}},"41":{"start":{"line":61,"column":4},"end":{"line":61,"column":25}},"42":{"start":{"line":64,"column":31},"end":{"line":64,"column":33}},"43":{"start":{"line":66,"column":29},"end":{"line":66,"column":31}},"44":{"start":{"line":67,"column":8},"end":{"line":94,"column":9}},"45":{"start":{"line":68,"column":12},"end":{"line":80,"column":13}},"46":{"start":{"line":69,"column":26},"end":{"line":69,"column":35}},"47":{"start":{"line":70,"column":16},"end":{"line":73,"column":17}},"48":{"start":{"line":71,"column":20},"end":{"line":71,"column":59}},"49":{"start":{"line":72,"column":20},"end":{"line":72,"column":37}},"50":{"start":{"line":74,"column":16},"end":{"line":79,"column":17}},"51":{"start":{"line":75,"column":20},"end":{"line":77,"column":21}},"52":{"start":{"line":76,"column":24},"end":{"line":76,"column":67}},"53":{"start":{"line":81,"column":15},"end":{"line":94,"column":9}},"54":{"start":{"line":82,"column":12},"end":{"line":89,"column":13}},"55":{"start":{"line":83,"column":16},"end":{"line":88,"column":17}},"56":{"start":{"line":84,"column":20},"end":{"line":84,"column":75}},"57":{"start":{"line":85,"column":20},"end":{"line":85,"column":37}},"58":{"start":{"line":87,"column":20},"end":{"line":87,"column":41}},"59":{"start":{"line":90,"column":15},"end":{"line":94,"column":9}},"60":{"start":{"line":91,"column":12},"end":{"line":93,"column":13}},"61":{"start":{"line":92,"column":16},"end":{"line":92,"column":46}},"62":{"start":{"line":95,"column":8},"end":{"line":97,"column":9}},"63":{"start":{"line":96,"column":12},"end":{"line":96,"column":47}},"64":{"start":{"line":98,"column":8},"end":{"line":98,"column":20}},"65":{"start":{"line":100,"column":4},"end":{"line":100,"column":27}},"66":{"start":{"line":101,"column":4},"end":{"line":101,"column":25}},"67":{"start":{"line":104,"column":31},"end":{"line":104,"column":33}},"68":{"start":{"line":106,"column":29},"end":{"line":106,"column":31}},"69":{"start":{"line":107,"column":8},"end":{"line":131,"column":9}},"70":{"start":{"line":108,"column":12},"end":{"line":110,"column":13}},"71":{"start":{"line":109,"column":16},"end":{"line":109,"column":60}},"72":{"start":{"line":112,"column":13},"end":{"line":131,"column":9}},"73":{"start":{"line":113,"column":12},"end":{"line":120,"column":13}},"74":{"start":{"line":114,"column":16},"end":{"line":119,"column":17}},"75":{"start":{"line":115,"column":20},"end":{"line":115,"column":81}},"76":{"start":{"line":116,"column":20},"end":{"line":116,"column":37}},"77":{"start":{"line":118,"column":20},"end":{"line":118,"column":41}},"78":{"start":{"line":121,"column":15},"end":{"line":131,"column":9}},"79":{"start":{"line":122,"column":12},"end":{"line":130,"column":13}},"80":{"start":{"line":123,"column":16},"end":{"line":126,"column":17}},"81":{"start":{"line":124,"column":20},"end":{"line":124,"column":54}},"82":{"start":{"line":125,"column":20},"end":{"line":125,"column":37}},"83":{"start":{"line":127,"column":16},"end":{"line":129,"column":17}},"84":{"start":{"line":128,"column":20},"end":{"line":128,"column":65}},"85":{"start":{"line":132,"column":8},"end":{"line":134,"column":9}},"86":{"start":{"line":133,"column":12},"end":{"line":133,"column":47}},"87":{"start":{"line":135,"column":8},"end":{"line":135,"column":20}},"88":{"start":{"line":137,"column":4},"end":{"line":137,"column":27}},"89":{"start":{"line":138,"column":4},"end":{"line":138,"column":25}},"90":{"start":{"line":141,"column":31},"end":{"line":141,"column":33}},"91":{"start":{"line":143,"column":29},"end":{"line":143,"column":31}},"92":{"start":{"line":144,"column":8},"end":{"line":171,"column":9}},"93":{"start":{"line":145,"column":12},"end":{"line":147,"column":13}},"94":{"start":{"line":146,"column":16},"end":{"line":146,"column":60}},"95":{"start":{"line":149,"column":13},"end":{"line":171,"column":9}},"96":{"start":{"line":150,"column":12},"end":{"line":160,"column":13}},"97":{"start":{"line":151,"column":16},"end":{"line":159,"column":17}},"98":{"start":{"line":152,"column":20},"end":{"line":152,"column":47}},"99":{"start":{"line":153,"column":20},"end":{"line":153,"column":37}},"100":{"start":{"line":154,"column":23},"end":{"line":159,"column":17}},"101":{"start":{"line":155,"column":20},"end":{"line":155,"column":81}},"102":{"start":{"line":156,"column":20},"end":{"line":156,"column":37}},"103":{"start":{"line":158,"column":20},"end":{"line":158,"column":41}},"104":{"start":{"line":161,"column":15},"end":{"line":171,"column":9}},"105":{"start":{"line":162,"column":12},"end":{"line":170,"column":13}},"106":{"start":{"line":163,"column":16},"end":{"line":166,"column":17}},"107":{"start":{"line":164,"column":20},"end":{"line":164,"column":54}},"108":{"start":{"line":165,"column":20},"end":{"line":165,"column":37}},"109":{"start":{"line":167,"column":16},"end":{"line":169,"column":17}},"110":{"start":{"line":168,"column":20},"end":{"line":168,"column":65}},"111":{"start":{"line":172,"column":8},"end":{"line":174,"column":9}},"112":{"start":{"line":173,"column":12},"end":{"line":173,"column":47}},"113":{"start":{"line":175,"column":8},"end":{"line":175,"column":20}},"114":{"start":{"line":177,"column":4},"end":{"line":177,"column":27}},"115":{"start":{"line":178,"column":4},"end":{"line":178,"column":25}},"116":{"start":{"line":182,"column":25},"end":{"line":182,"column":58}},"117":{"start":{"line":183,"column":4},"end":{"line":192,"column":5}},"118":{"start":{"line":184,"column":22},"end":{"line":184,"column":50}},"119":{"start":{"line":185,"column":8},"end":{"line":185,"column":29}},"120":{"start":{"line":185,"column":20},"end":{"line":185,"column":29}},"121":{"start":{"line":186,"column":8},"end":{"line":191,"column":9}},"122":{"start":{"line":187,"column":12},"end":{"line":187,"column":43}},"123":{"start":{"line":188,"column":12},"end":{"line":190,"column":13}},"124":{"start":{"line":189,"column":16},"end":{"line":189,"column":38}},"125":{"start":{"line":193,"column":4},"end":{"line":193,"column":41}},"126":{"start":{"line":196,"column":17},"end":{"line":196,"column":19}},"127":{"start":{"line":197,"column":14},"end":{"line":197,"column":35}},"128":{"start":{"line":198,"column":17},"end":{"line":198,"column":30}},"129":{"start":{"line":199,"column":4},"end":{"line":199,"column":25}},"130":{"start":{"line":199,"column":15},"end":{"line":199,"column":25}},"131":{"start":{"line":200,"column":4},"end":{"line":204,"column":5}},"132":{"start":{"line":201,"column":8},"end":{"line":203,"column":9}},"133":{"start":{"line":202,"column":12},"end":{"line":202,"column":35}},"134":{"start":{"line":205,"column":4},"end":{"line":205,"column":16}},"135":{"start":{"line":208,"column":14},"end":{"line":208,"column":35}},"136":{"start":{"line":209,"column":4},"end":{"line":209,"column":31}},"137":{"start":{"line":209,"column":24},"end":{"line":209,"column":31}},"138":{"start":{"line":210,"column":4},"end":{"line":210,"column":23}},"139":{"start":{"line":211,"column":4},"end":{"line":211,"column":39}},"140":{"start":{"line":211,"column":25},"end":{"line":211,"column":39}}},"fnMap":{"0":{"name":"isEmpty","decl":{"start":{"line":13,"column":9},"end":{"line":13,"column":16}},"loc":{"start":{"line":13,"column":25},"end":{"line":18,"column":1}}},"1":{"name":"shiftDependenciesUp","decl":{"start":{"line":20,"column":16},"end":{"line":20,"column":35}},"loc":{"start":{"line":20,"column":49},"end":{"line":62,"column":1}}},"2":{"name":"helper","decl":{"start":{"line":22,"column":13},"end":{"line":22,"column":19}},"loc":{"start":{"line":22,"column":58},"end":{"line":59,"column":5}}},"3":{"name":"shiftDependenciesDown","decl":{"start":{"line":63,"column":16},"end":{"line":63,"column":37}},"loc":{"start":{"line":63,"column":51},"end":{"line":102,"column":1}}},"4":{"name":"helper","decl":{"start":{"line":65,"column":13},"end":{"line":65,"column":19}},"loc":{"start":{"line":65,"column":55},"end":{"line":99,"column":5}}},"5":{"name":"shiftDependenciesRight","decl":{"start":{"line":103,"column":16},"end":{"line":103,"column":38}},"loc":{"start":{"line":103,"column":52},"end":{"line":139,"column":1}}},"6":{"name":"helper","decl":{"start":{"line":105,"column":13},"end":{"line":105,"column":19}},"loc":{"start":{"line":105,"column":68},"end":{"line":136,"column":5}}},"7":{"name":"shiftDependenciesLeft","decl":{"start":{"line":140,"column":16},"end":{"line":140,"column":37}},"loc":{"start":{"line":140,"column":51},"end":{"line":179,"column":1}}},"8":{"name":"helper","decl":{"start":{"line":142,"column":13},"end":{"line":142,"column":19}},"loc":{"start":{"line":142,"column":68},"end":{"line":176,"column":5}}},"9":{"name":"removeDependents","decl":{"start":{"line":181,"column":16},"end":{"line":181,"column":32}},"loc":{"start":{"line":181,"column":58},"end":{"line":194,"column":1}}},"10":{"name":"getDependencies","decl":{"start":{"line":195,"column":16},"end":{"line":195,"column":31}},"loc":{"start":{"line":195,"column":55},"end":{"line":206,"column":1}}},"11":{"name":"removeDependencies","decl":{"start":{"line":207,"column":16},"end":{"line":207,"column":34}},"loc":{"start":{"line":207,"column":51},"end":{"line":212,"column":1}}}},"branchMap":{"0":{"loc":{"start":{"line":15,"column":8},"end":{"line":15,"column":48}},"type":"if","locations":[{"start":{"line":15,"column":8},"end":{"line":15,"column":48}}]},"1":{"loc":{"start":{"line":22,"column":31},"end":{"line":22,"column":40}},"type":"default-arg","locations":[{"start":{"line":22,"column":39},"end":{"line":22,"column":40}}]},"2":{"loc":{"start":{"line":22,"column":42},"end":{"line":22,"column":58}},"type":"default-arg","locations":[{"start":{"line":22,"column":53},"end":{"line":22,"column":58}}]},"3":{"loc":{"start":{"line":24,"column":8},"end":{"line":54,"column":9}},"type":"if","locations":[{"start":{"line":24,"column":8},"end":{"line":54,"column":9}},{"start":{"line":38,"column":15},"end":{"line":54,"column":9}}]},"4":{"loc":{"start":{"line":27,"column":16},"end":{"line":30,"column":17}},"type":"if","locations":[{"start":{"line":27,"column":16},"end":{"line":30,"column":17}}]},"5":{"loc":{"start":{"line":31,"column":16},"end":{"line":36,"column":17}},"type":"if","locations":[{"start":{"line":31,"column":16},"end":{"line":36,"column":17}}]},"6":{"loc":{"start":{"line":38,"column":15},"end":{"line":54,"column":9}},"type":"if","locations":[{"start":{"line":38,"column":15},"end":{"line":54,"column":9}},{"start":{"line":50,"column":15},"end":{"line":54,"column":9}}]},"7":{"loc":{"start":{"line":40,"column":16},"end":{"line":48,"column":17}},"type":"if","locations":[{"start":{"line":40,"column":16},"end":{"line":48,"column":17}},{"start":{"line":43,"column":23},"end":{"line":48,"column":17}}]},"8":{"loc":{"start":{"line":43,"column":23},"end":{"line":48,"column":17}},"type":"if","locations":[{"start":{"line":43,"column":23},"end":{"line":48,"column":17}},{"start":{"line":46,"column":23},"end":{"line":48,"column":17}}]},"9":{"loc":{"start":{"line":50,"column":15},"end":{"line":54,"column":9}},"type":"if","locations":[{"start":{"line":50,"column":15},"end":{"line":54,"column":9}}]},"10":{"loc":{"start":{"line":65,"column":31},"end":{"line":65,"column":40}},"type":"default-arg","locations":[{"start":{"line":65,"column":39},"end":{"line":65,"column":40}}]},"11":{"loc":{"start":{"line":65,"column":41},"end":{"line":65,"column":55}},"type":"default-arg","locations":[{"start":{"line":65,"column":50},"end":{"line":65,"column":55}}]},"12":{"loc":{"start":{"line":67,"column":8},"end":{"line":94,"column":9}},"type":"if","locations":[{"start":{"line":67,"column":8},"end":{"line":94,"column":9}},{"start":{"line":81,"column":15},"end":{"line":94,"column":9}}]},"13":{"loc":{"start":{"line":70,"column":16},"end":{"line":73,"column":17}},"type":"if","locations":[{"start":{"line":70,"column":16},"end":{"line":73,"column":17}}]},"14":{"loc":{"start":{"line":74,"column":16},"end":{"line":79,"column":17}},"type":"if","locations":[{"start":{"line":74,"column":16},"end":{"line":79,"column":17}}]},"15":{"loc":{"start":{"line":81,"column":15},"end":{"line":94,"column":9}},"type":"if","locations":[{"start":{"line":81,"column":15},"end":{"line":94,"column":9}},{"start":{"line":90,"column":15},"end":{"line":94,"column":9}}]},"16":{"loc":{"start":{"line":83,"column":16},"end":{"line":88,"column":17}},"type":"if","locations":[{"start":{"line":83,"column":16},"end":{"line":88,"column":17}},{"start":{"line":86,"column":23},"end":{"line":88,"column":17}}]},"17":{"loc":{"start":{"line":90,"column":15},"end":{"line":94,"column":9}},"type":"if","locations":[{"start":{"line":90,"column":15},"end":{"line":94,"column":9}}]},"18":{"loc":{"start":{"line":105,"column":31},"end":{"line":105,"column":40}},"type":"default-arg","locations":[{"start":{"line":105,"column":39},"end":{"line":105,"column":40}}]},"19":{"loc":{"start":{"line":107,"column":8},"end":{"line":131,"column":9}},"type":"if","locations":[{"start":{"line":107,"column":8},"end":{"line":131,"column":9}},{"start":{"line":112,"column":13},"end":{"line":131,"column":9}}]},"20":{"loc":{"start":{"line":107,"column":12},"end":{"line":107,"column":38}},"type":"binary-expr","locations":[{"start":{"line":107,"column":12},"end":{"line":107,"column":23}},{"start":{"line":107,"column":27},"end":{"line":107,"column":38}}]},"21":{"loc":{"start":{"line":112,"column":13},"end":{"line":131,"column":9}},"type":"if","locations":[{"start":{"line":112,"column":13},"end":{"line":131,"column":9}},{"start":{"line":121,"column":15},"end":{"line":131,"column":9}}]},"22":{"loc":{"start":{"line":114,"column":16},"end":{"line":119,"column":17}},"type":"if","locations":[{"start":{"line":114,"column":16},"end":{"line":119,"column":17}},{"start":{"line":117,"column":23},"end":{"line":119,"column":17}}]},"23":{"loc":{"start":{"line":121,"column":15},"end":{"line":131,"column":9}},"type":"if","locations":[{"start":{"line":121,"column":15},"end":{"line":131,"column":9}}]},"24":{"loc":{"start":{"line":123,"column":16},"end":{"line":126,"column":17}},"type":"if","locations":[{"start":{"line":123,"column":16},"end":{"line":126,"column":17}}]},"25":{"loc":{"start":{"line":127,"column":16},"end":{"line":129,"column":17}},"type":"if","locations":[{"start":{"line":127,"column":16},"end":{"line":129,"column":17}}]},"26":{"loc":{"start":{"line":142,"column":31},"end":{"line":142,"column":40}},"type":"default-arg","locations":[{"start":{"line":142,"column":39},"end":{"line":142,"column":40}}]},"27":{"loc":{"start":{"line":144,"column":8},"end":{"line":171,"column":9}},"type":"if","locations":[{"start":{"line":144,"column":8},"end":{"line":171,"column":9}},{"start":{"line":149,"column":13},"end":{"line":171,"column":9}}]},"28":{"loc":{"start":{"line":144,"column":12},"end":{"line":144,"column":38}},"type":"binary-expr","locations":[{"start":{"line":144,"column":12},"end":{"line":144,"column":23}},{"start":{"line":144,"column":27},"end":{"line":144,"column":38}}]},"29":{"loc":{"start":{"line":149,"column":13},"end":{"line":171,"column":9}},"type":"if","locations":[{"start":{"line":149,"column":13},"end":{"line":171,"column":9}},{"start":{"line":161,"column":15},"end":{"line":171,"column":9}}]},"30":{"loc":{"start":{"line":151,"column":16},"end":{"line":159,"column":17}},"type":"if","locations":[{"start":{"line":151,"column":16},"end":{"line":159,"column":17}},{"start":{"line":154,"column":23},"end":{"line":159,"column":17}}]},"31":{"loc":{"start":{"line":154,"column":23},"end":{"line":159,"column":17}},"type":"if","locations":[{"start":{"line":154,"column":23},"end":{"line":159,"column":17}},{"start":{"line":157,"column":23},"end":{"line":159,"column":17}}]},"32":{"loc":{"start":{"line":161,"column":15},"end":{"line":171,"column":9}},"type":"if","locations":[{"start":{"line":161,"column":15},"end":{"line":171,"column":9}}]},"33":{"loc":{"start":{"line":163,"column":16},"end":{"line":166,"column":17}},"type":"if","locations":[{"start":{"line":163,"column":16},"end":{"line":166,"column":17}}]},"34":{"loc":{"start":{"line":167,"column":16},"end":{"line":169,"column":17}},"type":"if","locations":[{"start":{"line":167,"column":16},"end":{"line":169,"column":17}}]},"35":{"loc":{"start":{"line":184,"column":22},"end":{"line":184,"column":50}},"type":"cond-expr","locations":[{"start":{"line":184,"column":42},"end":{"line":184,"column":45}},{"start":{"line":184,"column":42},"end":{"line":184,"column":50}}]},"36":{"loc":{"start":{"line":184,"column":22},"end":{"line":184,"column":45}},"type":"binary-expr","locations":[{"start":{"line":184,"column":22},"end":{"line":184,"column":45}},{"start":{"line":184,"column":42},"end":{"line":184,"column":45}}]},"37":{"loc":{"start":{"line":185,"column":8},"end":{"line":185,"column":29}},"type":"if","locations":[{"start":{"line":185,"column":8},"end":{"line":185,"column":29}}]},"38":{"loc":{"start":{"line":186,"column":8},"end":{"line":191,"column":9}},"type":"if","locations":[{"start":{"line":186,"column":8},"end":{"line":191,"column":9}}]},"39":{"loc":{"start":{"line":186,"column":12},"end":{"line":186,"column":37}},"type":"cond-expr","locations":[{"start":{"line":186,"column":26},"end":{"line":186,"column":29}},{"start":{"line":186,"column":26},"end":{"line":186,"column":37}}]},"40":{"loc":{"start":{"line":186,"column":12},"end":{"line":186,"column":29}},"type":"binary-expr","locations":[{"start":{"line":186,"column":12},"end":{"line":186,"column":29}},{"start":{"line":186,"column":26},"end":{"line":186,"column":29}}]},"41":{"loc":{"start":{"line":188,"column":12},"end":{"line":190,"column":13}},"type":"if","locations":[{"start":{"line":188,"column":12},"end":{"line":190,"column":13}}]},"42":{"loc":{"start":{"line":198,"column":17},"end":{"line":198,"column":30}},"type":"cond-expr","locations":[{"start":{"line":198,"column":23},"end":{"line":198,"column":26}},{"start":{"line":198,"column":23},"end":{"line":198,"column":30}}]},"43":{"loc":{"start":{"line":198,"column":17},"end":{"line":198,"column":26}},"type":"binary-expr","locations":[{"start":{"line":198,"column":17},"end":{"line":198,"column":26}},{"start":{"line":198,"column":23},"end":{"line":198,"column":26}}]},"44":{"loc":{"start":{"line":199,"column":4},"end":{"line":199,"column":25}},"type":"if","locations":[{"start":{"line":199,"column":4},"end":{"line":199,"column":25}}]},"45":{"loc":{"start":{"line":209,"column":4},"end":{"line":209,"column":31}},"type":"if","locations":[{"start":{"line":209,"column":4},"end":{"line":209,"column":31}}]},"46":{"loc":{"start":{"line":209,"column":9},"end":{"line":209,"column":22}},"type":"cond-expr","locations":[{"start":{"line":209,"column":15},"end":{"line":209,"column":18}},{"start":{"line":209,"column":15},"end":{"line":209,"column":22}}]},"47":{"loc":{"start":{"line":209,"column":9},"end":{"line":209,"column":18}},"type":"binary-expr","locations":[{"start":{"line":209,"column":9},"end":{"line":209,"column":18}},{"start":{"line":209,"column":15},"end":{"line":209,"column":18}}]},"48":{"loc":{"start":{"line":211,"column":4},"end":{"line":211,"column":39}},"type":"if","locations":[{"start":{"line":211,"column":4},"end":{"line":211,"column":39}}]}},"s":{"0":1,"1":1,"2":1,"3":1,"4":1,"5":1,"6":1,"7":1,"8":1,"9":1,"10":0,"11":0,"12":0,"13":0,"14":0,"15":0,"16":0,"17":0,"18":0,"19":0,"20":0,"21":0,"22":0,"23":0,"24":0,"25":0,"26":0,"27":0,"28":0,"29":0,"30":0,"31":0,"32":0,"33":0,"34":0,"35":0,"36":0,"37":0,"38":0,"39":0,"40":0,"41":0,"42":0,"43":0,"44":0,"45":0,"46":0,"47":0,"48":0,"49":0,"50":0,"51":0,"52":0,"53":0,"54":0,"55":0,"56":0,"57":0,"58":0,"59":0,"60":0,"61":0,"62":0,"63":0,"64":0,"65":0,"66":0,"67":0,"68":0,"69":0,"70":0,"71":0,"72":0,"73":0,"74":0,"75":0,"76":0,"77":0,"78":0,"79":0,"80":0,"81":0,"82":0,"83":0,"84":0,"85":0,"86":0,"87":0,"88":0,"89":0,"90":0,"91":0,"92":0,"93":0,"94":0,"95":0,"96":0,"97":0,"98":0,"99":0,"100":0,"101":0,"102":0,"103":0,"104":0,"105":0,"106":0,"107":0,"108":0,"109":0,"110":0,"111":0,"112":0,"113":0,"114":0,"115":0,"116":0,"117":0,"118":0,"119":0,"120":0,"121":0,"122":0,"123":0,"124":0,"125":0,"126":0,"127":0,"128":0,"129":0,"130":0,"131":0,"132":0,"133":0,"134":0,"135":0,"136":0,"137":0,"138":0,"139":0,"140":0},"f":{"0":0,"1":0,"2":0,"3":0,"4":0,"5":0,"6":0,"7":0,"8":0,"9":0,"10":0,"11":0},"b":{"0":[0],"1":[0],"2":[0],"3":[0,0],"4":[0],"5":[0],"6":[0,0],"7":[0,0],"8":[0,0],"9":[0],"10":[0],"11":[0],"12":[0,0],"13":[0],"14":[0],"15":[0,0],"16":[0,0],"17":[0],"18":[0],"19":[0,0],"20":[0,0],"21":[0,0],"22":[0,0],"23":[0],"24":[0],"25":[0],"26":[0],"27":[0,0],"28":[0,0],"29":[0,0],"30":[0,0],"31":[0,0],"32":[0],"33":[0],"34":[0],"35":[0,0],"36":[0,0],"37":[0],"38":[0],"39":[0,0],"40":[0,0],"41":[0],"42":[0,0],"43":[0,0],"44":[0],"45":[0],"46":[0,0],"47":[0,0],"48":[0]}}
,"/Users/scott/Documents/projects/GigaSpreadsheet/src/packages/drawer.ts": {"path":"/Users/scott/Documents/projects/GigaSpreadsheet/src/packages/drawer.ts","statementMap":{"0":{"start":{"line":1,"column":0},"end":{"line":1,"column":24}},"1":{"start":{"line":2,"column":4},"end":{"line":4,"column":5}},"2":{"start":{"line":3,"column":8},"end":{"line":3,"column":15}},"3":{"start":{"line":7,"column":8},"end":{"line":7,"column":38}},"4":{"start":{"line":8,"column":15},"end":{"line":8,"column":44}},"5":{"start":{"line":9,"column":4},"end":{"line":9,"column":39}},"6":{"start":{"line":10,"column":4},"end":{"line":10,"column":40}},"7":{"start":{"line":12,"column":4},"end":{"line":12,"column":26}},"8":{"start":{"line":14,"column":4},"end":{"line":14,"column":34}},"9":{"start":{"line":15,"column":18},"end":{"line":15,"column":44}},"10":{"start":{"line":16,"column":4},"end":{"line":16,"column":66}},"11":{"start":{"line":17,"column":4},"end":{"line":17,"column":43}},"12":{"start":{"line":18,"column":4},"end":{"line":28,"column":null}},"13":{"start":{"line":19,"column":27},"end":{"line":25,"column":9}},"14":{"start":{"line":20,"column":12},"end":{"line":24,"column":13}},"15":{"start":{"line":22,"column":16},"end":{"line":22,"column":28}},"16":{"start":{"line":23,"column":16},"end":{"line":23,"column":66}},"17":{"start":{"line":26,"column":8},"end":{"line":26,"column":55}},"18":{"start":{"line":29,"column":4},"end":{"line":33,"column":null}},"19":{"start":{"line":30,"column":8},"end":{"line":32,"column":9}},"20":{"start":{"line":31,"column":12},"end":{"line":31,"column":42}}},"fnMap":{"0":{"name":"drawer","decl":{"start":{"line":1,"column":24},"end":{"line":1,"column":30}},"loc":{"start":{"line":1,"column":86},"end":{"line":34,"column":1}}},"1":{"name":"(anonymous_1)","decl":{"start":{"line":18,"column":15},"end":{"line":18,"column":18}},"loc":{"start":{"line":18,"column":20},"end":{"line":28,"column":5}}},"2":{"name":"(anonymous_2)","decl":{"start":{"line":19,"column":27},"end":{"line":19,"column":28}},"loc":{"start":{"line":19,"column":37},"end":{"line":25,"column":9}}},"3":{"name":"(anonymous_3)","decl":{"start":{"line":29,"column":21},"end":{"line":29,"column":24}},"loc":{"start":{"line":29,"column":26},"end":{"line":33,"column":5}}}},"branchMap":{"0":{"loc":{"start":{"line":1,"column":64},"end":{"line":1,"column":86}},"type":"default-arg","locations":[{"start":{"line":1,"column":83},"end":{"line":1,"column":86}}]},"1":{"loc":{"start":{"line":2,"column":4},"end":{"line":4,"column":5}},"type":"if","locations":[{"start":{"line":2,"column":4},"end":{"line":4,"column":5}}]},"2":{"loc":{"start":{"line":20,"column":12},"end":{"line":24,"column":13}},"type":"if","locations":[{"start":{"line":20,"column":12},"end":{"line":24,"column":13}}]},"3":{"loc":{"start":{"line":30,"column":8},"end":{"line":32,"column":9}},"type":"if","locations":[{"start":{"line":30,"column":8},"end":{"line":32,"column":9}}]}},"s":{"0":0,"1":0,"2":0,"3":0,"4":0,"5":0,"6":0,"7":0,"8":0,"9":0,"10":0,"11":0,"12":0,"13":0,"14":0,"15":0,"16":0,"17":0,"18":0,"19":0,"20":0},"f":{"0":0,"1":0,"2":0,"3":0},"b":{"0":[0],"1":[0],"2":[0],"3":[0]}}
,"/Users/scott/Documents/projects/GigaSpreadsheet/src/packages/expressionparser.ts": {"path":"/Users/scott/Documents/projects/GigaSpreadsheet/src/packages/expressionparser.ts","statementMap":{"0":{"start":{"line":2,"column":0},"end":{"line":2,"column":87}},"1":{"start":{"line":8,"column":8},"end":{"line":8,"column":25}},"2":{"start":{"line":14,"column":19},"end":{"line":14,"column":28}},"3":{"start":{"line":14,"column":35},"end":{"line":14,"column":44}},"4":{"start":{"line":15,"column":19},"end":{"line":15,"column":28}},"5":{"start":{"line":15,"column":35},"end":{"line":15,"column":44}},"6":{"start":{"line":16,"column":8},"end":{"line":16,"column":57}},"7":{"start":{"line":16,"column":33},"end":{"line":16,"column":57}},"8":{"start":{"line":17,"column":8},"end":{"line":17,"column":65}},"9":{"start":{"line":17,"column":37},"end":{"line":17,"column":65}},"10":{"start":{"line":18,"column":8},"end":{"line":18,"column":73}},"11":{"start":{"line":18,"column":41},"end":{"line":18,"column":73}},"12":{"start":{"line":19,"column":8},"end":{"line":19,"column":46}},"13":{"start":{"line":21,"column":8},"end":{"line":21,"column":71}},"14":{"start":{"line":21,"column":40},"end":{"line":21,"column":71}},"15":{"start":{"line":22,"column":8},"end":{"line":22,"column":79}},"16":{"start":{"line":22,"column":44},"end":{"line":22,"column":79}},"17":{"start":{"line":23,"column":8},"end":{"line":23,"column":87}},"18":{"start":{"line":23,"column":48},"end":{"line":23,"column":87}},"19":{"start":{"line":24,"column":8},"end":{"line":24,"column":53}},"20":{"start":{"line":30,"column":8},"end":{"line":32,"column":9}},"21":{"start":{"line":31,"column":12},"end":{"line":31,"column":45}},"22":{"start":{"line":34,"column":23},"end":{"line":34,"column":25}},"23":{"start":{"line":35,"column":22},"end":{"line":35,"column":71}},"24":{"start":{"line":37,"column":8},"end":{"line":39,"column":9}},"25":{"start":{"line":38,"column":12},"end":{"line":38,"column":34}},"26":{"start":{"line":40,"column":8},"end":{"line":40,"column":22}},"27":{"start":{"line":45,"column":8},"end":{"line":47,"column":9}},"28":{"start":{"line":46,"column":12},"end":{"line":46,"column":45}},"29":{"start":{"line":57,"column":20},"end":{"line":57,"column":87}},"30":{"start":{"line":58,"column":23},"end":{"line":58,"column":25}},"31":{"start":{"line":59,"column":18},"end":{"line":59,"column":19}},"32":{"start":{"line":60,"column":8},"end":{"line":65,"column":11}},"33":{"start":{"line":61,"column":12},"end":{"line":63,"column":13}},"34":{"start":{"line":62,"column":16},"end":{"line":62,"column":53}},"35":{"start":{"line":64,"column":12},"end":{"line":64,"column":33}},"36":{"start":{"line":66,"column":8},"end":{"line":66,"column":22}},"37":{"start":{"line":71,"column":20},"end":{"line":71,"column":21}},"38":{"start":{"line":73,"column":37},"end":{"line":82,"column":9}},"39":{"start":{"line":74,"column":23},"end":{"line":74,"column":34}},"40":{"start":{"line":75,"column":12},"end":{"line":80,"column":13}},"41":{"start":{"line":76,"column":33},"end":{"line":76,"column":46}},"42":{"start":{"line":77,"column":16},"end":{"line":77,"column":24}},"43":{"start":{"line":78,"column":30},"end":{"line":78,"column":41}},"44":{"start":{"line":79,"column":16},"end":{"line":79,"column":75}},"45":{"start":{"line":81,"column":12},"end":{"line":81,"column":24}},"46":{"start":{"line":84,"column":26},"end":{"line":93,"column":9}},"47":{"start":{"line":85,"column":23},"end":{"line":85,"column":36}},"48":{"start":{"line":86,"column":12},"end":{"line":91,"column":13}},"49":{"start":{"line":87,"column":33},"end":{"line":87,"column":46}},"50":{"start":{"line":88,"column":16},"end":{"line":88,"column":24}},"51":{"start":{"line":89,"column":30},"end":{"line":89,"column":43}},"52":{"start":{"line":90,"column":16},"end":{"line":90,"column":75}},"53":{"start":{"line":92,"column":12},"end":{"line":92,"column":24}},"54":{"start":{"line":95,"column":28},"end":{"line":118,"column":9}},"55":{"start":{"line":96,"column":12},"end":{"line":117,"column":13}},"56":{"start":{"line":97,"column":16},"end":{"line":97,"column":24}},"57":{"start":{"line":98,"column":29},"end":{"line":98,"column":46}},"58":{"start":{"line":99,"column":16},"end":{"line":101,"column":17}},"59":{"start":{"line":100,"column":20},"end":{"line":100,"column":68}},"60":{"start":{"line":102,"column":16},"end":{"line":102,"column":24}},"61":{"start":{"line":103,"column":16},"end":{"line":103,"column":28}},"62":{"start":{"line":104,"column":19},"end":{"line":117,"column":13}},"63":{"start":{"line":105,"column":16},"end":{"line":105,"column":78}},"64":{"start":{"line":106,"column":19},"end":{"line":117,"column":13}},"65":{"start":{"line":107,"column":16},"end":{"line":107,"column":74}},"66":{"start":{"line":108,"column":19},"end":{"line":117,"column":13}},"67":{"start":{"line":109,"column":16},"end":{"line":111,"column":17}},"68":{"start":{"line":110,"column":20},"end":{"line":110,"column":119}},"69":{"start":{"line":112,"column":16},"end":{"line":112,"column":73}},"70":{"start":{"line":113,"column":19},"end":{"line":117,"column":13}},"71":{"start":{"line":114,"column":16},"end":{"line":114,"column":91}},"72":{"start":{"line":116,"column":16},"end":{"line":116,"column":70}},"73":{"start":{"line":120,"column":31},"end":{"line":133,"column":9}},"74":{"start":{"line":121,"column":25},"end":{"line":121,"column":27}},"75":{"start":{"line":122,"column":12},"end":{"line":131,"column":13}},"76":{"start":{"line":123,"column":16},"end":{"line":123,"column":24}},"77":{"start":{"line":124,"column":16},"end":{"line":129,"column":17}},"78":{"start":{"line":125,"column":20},"end":{"line":125,"column":49}},"79":{"start":{"line":126,"column":20},"end":{"line":128,"column":21}},"80":{"start":{"line":127,"column":24},"end":{"line":127,"column":32}},"81":{"start":{"line":130,"column":16},"end":{"line":130,"column":24}},"82":{"start":{"line":132,"column":12},"end":{"line":132,"column":24}},"83":{"start":{"line":135,"column":8},"end":{"line":135,"column":33}},"84":{"start":{"line":144,"column":8},"end":{"line":172,"column":9}},"85":{"start":{"line":146,"column":16},"end":{"line":146,"column":33}},"86":{"start":{"line":148,"column":16},"end":{"line":151,"column":17}},"87":{"start":{"line":149,"column":41},"end":{"line":149,"column":75}},"88":{"start":{"line":150,"column":20},"end":{"line":150,"column":59}},"89":{"start":{"line":152,"column":16},"end":{"line":152,"column":52}},"90":{"start":{"line":154,"column":16},"end":{"line":164,"column":17}},"91":{"start":{"line":155,"column":49},"end":{"line":155,"column":69}},"92":{"start":{"line":156,"column":34},"end":{"line":156,"column":68}},"93":{"start":{"line":157,"column":32},"end":{"line":157,"column":64}},"94":{"start":{"line":159,"column":20},"end":{"line":163,"column":21}},"95":{"start":{"line":159,"column":35},"end":{"line":159,"column":44}},"96":{"start":{"line":160,"column":24},"end":{"line":162,"column":25}},"97":{"start":{"line":160,"column":39},"end":{"line":160,"column":48}},"98":{"start":{"line":161,"column":28},"end":{"line":161,"column":67}},"99":{"start":{"line":165,"column":16},"end":{"line":165,"column":54}},"100":{"start":{"line":167,"column":16},"end":{"line":167,"column":66}},"101":{"start":{"line":169,"column":16},"end":{"line":169,"column":58}},"102":{"start":{"line":171,"column":16},"end":{"line":171,"column":70}},"103":{"start":{"line":177,"column":21},"end":{"line":177,"column":52}},"104":{"start":{"line":178,"column":22},"end":{"line":178,"column":54}},"105":{"start":{"line":179,"column":8},"end":{"line":192,"column":9}},"106":{"start":{"line":181,"column":16},"end":{"line":181,"column":36}},"107":{"start":{"line":183,"column":16},"end":{"line":183,"column":36}},"108":{"start":{"line":185,"column":16},"end":{"line":185,"column":36}},"109":{"start":{"line":187,"column":16},"end":{"line":187,"column":36}},"110":{"start":{"line":189,"column":16},"end":{"line":189,"column":45}},"111":{"start":{"line":191,"column":16},"end":{"line":191,"column":69}},"112":{"start":{"line":197,"column":21},"end":{"line":197,"column":66}},"113":{"start":{"line":197,"column":47},"end":{"line":197,"column":65}},"114":{"start":{"line":198,"column":8},"end":{"line":220,"column":9}},"115":{"start":{"line":200,"column":16},"end":{"line":200,"column":84}},"116":{"start":{"line":200,"column":70},"end":{"line":200,"column":79}},"117":{"start":{"line":202,"column":31},"end":{"line":202,"column":42}},"118":{"start":{"line":203,"column":16},"end":{"line":203,"column":95}},"119":{"start":{"line":203,"column":65},"end":{"line":203,"column":74}},"120":{"start":{"line":205,"column":16},"end":{"line":205,"column":31}},"121":{"start":{"line":207,"column":16},"end":{"line":207,"column":34}},"122":{"start":{"line":209,"column":16},"end":{"line":209,"column":26}},"123":{"start":{"line":224,"column":8},"end":{"line":224,"column":51}},"124":{"start":{"line":229,"column":29},"end":{"line":229,"column":61}},"125":{"start":{"line":231,"column":8},"end":{"line":236,"column":9}},"126":{"start":{"line":232,"column":12},"end":{"line":235,"column":13}},"127":{"start":{"line":233,"column":16},"end":{"line":233,"column":26}},"128":{"start":{"line":234,"column":16},"end":{"line":234,"column":70}},"129":{"start":{"line":237,"column":22},"end":{"line":237,"column":48}},"130":{"start":{"line":240,"column":8},"end":{"line":242,"column":9}},"131":{"start":{"line":241,"column":12},"end":{"line":241,"column":62}},"132":{"start":{"line":245,"column":8},"end":{"line":245,"column":74}},"133":{"start":{"line":250,"column":37},"end":{"line":250,"column":56}},"134":{"start":{"line":251,"column":22},"end":{"line":251,"column":56}},"135":{"start":{"line":252,"column":20},"end":{"line":252,"column":52}},"136":{"start":{"line":254,"column":23},"end":{"line":254,"column":25}},"137":{"start":{"line":255,"column":8},"end":{"line":272,"column":9}},"138":{"start":{"line":255,"column":23},"end":{"line":255,"column":32}},"139":{"start":{"line":256,"column":12},"end":{"line":271,"column":13}},"140":{"start":{"line":256,"column":27},"end":{"line":256,"column":36}},"141":{"start":{"line":258,"column":16},"end":{"line":262,"column":17}},"142":{"start":{"line":259,"column":20},"end":{"line":261,"column":21}},"143":{"start":{"line":260,"column":24},"end":{"line":260,"column":78}},"144":{"start":{"line":263,"column":30},"end":{"line":263,"column":56}},"145":{"start":{"line":266,"column":16},"end":{"line":270,"column":17}},"146":{"start":{"line":267,"column":20},"end":{"line":267,"column":75}},"147":{"start":{"line":269,"column":20},"end":{"line":269,"column":92}},"148":{"start":{"line":274,"column":8},"end":{"line":274,"column":22}},"149":{"start":{"line":279,"column":22},"end":{"line":279,"column":57}},"150":{"start":{"line":280,"column":8},"end":{"line":282,"column":9}},"151":{"start":{"line":281,"column":12},"end":{"line":281,"column":66}},"152":{"start":{"line":284,"column":26},"end":{"line":284,"column":34}},"153":{"start":{"line":285,"column":26},"end":{"line":285,"column":34}},"154":{"start":{"line":287,"column":20},"end":{"line":287,"column":131}},"155":{"start":{"line":287,"column":73},"end":{"line":287,"column":123}},"156":{"start":{"line":288,"column":20},"end":{"line":288,"column":47}},"157":{"start":{"line":290,"column":8},"end":{"line":290,"column":28}},"158":{"start":{"line":294,"column":22},"end":{"line":294,"column":57}},"159":{"start":{"line":295,"column":8},"end":{"line":297,"column":9}},"160":{"start":{"line":296,"column":12},"end":{"line":296,"column":66}},"161":{"start":{"line":299,"column":26},"end":{"line":299,"column":34}},"162":{"start":{"line":300,"column":26},"end":{"line":300,"column":34}},"163":{"start":{"line":302,"column":20},"end":{"line":302,"column":128}},"164":{"start":{"line":302,"column":70},"end":{"line":302,"column":120}},"165":{"start":{"line":303,"column":20},"end":{"line":303,"column":47}},"166":{"start":{"line":305,"column":8},"end":{"line":305,"column":28}},"167":{"start":{"line":309,"column":8},"end":{"line":312,"column":9}},"168":{"start":{"line":310,"column":27},"end":{"line":310,"column":52}},"169":{"start":{"line":311,"column":12},"end":{"line":311,"column":38}},"170":{"start":{"line":313,"column":8},"end":{"line":313,"column":20}},"171":{"start":{"line":318,"column":8},"end":{"line":320,"column":9}},"172":{"start":{"line":319,"column":12},"end":{"line":319,"column":30}},"173":{"start":{"line":323,"column":8},"end":{"line":327,"column":9}},"174":{"start":{"line":324,"column":27},"end":{"line":324,"column":52}},"175":{"start":{"line":325,"column":24},"end":{"line":325,"column":42}},"176":{"start":{"line":326,"column":12},"end":{"line":326,"column":46}},"177":{"start":{"line":330,"column":8},"end":{"line":330,"column":120}},"178":{"start":{"line":4,"column":0},"end":{"line":4,"column":21}}},"fnMap":{"0":{"name":"(anonymous_0)","decl":{"start":{"line":7,"column":4},"end":{"line":7,"column":16}},"loc":{"start":{"line":7,"column":25},"end":{"line":10,"column":5}}},"1":{"name":"(anonymous_1)","decl":{"start":{"line":13,"column":4},"end":{"line":13,"column":17}},"loc":{"start":{"line":13,"column":40},"end":{"line":25,"column":5}}},"2":{"name":"(anonymous_2)","decl":{"start":{"line":28,"column":4},"end":{"line":28,"column":12}},"loc":{"start":{"line":28,"column":31},"end":{"line":41,"column":5}}},"3":{"name":"(anonymous_3)","decl":{"start":{"line":43,"column":4},"end":{"line":43,"column":10}},"loc":{"start":{"line":43,"column":47},"end":{"line":67,"column":5}}},"4":{"name":"(anonymous_4)","decl":{"start":{"line":60,"column":20},"end":{"line":60,"column":21}},"loc":{"start":{"line":60,"column":28},"end":{"line":65,"column":9}}},"5":{"name":"(anonymous_5)","decl":{"start":{"line":70,"column":4},"end":{"line":70,"column":9}},"loc":{"start":{"line":70,"column":21},"end":{"line":136,"column":5}}},"6":{"name":"(anonymous_6)","decl":{"start":{"line":73,"column":37},"end":{"line":73,"column":40}},"loc":{"start":{"line":73,"column":42},"end":{"line":82,"column":9}}},"7":{"name":"(anonymous_7)","decl":{"start":{"line":84,"column":26},"end":{"line":84,"column":29}},"loc":{"start":{"line":84,"column":31},"end":{"line":93,"column":9}}},"8":{"name":"(anonymous_8)","decl":{"start":{"line":95,"column":28},"end":{"line":95,"column":31}},"loc":{"start":{"line":95,"column":33},"end":{"line":118,"column":9}}},"9":{"name":"(anonymous_9)","decl":{"start":{"line":120,"column":31},"end":{"line":120,"column":34}},"loc":{"start":{"line":120,"column":36},"end":{"line":133,"column":9}}},"10":{"name":"(anonymous_10)","decl":{"start":{"line":139,"column":4},"end":{"line":139,"column":12}},"loc":{"start":{"line":139,"column":33},"end":{"line":173,"column":5}}},"11":{"name":"(anonymous_11)","decl":{"start":{"line":176,"column":4},"end":{"line":176,"column":28}},"loc":{"start":{"line":176,"column":48},"end":{"line":193,"column":5}}},"12":{"name":"(anonymous_12)","decl":{"start":{"line":196,"column":4},"end":{"line":196,"column":20}},"loc":{"start":{"line":196,"column":40},"end":{"line":221,"column":5}}},"13":{"name":"(anonymous_13)","decl":{"start":{"line":197,"column":34},"end":{"line":197,"column":35}},"loc":{"start":{"line":197,"column":47},"end":{"line":197,"column":65}}},"14":{"name":"(anonymous_14)","decl":{"start":{"line":200,"column":42},"end":{"line":200,"column":43}},"loc":{"start":{"line":200,"column":70},"end":{"line":200,"column":79}}},"15":{"name":"(anonymous_15)","decl":{"start":{"line":203,"column":37},"end":{"line":203,"column":38}},"loc":{"start":{"line":203,"column":65},"end":{"line":203,"column":74}}},"16":{"name":"(anonymous_16)","decl":{"start":{"line":223,"column":4},"end":{"line":223,"column":15}},"loc":{"start":{"line":223,"column":38},"end":{"line":225,"column":5}}},"17":{"name":"(anonymous_17)","decl":{"start":{"line":228,"column":4},"end":{"line":228,"column":16}},"loc":{"start":{"line":228,"column":28},"end":{"line":246,"column":5}}},"18":{"name":"(anonymous_18)","decl":{"start":{"line":249,"column":4},"end":{"line":249,"column":18}},"loc":{"start":{"line":249,"column":31},"end":{"line":275,"column":5}}},"19":{"name":"(anonymous_19)","decl":{"start":{"line":278,"column":4},"end":{"line":278,"column":22}},"loc":{"start":{"line":278,"column":34},"end":{"line":291,"column":5}}},"20":{"name":"(anonymous_20)","decl":{"start":{"line":287,"column":47},"end":{"line":287,"column":48}},"loc":{"start":{"line":287,"column":73},"end":{"line":287,"column":123}}},"21":{"name":"(anonymous_21)","decl":{"start":{"line":293,"column":4},"end":{"line":293,"column":10}},"loc":{"start":{"line":293,"column":41},"end":{"line":306,"column":5}}},"22":{"name":"(anonymous_22)","decl":{"start":{"line":302,"column":47},"end":{"line":302,"column":48}},"loc":{"start":{"line":302,"column":70},"end":{"line":302,"column":120}}},"23":{"name":"(anonymous_23)","decl":{"start":{"line":308,"column":4},"end":{"line":308,"column":10}},"loc":{"start":{"line":308,"column":28},"end":{"line":314,"column":5}}},"24":{"name":"(anonymous_24)","decl":{"start":{"line":317,"column":4},"end":{"line":317,"column":22}},"loc":{"start":{"line":317,"column":49},"end":{"line":331,"column":5}}}},"branchMap":{"0":{"loc":{"start":{"line":16,"column":8},"end":{"line":16,"column":57}},"type":"if","locations":[{"start":{"line":16,"column":8},"end":{"line":16,"column":57}}]},"1":{"loc":{"start":{"line":17,"column":8},"end":{"line":17,"column":65}},"type":"if","locations":[{"start":{"line":17,"column":8},"end":{"line":17,"column":65}}]},"2":{"loc":{"start":{"line":18,"column":8},"end":{"line":18,"column":73}},"type":"if","locations":[{"start":{"line":18,"column":8},"end":{"line":18,"column":73}}]},"3":{"loc":{"start":{"line":21,"column":8},"end":{"line":21,"column":71}},"type":"if","locations":[{"start":{"line":21,"column":8},"end":{"line":21,"column":71}}]},"4":{"loc":{"start":{"line":22,"column":8},"end":{"line":22,"column":79}},"type":"if","locations":[{"start":{"line":22,"column":8},"end":{"line":22,"column":79}}]},"5":{"loc":{"start":{"line":23,"column":8},"end":{"line":23,"column":87}},"type":"if","locations":[{"start":{"line":23,"column":8},"end":{"line":23,"column":87}}]},"6":{"loc":{"start":{"line":30,"column":8},"end":{"line":32,"column":9}},"type":"if","locations":[{"start":{"line":30,"column":8},"end":{"line":32,"column":9}}]},"7":{"loc":{"start":{"line":45,"column":8},"end":{"line":47,"column":9}},"type":"if","locations":[{"start":{"line":45,"column":8},"end":{"line":47,"column":9}}]},"8":{"loc":{"start":{"line":61,"column":12},"end":{"line":63,"column":13}},"type":"if","locations":[{"start":{"line":61,"column":12},"end":{"line":63,"column":13}}]},"9":{"loc":{"start":{"line":75,"column":19},"end":{"line":75,"column":92}},"type":"binary-expr","locations":[{"start":{"line":75,"column":19},"end":{"line":75,"column":40}},{"start":{"line":75,"column":45},"end":{"line":75,"column":66}},{"start":{"line":75,"column":70},"end":{"line":75,"column":91}}]},"10":{"loc":{"start":{"line":86,"column":19},"end":{"line":86,"column":92}},"type":"binary-expr","locations":[{"start":{"line":86,"column":19},"end":{"line":86,"column":40}},{"start":{"line":86,"column":45},"end":{"line":86,"column":66}},{"start":{"line":86,"column":70},"end":{"line":86,"column":91}}]},"11":{"loc":{"start":{"line":96,"column":12},"end":{"line":117,"column":13}},"type":"if","locations":[{"start":{"line":96,"column":12},"end":{"line":117,"column":13}},{"start":{"line":104,"column":19},"end":{"line":117,"column":13}}]},"12":{"loc":{"start":{"line":99,"column":16},"end":{"line":101,"column":17}},"type":"if","locations":[{"start":{"line":99,"column":16},"end":{"line":101,"column":17}}]},"13":{"loc":{"start":{"line":104,"column":19},"end":{"line":117,"column":13}},"type":"if","locations":[{"start":{"line":104,"column":19},"end":{"line":117,"column":13}},{"start":{"line":106,"column":19},"end":{"line":117,"column":13}}]},"14":{"loc":{"start":{"line":106,"column":19},"end":{"line":117,"column":13}},"type":"if","locations":[{"start":{"line":106,"column":19},"end":{"line":117,"column":13}},{"start":{"line":108,"column":19},"end":{"line":117,"column":13}}]},"15":{"loc":{"start":{"line":108,"column":19},"end":{"line":117,"column":13}},"type":"if","locations":[{"start":{"line":108,"column":19},"end":{"line":117,"column":13}},{"start":{"line":113,"column":19},"end":{"line":117,"column":13}}]},"16":{"loc":{"start":{"line":109,"column":16},"end":{"line":111,"column":17}},"type":"if","locations":[{"start":{"line":109,"column":16},"end":{"line":111,"column":17}}]},"17":{"loc":{"start":{"line":113,"column":19},"end":{"line":117,"column":13}},"type":"if","locations":[{"start":{"line":113,"column":19},"end":{"line":117,"column":13}},{"start":{"line":115,"column":19},"end":{"line":117,"column":13}}]},"18":{"loc":{"start":{"line":122,"column":12},"end":{"line":131,"column":13}},"type":"if","locations":[{"start":{"line":122,"column":12},"end":{"line":131,"column":13}}]},"19":{"loc":{"start":{"line":126,"column":20},"end":{"line":128,"column":21}},"type":"if","locations":[{"start":{"line":126,"column":20},"end":{"line":128,"column":21}}]},"20":{"loc":{"start":{"line":144,"column":8},"end":{"line":172,"column":9}},"type":"switch","locations":[{"start":{"line":145,"column":12},"end":{"line":146,"column":33}},{"start":{"line":147,"column":12},"end":{"line":152,"column":52}},{"start":{"line":153,"column":12},"end":{"line":165,"column":54}},{"start":{"line":166,"column":12},"end":{"line":167,"column":66}},{"start":{"line":168,"column":12},"end":{"line":169,"column":58}},{"start":{"line":170,"column":12},"end":{"line":171,"column":70}}]},"21":{"loc":{"start":{"line":148,"column":16},"end":{"line":151,"column":17}},"type":"if","locations":[{"start":{"line":148,"column":16},"end":{"line":151,"column":17}}]},"22":{"loc":{"start":{"line":154,"column":16},"end":{"line":164,"column":17}},"type":"if","locations":[{"start":{"line":154,"column":16},"end":{"line":164,"column":17}}]},"23":{"loc":{"start":{"line":179,"column":8},"end":{"line":192,"column":9}},"type":"switch","locations":[{"start":{"line":180,"column":12},"end":{"line":181,"column":36}},{"start":{"line":182,"column":12},"end":{"line":183,"column":36}},{"start":{"line":184,"column":12},"end":{"line":185,"column":36}},{"start":{"line":186,"column":12},"end":{"line":187,"column":36}},{"start":{"line":188,"column":12},"end":{"line":189,"column":45}},{"start":{"line":190,"column":12},"end":{"line":191,"column":69}}]},"24":{"loc":{"start":{"line":198,"column":8},"end":{"line":220,"column":9}},"type":"switch","locations":[{"start":{"line":199,"column":12},"end":{"line":200,"column":84}},{"start":{"line":201,"column":12},"end":{"line":203,"column":95}},{"start":{"line":204,"column":12},"end":{"line":205,"column":31}},{"start":{"line":206,"column":12},"end":{"line":207,"column":34}},{"start":{"line":208,"column":12},"end":{"line":209,"column":26}}]},"25":{"loc":{"start":{"line":224,"column":15},"end":{"line":224,"column":50}},"type":"cond-expr","locations":[{"start":{"line":224,"column":44},"end":{"line":224,"column":48}},{"start":{"line":224,"column":48},"end":{"line":224,"column":50}}]},"26":{"loc":{"start":{"line":224,"column":15},"end":{"line":224,"column":48}},"type":"binary-expr","locations":[{"start":{"line":224,"column":15},"end":{"line":224,"column":48}},{"start":{"line":224,"column":44},"end":{"line":224,"column":48}}]},"27":{"loc":{"start":{"line":224,"column":15},"end":{"line":224,"column":44}},"type":"cond-expr","locations":[{"start":{"line":224,"column":38},"end":{"line":224,"column":40}},{"start":{"line":224,"column":38},"end":{"line":224,"column":44}}]},"28":{"loc":{"start":{"line":224,"column":15},"end":{"line":224,"column":40}},"type":"binary-expr","locations":[{"start":{"line":224,"column":15},"end":{"line":224,"column":40}},{"start":{"line":224,"column":38},"end":{"line":224,"column":40}}]},"29":{"loc":{"start":{"line":231,"column":8},"end":{"line":236,"column":9}},"type":"if","locations":[{"start":{"line":231,"column":8},"end":{"line":236,"column":9}}]},"30":{"loc":{"start":{"line":231,"column":12},"end":{"line":231,"column":71}},"type":"binary-expr","locations":[{"start":{"line":231,"column":12},"end":{"line":231,"column":40}},{"start":{"line":231,"column":44},"end":{"line":231,"column":71}}]},"31":{"loc":{"start":{"line":232,"column":12},"end":{"line":235,"column":13}},"type":"if","locations":[{"start":{"line":232,"column":12},"end":{"line":235,"column":13}}]},"32":{"loc":{"start":{"line":232,"column":16},"end":{"line":232,"column":91}},"type":"binary-expr","locations":[{"start":{"line":232,"column":16},"end":{"line":232,"column":23}},{"start":{"line":232,"column":27},"end":{"line":232,"column":52}},{"start":{"line":232,"column":56},"end":{"line":232,"column":63}},{"start":{"line":232,"column":67},"end":{"line":232,"column":91}}]},"33":{"loc":{"start":{"line":240,"column":8},"end":{"line":242,"column":9}},"type":"if","locations":[{"start":{"line":240,"column":8},"end":{"line":242,"column":9}}]},"34":{"loc":{"start":{"line":240,"column":12},"end":{"line":240,"column":62}},"type":"binary-expr","locations":[{"start":{"line":240,"column":12},"end":{"line":240,"column":37}},{"start":{"line":240,"column":41},"end":{"line":240,"column":62}}]},"35":{"loc":{"start":{"line":245,"column":15},"end":{"line":245,"column":73}},"type":"cond-expr","locations":[{"start":{"line":245,"column":43},"end":{"line":245,"column":48}},{"start":{"line":245,"column":51},"end":{"line":245,"column":73}}]},"36":{"loc":{"start":{"line":245,"column":51},"end":{"line":245,"column":73}},"type":"binary-expr","locations":[{"start":{"line":245,"column":51},"end":{"line":245,"column":68}},{"start":{"line":245,"column":72},"end":{"line":245,"column":73}}]},"37":{"loc":{"start":{"line":258,"column":16},"end":{"line":262,"column":17}},"type":"if","locations":[{"start":{"line":258,"column":16},"end":{"line":262,"column":17}}]},"38":{"loc":{"start":{"line":258,"column":20},"end":{"line":258,"column":79}},"type":"binary-expr","locations":[{"start":{"line":258,"column":20},"end":{"line":258,"column":48}},{"start":{"line":258,"column":52},"end":{"line":258,"column":79}}]},"39":{"loc":{"start":{"line":259,"column":20},"end":{"line":261,"column":21}},"type":"if","locations":[{"start":{"line":259,"column":20},"end":{"line":261,"column":21}}]},"40":{"loc":{"start":{"line":259,"column":24},"end":{"line":259,"column":99}},"type":"binary-expr","locations":[{"start":{"line":259,"column":24},"end":{"line":259,"column":31}},{"start":{"line":259,"column":35},"end":{"line":259,"column":60}},{"start":{"line":259,"column":64},"end":{"line":259,"column":71}},{"start":{"line":259,"column":75},"end":{"line":259,"column":99}}]},"41":{"loc":{"start":{"line":266,"column":16},"end":{"line":270,"column":17}},"type":"if","locations":[{"start":{"line":266,"column":16},"end":{"line":270,"column":17}},{"start":{"line":268,"column":23},"end":{"line":270,"column":17}}]},"42":{"loc":{"start":{"line":266,"column":20},"end":{"line":266,"column":70}},"type":"binary-expr","locations":[{"start":{"line":266,"column":20},"end":{"line":266,"column":45}},{"start":{"line":266,"column":49},"end":{"line":266,"column":70}}]},"43":{"loc":{"start":{"line":269,"column":32},"end":{"line":269,"column":90}},"type":"cond-expr","locations":[{"start":{"line":269,"column":60},"end":{"line":269,"column":65}},{"start":{"line":269,"column":68},"end":{"line":269,"column":90}}]},"44":{"loc":{"start":{"line":269,"column":68},"end":{"line":269,"column":90}},"type":"binary-expr","locations":[{"start":{"line":269,"column":68},"end":{"line":269,"column":85}},{"start":{"line":269,"column":89},"end":{"line":269,"column":90}}]},"45":{"loc":{"start":{"line":280,"column":8},"end":{"line":282,"column":9}},"type":"if","locations":[{"start":{"line":280,"column":8},"end":{"line":282,"column":9}}]},"46":{"loc":{"start":{"line":295,"column":8},"end":{"line":297,"column":9}},"type":"if","locations":[{"start":{"line":295,"column":8},"end":{"line":297,"column":9}}]},"47":{"loc":{"start":{"line":309,"column":8},"end":{"line":312,"column":9}},"type":"if","locations":[{"start":{"line":309,"column":8},"end":{"line":312,"column":9}}]},"48":{"loc":{"start":{"line":318,"column":8},"end":{"line":320,"column":9}},"type":"if","locations":[{"start":{"line":318,"column":8},"end":{"line":320,"column":9}}]},"49":{"loc":{"start":{"line":323,"column":8},"end":{"line":327,"column":9}},"type":"if","locations":[{"start":{"line":323,"column":8},"end":{"line":327,"column":9}}]},"50":{"loc":{"start":{"line":330,"column":15},"end":{"line":330,"column":119}},"type":"cond-expr","locations":[{"start":{"line":330,"column":84},"end":{"line":330,"column":106}},{"start":{"line":330,"column":109},"end":{"line":330,"column":119}}]},"51":{"loc":{"start":{"line":330,"column":15},"end":{"line":330,"column":81}},"type":"binary-expr","locations":[{"start":{"line":330,"column":15},"end":{"line":330,"column":40}},{"start":{"line":330,"column":44},"end":{"line":330,"column":81}}]}},"s":{"0":1,"1":22,"2":2,"3":2,"4":2,"5":2,"6":2,"7":1,"8":2,"9":2,"10":2,"11":2,"12":2,"13":2,"14":1,"15":2,"16":1,"17":2,"18":1,"19":2,"20":7,"21":7,"22":7,"23":7,"24":7,"25":29,"26":7,"27":0,"28":0,"29":0,"30":0,"31":0,"32":0,"33":0,"34":0,"35":0,"36":0,"37":8,"38":8,"39":10,"40":10,"41":4,"42":4,"43":4,"44":4,"45":10,"46":8,"47":14,"48":14,"49":1,"50":1,"51":1,"52":1,"53":14,"54":8,"55":15,"56":0,"57":0,"58":0,"59":0,"60":0,"61":0,"62":15,"63":7,"64":8,"65":0,"66":8,"67":6,"68":3,"69":3,"70":2,"71":2,"72":0,"73":8,"74":2,"75":2,"76":2,"77":2,"78":2,"79":2,"80":0,"81":2,"82":2,"83":8,"84":18,"85":5,"86":3,"87":2,"88":2,"89":3,"90":4,"91":0,"92":0,"93":0,"94":0,"95":0,"96":0,"97":0,"98":0,"99":4,"100":3,"101":3,"102":0,"103":3,"104":3,"105":3,"106":3,"107":0,"108":0,"109":0,"110":0,"111":0,"112":3,"113":3,"114":3,"115":2,"116":4,"117":1,"118":1,"119":2,"120":0,"121":0,"122":0,"123":11,"124":3,"125":3,"126":3,"127":0,"128":0,"129":3,"130":3,"131":0,"132":3,"133":4,"134":4,"135":4,"136":4,"137":4,"138":4,"139":7,"140":7,"141":8,"142":8,"143":0,"144":8,"145":8,"146":0,"147":8,"148":4,"149":13,"150":13,"151":0,"152":13,"153":13,"154":13,"155":13,"156":13,"157":13,"158":8,"159":8,"160":3,"161":5,"162":5,"163":5,"164":7,"165":5,"166":5,"167":0,"168":0,"169":0,"170":0,"171":5,"172":0,"173":5,"174":3,"175":3,"176":3,"177":2,"178":1},"f":{"0":22,"1":2,"2":7,"3":0,"4":0,"5":8,"6":10,"7":14,"8":15,"9":2,"10":18,"11":3,"12":3,"13":3,"14":4,"15":2,"16":11,"17":3,"18":4,"19":13,"20":13,"21":8,"22":7,"23":0,"24":5},"b":{"0":[1],"1":[2],"2":[2],"3":[1],"4":[1],"5":[1],"6":[7],"7":[0],"8":[0],"9":[14,6,2],"10":[15,7,6],"11":[0,15],"12":[0],"13":[7,8],"14":[0,8],"15":[6,2],"16":[3],"17":[2,0],"18":[2],"19":[0],"20":[5,3,4,3,3,0],"21":[2],"22":[0],"23":[3,0,0,0,0,0],"24":[2,1,0,0,0],"25":[11,0],"26":[11,11],"27":[0,11],"28":[11,11],"29":[3],"30":[3,3],"31":[0],"32":[3,3,3,3],"33":[0],"34":[3,3],"35":[0,3],"36":[3,0],"37":[8],"38":[8,8],"39":[0],"40":[8,8,8,8],"41":[0,8],"42":[8,8],"43":[0,8],"44":[8,0],"45":[0],"46":[3],"47":[0],"48":[0],"49":[3],"50":[1,1],"51":[2,1]}}
,"/Users/scott/Documents/projects/GigaSpreadsheet/src/packages/scrollIntoView.ts": {"path":"/Users/scott/Documents/projects/GigaSpreadsheet/src/packages/scrollIntoView.ts","statementMap":{"0":{"start":{"line":383,"column":0},"end":{"line":383,"column":24}},"1":{"start":{"line":20,"column":18},"end":{"line":21,"column":59}},"2":{"start":{"line":21,"column":2},"end":{"line":21,"column":59}},"3":{"start":{"line":23,"column":20},"end":{"line":32,"column":1}},"4":{"start":{"line":27,"column":2},"end":{"line":29,"column":3}},"5":{"start":{"line":28,"column":4},"end":{"line":28,"column":null}},"6":{"start":{"line":31,"column":2},"end":{"line":31,"column":null}},"7":{"start":{"line":34,"column":24},"end":{"line":44,"column":1}},"8":{"start":{"line":35,"column":2},"end":{"line":37,"column":3}},"9":{"start":{"line":36,"column":4},"end":{"line":36,"column":null}},"10":{"start":{"line":39,"column":2},"end":{"line":43,"column":3}},"11":{"start":{"line":40,"column":4},"end":{"line":40,"column":null}},"12":{"start":{"line":42,"column":4},"end":{"line":42,"column":null}},"13":{"start":{"line":46,"column":24},"end":{"line":55,"column":1}},"14":{"start":{"line":47,"column":16},"end":{"line":47,"column":35}},"15":{"start":{"line":48,"column":2},"end":{"line":50,"column":3}},"16":{"start":{"line":49,"column":4},"end":{"line":49,"column":null}},"17":{"start":{"line":52,"column":2},"end":{"line":54,"column":null}},"18":{"start":{"line":57,"column":21},"end":{"line":68,"column":1}},"19":{"start":{"line":58,"column":2},"end":{"line":65,"column":3}},"20":{"start":{"line":59,"column":18},"end":{"line":59,"column":44}},"21":{"start":{"line":60,"column":4},"end":{"line":64,"column":null}},"22":{"start":{"line":67,"column":2},"end":{"line":67,"column":null}},"23":{"start":{"line":69,"column":21},"end":{"line":102,"column":1}},"24":{"start":{"line":79,"column":2},"end":{"line":85,"column":3}},"25":{"start":{"line":84,"column":4},"end":{"line":84,"column":null}},"26":{"start":{"line":87,"column":2},"end":{"line":92,"column":3}},"27":{"start":{"line":91,"column":4},"end":{"line":91,"column":null}},"28":{"
[...]
,"84":{"loc":{"start":{"line":170,"column":8},"end":{"line":174,"column":9}},"type":"if","locations":[{"start":{"line":170,"column":8},"end":{"line":174,"column":9}},{"start":{"line":172,"column":15},"end":{"line":174,"column":9}}]},"85":{"loc":{"start":{"line":170,"column":12},"end":{"line":170,"column":43}},"type":"binary-expr","locations":[{"start":{"line":170,"column":12},"end":{"line":170,"column":22}},{"start":{"line":170,"column":26},"end":{"line":170,"column":43}}]},"86":{"loc":{"start":{"line":172,"column":15},"end":{"line":174,"column":9}},"type":"if","locations":[{"start":{"line":172,"column":15},"end":{"line":174,"column":9}}]},"87":{"loc":{"start":{"line":177,"column":8},"end":{"line":177,"column":84}},"type":"if","locations":[{"start":{"line":177,"column":8},"end":{"line":177,"column":84}}]},"88":{"loc":{"start":{"line":177,"column":12},"end":{"line":177,"column":43}},"type":"binary-expr","locations":[{"start":{"line":177,"column":12},"end":{"line":177,"column":22}},{"start":{"line":177,"column":26},"end":{"line":177,"column":43}}]},"89":{"loc":{"start":{"line":178,"column":56},"end":{"line":178,"column":103}},"type":"binary-expr","locations":[{"start":{"line":178,"column":56},"end":{"line":178,"column":66}},{"start":{"line":178,"column":70},"end":{"line":178,"column":103}}]},"90":{"loc":{"start":{"line":179,"column":8},"end":{"line":214,"column":9}},"type":"if","locations":[{"start":{"line":179,"column":8},"end":{"line":214,"column":9}}]},"91":{"loc":{"start":{"line":185,"column":12},"end":{"line":213,"column":13}},"type":"if","locations":[{"start":{"line":185,"column":12},"end":{"line":213,"column":13}},{"start":{"line":200,"column":19},"end":{"line":213,"column":13}}]},"92":{"loc":{"start":{"line":185,"column":16},"end":{"line":185,"column":47}},"type":"binary-expr","locations":[{"start":{"line":185,"column":16},"end":{"line":185,"column":33}},{"start":{"line":185,"column":37},"end":{"line":185,"column":47}}]},"93":{"loc":{"start":{"line":189,"column":20},"end":{"line":192,"column":86}},"type":"if","locations":[{"start":{"line":189,"column":20},"end":{"line":192,"column":86}},{"start":{"line":190,"column":25},"end":{"line":192,"column":86}}]},"94":{"loc":{"start":{"line":190,"column":25},"end":{"line":192,"column":86}},"type":"if","locations":[{"start":{"line":190,"column":25},"end":{"line":192,"column":86}},{"start":{"line":191,"column":25},"end":{"line":192,"column":86}}]},"95":{"loc":{"start":{"line":191,"column":25},"end":{"line":192,"column":86}},"type":"if","locations":[{"start":{"line":191,"column":25},"end":{"line":192,"column":86}},{"start":{"line":192,"column":25},"end":{"line":192,"column":86}}]},"96":{"loc":{"start":{"line":192,"column":25},"end":{"line":192,"column":86}},"type":"if","locations":[{"start":{"line":192,"column":25},"end":{"line":192,"column":86}}]}},"s":{"0":0,"1":0,"2":0,"3":0,"4":0,"5":0,"6":0,"7":0,"8":0,"9":0,"10":0,"11":0,"12":0,"13":0,"14":0,"15":0,"16":0,"17":0,"18":0,"19":0,"20":0,"21":0,"22":0,"23":0,"24":0,"25":0,"26":0,"27":0,"28":0,"29":0,"30":0,"31":0,"32":0,"33":0,"34":0,"35":0,"36":0,"37":0,"38":0,"39":0,"40":0,"41":0,"42":0,"43":0,"44":0,"45":0,"46":0,"47":0,"48":0,"49":0,"50":0,"51":0,"52":0,"53":0,"54":0,"55":0,"56":0,"57":0,"58":0,"59":0,"60":0,"61":0,"62":0,"63":0,"64":0,"65":0,"66":0,"67":0,"68":0,"69":0,"70":0,"71":0,"72":0,"73":0,"74":0,"75":0,"76":0,"77":0,"78":0,"79":0,"80":0,"81":0,"82":0,"83":0,"84":0,"85":0,"86":0,"87":0,"88":0,"89":0,"90":0,"91":0,"92":0,"93":0,"94":0,"95":0,"96":0,"97":0,"98":0,"99":0,"100":0,"101":0,"102":0,"103":0,"104":0,"105":0,"106":0,"107":0,"108":0,"109":0,"110":0,"111":0,"112":0,"113":0,"114":0,"115":0,"116":0,"117":0,"118":0,"119":0,"120":0,"121":0,"122":0,"123":0,"124":0,"125":0,"126":0,"127":0,"128":0,"129":0,"130":0,"131":0,"132":0,"133":0,"134":0,"135":0,"136":0,"137":0,"138":0,"139":0,"140":0,"141":0,"142":0,"143":0,"144":0,"145":0,"146":0,"147":0,"148":0,"149":0,"150":0,"151":0,"152":0,"153":0,"154":0,"155":0,"156":0,"157":0,"158":0,"159":0,"160":0,"161":0,"162":0,"163":0,"164":0,"165":0,"166":0,"167":0},"f":{"0":0,"1":0,"2":0,"3":0,"4":0,"5":0},"b":{"0":[0,0],"1":[0,0],"2":[0,0],"3":[0,0],"4":[0,0,0],"5":[0,0],"6":[0,0],"7":[0],"8":[0,0],"9":[0],"10":[0,0],"11":[0,0],"12":[0,0],"13":[0],"14":[0,0],"15":[0,0],"16":[0],"17":[0,0],"18":[0,0],"19":[0],"20":[0],"21":[0,0],"22":[0,0],"23":[0,0],"24":[0,0],"25":[0,0],"26":[0,0],"27":[0,0],"28":[0,0],"29":[0,0,0],"30":[0],"31":[0,0],"32":[0,0],"33":[0],"34":[0,0],"35":[0,0],"36":[0,0],"37":[0,0],"38":[0,0],"39":[0,0],"40":[0],"41":[0,0],"42":[0,0],"43":[0],"44":[0,0],"45":[0,0],"46":[0],"47":[0,0],"48":[0,0,0],"49":[0],"50":[0,0],"51":[0,0,0,0,0,0],"52":[0],"53":[0,0],"54":[0],"55":[0,0],"56":[0,0],"57":[0,0],"58":[0],"59":[0],"60":[0,0],"61":[0,0],"62":[0,0],"63":[0,0],"64":[0,0],"65":[0,0],"66":[0,0],"67":[0,0],"68":[0],"69":[0,0],"70":[0],"71":[0,0],"72":[0,0],"73":[0],"74":[0],"75":[0],"76":[0],"77":[0,0],"78":[0,0],"79":[0,0],"80":[0,0],"81":[0,0],"82":[0],"83":[0,0],"84":[0,0],"85":[0,0],"86":[0],"87":[0],"88":[0,0],"89":[0,0],"90":[0],"91":[0,0],"92":[0,0],"93":[0,0],"94":[0,0],"95":[0,0],"96":[0]}}
,"/Users/scott/Documents/projects/GigaSpreadsheet/src/sheet/keyboardHandler/utils.ts": {"path":"/Users/scott/Documents/projects/GigaSpreadsheet/src/sheet/keyboardHandler/utils.ts","statementMap":{"0":{"start":{"line":1,"column":13},"end":{"line":1,"column":83}}},"fnMap":{},"branchMap":{},"s":{"0":0},"f":{},"b":{}}
,"/Users/scott/Documents/projects/GigaSpreadsheet/src/sheet/rownumbers/index.ts": {"path":"/Users/scott/Documents/projects/GigaSpreadsheet/src/sheet/rownumbers/index.ts","statementMap":{"0":{"start":{"line":10,"column":8},"end":{"line":10,"column":27}},"1":{"start":{"line":11,"column":8},"end":{"line":11,"column":null}},"2":{"start":{"line":12,"column":8},"end":{"line":15,"column":9}},"3":{"start":{"line":13,"column":12},"end":{"line":13,"column":83}},"4":{"start":{"line":14,"column":12},"end":{"line":14,"column":89}},"5":{"start":{"line":18,"column":8},"end":{"line":23,"column":null}},"6":{"start":{"line":19,"column":12},"end":{"line":19,"column":39}},"7":{"start":{"line":19,"column":32},"end":{"line":19,"column":39}},"8":{"start":{"line":20,"column":12},"end":{"line":22,"column":13}},"9":{"start":{"line":21,"column":16},"end":{"line":21,"column":137}},"10":{"start":{"line":24,"column":8},"end":{"line":24,"column":67}},"11":{"start":{"line":25,"column":8},"end":{"line":25,"column":66}},"12":{"start":{"line":26,"column":8},"end":{"line":26,"column":62}},"13":{"start":{"line":27,"column":8},"end":{"line":27,"column":72}},"14":{"start":{"line":28,"column":8},"end":{"line":28,"column":71}},"15":{"start":{"line":31,"column":19},"end":{"line":31,"column":48}},"16":{"start":{"line":32,"column":8},"end":{"line":32,"column":36}},"17":{"start":{"line":34,"column":8},"end":{"line":34,"column":null}},"18":{"start":{"line":35,"column":8},"end":{"line":35,"column":18}},"19":{"start":{"line":38,"column":17},"end":{"line":38,"column":43}},"20":{"start":{"line":39,"column":26},"end":{"line":39,"column":27}},"21":{"start":{"line":40,"column":17},"end":{"line":40,"column":41}},"22":{"start":{"line":41,"column":19},"end":{"line":41,"column":44}},"23":{"start":{"line":42,"column":8},"end":{"line":42,"column":23}},"24":{"start":{"line":43,"column":8},"end":{"line":43,"column":75}},"25":{"start":{"line":44,"column":8},"end":{"line":44,"column":96}},"26":{"start":{"line":45,"column":8},"end":{"line":59,"column":9}},"27":{"start":{"line":52,"column":16},"end":{"line":52,"column":60}},"28":{"start":{"line":53,"column":16},"end":{"line":53,"column":68}},"29":{"start":{"line":54,"column":16},"end":{"line":54,"column":73}},"30":{"start":{"line":55,"column":16},"end":{"line":55,"column":104}},"31":{"start":{"line":58,"column":12},"end":{"line":58,"column":19}},"32":{"start":{"line":60,"column":8},"end":{"line":60,"column":49}},"33":{"start":{"line":61,"column":8},"end":{"line":77,"column":9}},"34":{"start":{"line":61,"column":28},"end":{"line":61,"column":30}},"35":{"start":{"line":64,"column":37},"end":{"line":64,"column":66}},"36":{"start":{"line":66,"column":12},"end":{"line":66,"column":61}},"37":{"start":{"line":67,"column":12},"end":{"line":67,"column":80}},"38":{"start":{"line":68,"column":12},"end":{"line":68,"column":84}},"39":{"start":{"line":69,"column":12},"end":{"line":69,"column":56}},"40":{"start":{"line":70,"column":12},"end":{"line":70,"column":63}},"41":{"start":{"line":72,"column":36},"end":{"line":72,"column":65}},"42":{"start":{"line":73,"column":12},"end":{"line":73,"column":53}},"43":{"start":{"line":74,"column":12},"end":{"line":74,"column":58}},"44":{"start":{"line":75,"column":12},"end":{"line":75,"column":63}},"45":{"start":{"line":76,"column":12},"end":{"line":76,"column":67}},"46":{"start":{"line":80,"column":22},"end":{"line":80,"column":24}},"47":{"start":{"line":81,"column":8},"end":{"line":81,"column":109}},"48":{"start":{"line":4,"column":0},"end":{"line":4,"column":21}}},"fnMap":{"0":{"name":"(anonymous_0)","decl":{"start":{"line":9,"column":4},"end":{"line":9,"column":16}},"loc":{"start":{"line":9,"column":28},"end":{"line":29,"column":5}}},"1":{"name":"(anonymous_1)","decl":{"start":{"line":18,"column":46},"end":{"line":18,"column":47}},"loc":{"start":{"line":18,"column":57},"end":{"line":23,"column":9}}},"2":{"name":"(anonymous_2)","decl":{"start":{"line":30,"column":4},"end":{"line":30,"column":19}},"loc":{"start":{"line":30,"column":33},"end":{"line":36,"column":5}}},"3":{"name":"(anonymous_3)","decl":{"start":{"line":37,"column":4},"end":{"line":37,"column":20}},"loc":{"start":{"line":37,"column":20},"end":{"line":82,"column":5}}}},"branchMap":{"0":{"loc":{"start":{"line":12,"column":8},"end":{"line":15,"column":9}},"type":"if","locations":[{"start":{"line":12,"column":8},"end":{"line":15,"column":9}}]},"1":{"loc":{"start":{"line":19,"column":12},"end":{"line":19,"column":39}},"type":"if","locations":[{"start":{"line":19,"column":12},"end":{"line":19,"column":39}}]},"2":{"loc":{"start":{"line":20,"column":12},"end":{"line":22,"column":13}},"type":"if","locations":[{"start":{"line":20,"column":12},"end":{"line":22,"column":13}}]},"3":{"loc":{"start":{"line":45,"column":8},"end":{"line":59,"column":9}},"type":"if","locations":[{"start":{"line":45,"column":8},"end":{"line":59,"column":9}}]}},"s":{"0":0,"1":0,"2":0,"3":0,"4":0,"5":0,"6":0,"7":0,"8":0,"9":0,"10":0,"11":0,"12":0,"13":0,"14":0,"15":0,"16":0,"17":0,"18":0,"19":0,"20":0,"21":0,"22":0,"23":0,"24":0,"25":0,"26":0,"27":0,"28":0,"29":0,"30":0,"31":0,"32":0,"33":0,"34":0,"35":0,"36":0,"37":0,"38":0,"39":0,"40":0,"41":0,"42":0,"43":0,"44":0,"45":0,"46":0,"47":0,"48":0},"f":{"0":0,"1":0,"2":0,"3":0},"b":{"0":[0],"1":[0],"2":[0],"3":[0]}}
,"/Users/scott/Documents/projects/GigaSpreadsheet/src/sheet/state/index.ts": {"path":"/Users/scott/Documents/projects/GigaSpreadsheet/src/sheet/state/index.ts","statementMap":{"0":{"start":{"line":3,"column":0},"end":{"line":3,"column":21}}},"fnMap":{"0":{"name":"(anonymous_0)","decl":{"start":{"line":8,"column":4},"end":{"line":8,"column":16}},"loc":{"start":{"line":8,"column":28},"end":{"line":10,"column":5}}}},"branchMap":{},"s":{"0":0},"f":{"0":0},"b":{}}
,"/Users/scott/Documents/projects/GigaSpreadsheet/src/sheet/windows/format/index.ts": {"path":"/Users/scott/Documents/projects/GigaSpreadsheet/src/sheet/windows/format/index.ts","statementMap":{"0":{"start":{"line":1,"column":0},"end":{"line":1,"column":16}},"1":{"start":{"line":2,"column":30},"end":{"line":2,"column":86}},"2":{"start":{"line":4,"column":4},"end":{"line":185,"column":6}},"3":{"start":{"line":186,"column":21},"end":{"line":186,"column":23}},"4":{"start":{"line":188,"column":8},"end":{"line":190,"column":9}},"5":{"start":{"line":189,"column":12},"end":{"line":189,"column":27}},"6":{"start":{"line":192,"column":4},"end":{"line":192,"column":48}},"7":{"start":{"line":193,"column":4},"end":{"line":195,"column":7}},"8":{"start":{"line":194,"column":8},"end":{"line":194,"column":41}},"9":{"start":{"line":196,"column":4},"end":{"line":198,"column":7}},"10":{"start":{"line":197,"column":8},"end":{"line":197,"column":41}},"11":{"start":{"line":199,"column":4},"end":{"line":201,"column":7}},"12":{"start":{"line":200,"column":8},"end":{"line":200,"column":38}},"13":{"start":{"line":203,"column":4},"end":{"line":209,"column":7}},"14":{"start":{"line":204,"column":8},"end":{"line":208,"column":11}},"15":{"start":{"line":205,"column":26},"end":{"line":205,"column":57}},"16":{"start":{"line":206,"column":12},"end":{"line":206,"column":76}},"17":{"start":{"line":207,"column":12},"end":{"line":207,"column":37}},"18":{"start":{"line":211,"column":4},"end":{"line":222,"column":7}},"19":{"start":{"line":212,"column":8},"end":{"line":221,"column":11}},"20":{"start":{"line":214,"column":12},"end":{"line":216,"column":15}},"21":{"start":{"line":215,"column":16},"end":{"line":215,"column":45}},"22":{"start":{"line":218,"column":12},"end":{"line":218,"column":41}},"23":{"start":{"line":219,"column":30},"end":{"line":219,"column":61}},"24":{"start":{"line":220,"column":12},"end":{"line":220,"column":45}},"25":{"start":{"line":224,"column":4},"end":{"line":236,"column":7}},"26":{"start":{"line":225,"column":8},"end":{"line":235,"column":11}},"27":{"start":{"line":226,"column":12},"end":{"line":226,"column":44}},"28":{"start":{"line":227,"column":25},"end":{"line":227,"column":26}},"29":{"start":{"line":228,"column":12},"end":{"line":231,"column":15}},"30":{"start":{"line":229,"column":35},"end":{"line":229,"column":64}},"31":{"start":{"line":230,"column":16},"end":{"line":230,"column":37}},"32":{"start":{"line":234,"column":12},"end":{"line":234,"column":39}},"33":{"start":{"line":237,"column":4},"end":{"line":243,"column":7}},"34":{"start":{"line":238,"column":8},"end":{"line":242,"column":11}},"35":{"start":{"line":239,"column":27},"end":{"line":239,"column":59}},"36":{"start":{"line":240,"column":12},"end":{"line":240,"column":null}},"37":{"start":{"line":241,"column":12},"end":{"line":241,"column":45}},"38":{"start":{"line":245,"column":4},"end":{"line":274,"column":7}},"39":{"start":{"line":247,"column":37},"end":{"line":254,"column":10}},"40":{"start":{"line":256,"column":12},"end":{"line":256,"column":34}},"41":{"start":{"line":256,"column":27},"end":{"line":256,"column":34}},"42":{"start":{"line":257,"column":25},"end":{"line":257,"column":77}},"43":{"start":{"line":258,"column":30},"end":{"line":258,"column":87}},"44":{"start":{"line":259,"column":25},"end":{"line":259,"column":77}},"45":{"start":{"line":260,"column":12},"end":{"line":265,"column":13}},"46":{"start":{"line":261,"column":28},"end":{"line":261,"column":62}},"47":{"start":{"line":262,"column":16},"end":{"line":262,"column":49}},"48":{"start":{"line":263,"column":16},"end":{"line":263,"column":44}},"49":{"start":{"line":264,"column":16},"end":{"line":264,"column":44}},"50":{"start":{"line":267,"column":8},"end":{"line":273,"column":11}},"51":{"start":{"line":268,"column":12},"end":{"line":268,"column":120}},"52":{"start":{"line":268,"column":90},"end":{"line":268,"column":118}},"53":{"start":{"line":269,"column":13},"end":{"line":269,"column":58}},"54":{"start":{"line":270,"column":29},"end":{"line":270,"column":63}},"55":{"start":{"line":271,"column":12},"end":{"line":271,"column":43}},"56":{"start":{"line":272,"column":12},"end":{"line":272,"column":47}},"57":{"start":{"line":275,"column":4},"end":{"line":275,"column":76}},"58":{"start":{"line":275,"column":62},"end":{"line":275,"column":74}}},"fnMap":{"0":{"name":"launchFormatMenu","decl":{"start":{"line":1,"column":16},"end":{"line":1,"column":32}},"loc":{"start":{"line":1,"column":32},"end":{"line":276,"column":1}}},"1":{"name":"onChange","decl":{"start":{"line":187,"column":13},"end":{"line":187,"column":21}},"loc":{"start":{"line":187,"column":46},"end":{"line":191,"column":5}}},"2":{"name":"(anonymous_2)","decl":{"start":{"line":193,"column":80},"end":{"line":193,"column":null}},"loc":{"start":{"line":193,"column":80},"end":{"line":195,"column":5}}},"3":{"name":"(anonymous_3)","decl":{"start":{"line":196,"column":80},"end":{"line":196,"column":null}},"loc":{"start":{"line":196,"column":80},"end":{"line":198,"column":5}}},"4":{"name":"(anonymous_4)","decl":{"start":{"line":199,"column":80},"end":{"line":199,"column":null}},"loc":{"start":{"line":199,"column":80},"end":{"line":201,"column":5}}},"5":{"name":"(anonymous_5)","decl":{"start":{"line":203,"column":68},"end":{"line":203,"column":69}},"loc":{"start":{"line":203,"column":84},"end":{"line":209,"column":5}}},"6":{"name":"(anonymous_6)","decl":{"start":{"line":204,"column":41},"end":{"line":204,"column":null}},"loc":{"start":{"line":204,"column":41},"end":{"line":208,"column":9}}},"7":{"name":"(anonymous_7)","decl":{"start":{"line":211,"column":69},"end":{"line":211,"column":79}},"loc":{"start":{"line":211,"column":87},"end":{"line":222,"column":5}}},"8":{"name":"(anonymous_8)","decl":{"start":{"line":212,"column":38},"end":{"line":212,"column":null}},"loc":{"start":{"line":212,"column":38},"end":{"line":221,"column":9}}},"9":{"name":"(anonymous_9)","decl":{"start":{"line":214,"column":77},"end":{"line":214,"column":87}},"loc":{"start":{"line":214,"column":93},"end":{"line":216,"column":13}}},"10":{"name":"(anonymous_10)","decl":{"start":{"line":224,"column":66},"end":{"line":224,"column":76}},"loc":{"start":{"line":224,"column":84},"end":{"line":236,"column":5}}},"11":{"name":"(anonymous_11)","decl":{"start":{"line":225,"column":38},"end":{"line":225,"column":null}},"loc":{"start":{"line":225,"column":38},"end":{"line":235,"column":9}}},"12":{"name":"(anonymous_12)","decl":{"start":{"line":228,"column":81},"end":{"line":228,"column":91}},"loc":{"start":{"line":228,"column":97},"end":{"line":231,"column":13}}},"13":{"name":"(anonymous_13)","decl":{"start":{"line":237,"column":72},"end":{"line":237,"column":82}},"loc":{"start":{"line":237,"column":90},"end":{"line":243,"column":5}}},"14":{"name":"(anonymous_14)","decl":{"start":{"line":238,"column":38},"end":{"line":238,"column":null}},"loc":{"start":{"line":238,"column":38},"end":{"line":242,"column":9}}},"15":{"name":"(anonymous_15)","decl":{"start":{"line":245,"column":70},"end":{"line":245,"column":80}},"loc":{"start":{"line":245,"column":88},"end":{"line":274,"column":5}}},"16":{"name":"updateBaselineVisual","decl":{"start":{"line":255,"column":17},"end":{"line":255,"column":37}},"loc":{"start":{"line":255,"column":61},"end":{"line":266,"column":9}}},"17":{"name":"(anonymous_17)","decl":{"start":{"line":267,"column":38},"end":{"line":267,"column":null}},"loc":{"start":{"line":267,"column":38},"end":{"line":273,"column":9}}},"18":{"name":"(anonymous_18)","decl":{"start":{"line":268,"column":78},"end":{"line":268,"column":79}},"loc":{"start":{"line":268,"column":90},"end":{"line":268,"column":118}}},"19":{"name":"(anonymous_19)","decl":{"start":{"line":275,"column":44},"end":{"line":275,"column":45}},"loc":{"start":{"line":275,"column":62},"end":{"line":275,"column":74}}}},"branchMap":{"0":{"loc":{"start":{"line":256,"column":12},"end":{"line":256,"column":34}},"type":"if","locations":[{"start":{"line":256,"column":12},"end":{"line":256,"column":34}}]},"1":{"loc":{"start":{"line":260,"column":12},"end":{"line":265,"column":13}},"type":"if","locations":[{"start":{"line":260,"column":12},"end":{"line":265,"column":13}}]}},"s":{"0":0,"1":0,"2":0,"3":0,"4":0,"5":0,"6":0,"7":0,"8":0,"9":0,"10":0,"11":0,"12":0,"13":0,"14":0,"15":0,"16":0,"17":0,"18":0,"19":0,"20":0,"21":0,"22":0,"23":0,"24":0,"25":0,"26":0,"27":0,"28":0,"29":0,"30":0,"31":0,"32":0,"33":0,"34":0,"35":0,"36":0,"37":0,"38":0,"39":0,"40":0,"41":0,"42":0,"43":0,"44":0,"45":0,"46":0,"47":0,"48":0,"49":0,"50":0,"51":0,"52":0,"53":0,"54":0,"55":0,"56":0,"57":0,"58":0},"f":{"0":0,"1":0,"2":0,"3":0,"4":0,"5":0,"6":0,"7":0,"8":0,"9":0,"10":0,"11":0,"12":0,"13":0,"14":0,"15":0,"16":0,"17":0,"18":0,"19":0},"b":{"0":[0],"1":[0]}}
}
