TN:
SF:src/app.ts
FN:7,(anonymous_1)
FN:22,(anonymous_2)
FNF:2
FNH:0
FNDA:0,(anonymous_1)
FNDA:0,(anonymous_2)
DA:2,0
DA:4,0
DA:5,0
DA:7,0
DA:8,0
DA:9,0
DA:10,0
DA:23,0
DA:24,0
DA:25,0
DA:26,0
DA:27,0
DA:28,0
LF:13
LH:0
BRF:0
BRH:0
end_of_record
TN:
SF:src/goldenConfig.ts
FNF:0
FNH:0
DA:4,0
DA:104,0
LF:2
LH:0
BRF:0
BRH:0
end_of_record
TN:
SF:src/goldenroot.ts
FN:10,(anonymous_1)
FN:40,(anonymous_2)
FN:61,(anonymous_3)
FN:73,(anonymous_4)
FN:88,(anonymous_5)
FN:100,(anonymous_6)
FN:106,(anonymous_7)
FNF:7
FNH:0
FNDA:0,(anonymous_1)
FNDA:0,(anonymous_2)
FNDA:0,(anonymous_3)
FNDA:0,(anonymous_4)
FNDA:0,(anonymous_5)
FNDA:0,(anonymous_6)
FNDA:0,(anonymous_7)
DA:2,0
DA:3,0
DA:5,0
DA:6,0
DA:7,0
DA:10,0
DA:11,0
DA:12,0
DA:13,0
DA:14,0
DA:17,0
DA:37,0
DA:38,0
DA:40,0
DA:41,0
DA:42,0
DA:43,0
DA:44,0
DA:45,0
DA:47,0
DA:48,0
DA:49,0
DA:50,0
DA:51,0
DA:52,0
DA:53,0
DA:56,0
DA:60,0
DA:61,0
DA:62,0
DA:63,0
DA:68,0
DA:72,0
DA:73,0
DA:74,0
DA:76,0
DA:77,0
DA:78,0
DA:79,0
DA:81,0
DA:84,0
DA:87,0
DA:88,0
DA:89,0
DA:90,0
DA:91,0
DA:92,0
DA:94,0
DA:100,0
DA:101,0
DA:102,0
DA:106,0
DA:107,0
LF:53
LH:0
BRDA:12,0,0,0
BRDA:37,1,0,0
BRDA:37,1,1,0
BRDA:47,2,0,0
BRDA:47,2,1,0
BRDA:47,2,2,0
BRDA:47,2,3,0
BRDA:48,3,0,0
BRDA:48,3,1,0
BRDA:48,4,0,0
BRDA:48,4,1,0
BRDA:50,5,0,0
BRDA:50,5,1,0
BRDA:50,6,0,0
BRDA:50,6,1,0
BRDA:52,7,0,0
BRDA:60,8,0,0
BRDA:60,9,0,0
BRDA:60,9,1,0
BRDA:63,10,0,0
BRDA:63,11,0,0
BRDA:63,11,1,0
BRDA:74,12,0,0
BRDA:76,13,0,0
BRDA:76,13,1,0
BRDA:78,14,0,0
BRDA:78,14,1,0
BRDA:89,15,0,0
BRDA:91,16,0,0
BRDA:91,16,1,0
BRDA:107,17,0,0
BRF:31
BRH:0
end_of_record
TN:
SF:src/index.ts
FN:1,(anonymous_5)
FNF:1
FNH:0
FNDA:0,(anonymous_5)
DA:1,0
DA:2,0
LF:2
LH:0
BRF:0
BRH:0
end_of_record
TN:
SF:src/sampledata.ts
FNF:0
FNH:0
DA:1,0
LF:1
LH:0
BRF:0
BRH:0
end_of_record
TN:
SF:src/giga/index.ts
FN:17,(anonymous_1)
FN:51,(anonymous_2)
FN:53,(anonymous_3)
FN:57,(anonymous_4)
FN:63,(anonymous_5)
FN:72,(anonymous_6)
FN:79,(anonymous_7)
FN:91,(anonymous_8)
FNF:8
FNH:0
FNDA:0,(anonymous_1)
FNDA:0,(anonymous_2)
FNDA:0,(anonymous_3)
FNDA:0,(anonymous_4)
FNDA:0,(anonymous_5)
FNDA:0,(anonymous_6)
FNDA:0,(anonymous_7)
FNDA:0,(anonymous_8)
DA:1,0
DA:2,0
DA:5,0
DA:18,0
DA:19,0
DA:20,0
DA:21,0
DA:22,0
DA:23,0
DA:26,0
DA:28,0
DA:29,0
DA:30,0
DA:31,0
DA:32,0
DA:33,0
DA:34,0
DA:38,0
DA:39,0
DA:40,0
DA:41,0
DA:42,0
DA:44,0
DA:45,0
DA:47,0
DA:48,0
DA:52,0
DA:53,0
DA:54,0
DA:55,0
DA:57,0
DA:58,0
DA:64,0
DA:65,0
DA:66,0
DA:67,0
DA:69,0
DA:73,0
DA:80,0
DA:81,0
DA:83,0
DA:86,0
DA:87,0
DA:92,0
DA:93,0
DA:95,0
DA:96,0
LF:47
LH:0
BRDA:22,0,0,0
BRDA:22,0,1,0
BRDA:23,1,0,0
BRDA:23,1,1,0
BRDA:38,2,0,0
BRDA:38,2,1,0
BRDA:39,3,0,0
BRDA:52,4,0,0
BRDA:65,5,0,0
BRDA:84,6,0,0
BRDA:84,6,1,0
BRDA:86,7,0,0
BRDA:92,8,0,0
BRDA:92,8,1,0
BRDA:92,9,0,0
BRDA:92,9,1,0
BRF:16
BRH:0
end_of_record
TN:
SF:src/packages/dependencytracker.ts
FN:13,isEmpty
FN:20,shiftDependenciesUp
FN:22,helper
FN:63,shiftDependenciesDown
FN:65,helper
FN:103,shiftDependenciesRight
FN:105,helper
FN:140,shiftDependenciesLeft
FN:142,helper
FN:181,removeDependents
FN:195,getDependencies
FN:207,removeDependencies
FNF:12
FNH:0
FNDA:0,isEmpty
FNDA:0,shiftDependenciesUp
FNDA:0,helper
FNDA:0,shiftDependenciesDown
FNDA:0,helper
FNDA:0,shiftDependenciesRight
FNDA:0,helper
FNDA:0,shiftDependenciesLeft
FNDA:0,helper
FNDA:0,removeDependents
FNDA:0,getDependencies
FNDA:0,removeDependencies
DA:1,1
DA:5,1
DA:9,1
DA:14,0
DA:15,0
DA:17,0
DA:20,1
DA:21,0
DA:23,0
DA:24,0
DA:25,0
DA:26,0
DA:27,0
DA:28,0
DA:29,0
DA:31,0
DA:32,0
DA:33,0
DA:38,0
DA:39,0
DA:40,0
DA:41,0
DA:42,0
DA:43,0
DA:44,0
DA:45,0
DA:47,0
DA:50,0
DA:51,0
DA:52,0
DA:55,0
DA:56,0
DA:58,0
DA:60,0
DA:61,0
DA:63,1
DA:64,0
DA:66,0
DA:67,0
DA:68,0
DA:69,0
DA:70,0
DA:71,0
DA:72,0
DA:74,0
DA:75,0
DA:76,0
DA:81,0
DA:82,0
DA:83,0
DA:84,0
DA:85,0
DA:87,0
DA:90,0
DA:91,0
DA:92,0
DA:95,0
DA:96,0
DA:98,0
DA:100,0
DA:101,0
DA:103,1
DA:104,0
DA:106,0
DA:107,0
DA:108,0
DA:109,0
DA:112,0
DA:113,0
DA:114,0
DA:115,0
DA:116,0
DA:118,0
DA:121,0
DA:122,0
DA:123,0
DA:124,0
DA:125,0
DA:127,0
DA:128,0
DA:132,0
DA:133,0
DA:135,0
DA:137,0
DA:138,0
DA:140,1
DA:141,0
DA:143,0
DA:144,0
DA:145,0
DA:146,0
DA:149,0
DA:150,0
DA:151,0
DA:152,0
DA:153,0
DA:154,0
DA:155,0
DA:156,0
DA:158,0
DA:161,0
DA:162,0
DA:163,0
DA:164,0
DA:165,0
DA:167,0
DA:168,0
DA:172,0
DA:173,0
DA:175,0
DA:177,0
DA:178,0
DA:181,1
DA:182,0
DA:183,0
DA:184,0
DA:185,0
DA:186,0
DA:187,0
DA:188,0
DA:189,0
DA:193,0
DA:195,1
DA:196,0
DA:197,0
DA:198,0
DA:199,0
DA:200,0
DA:201,0
DA:202,0
DA:205,0
DA:207,1
DA:208,0
DA:209,0
DA:210,0
DA:211,0
LF:136
LH:10
BRDA:15,0,0,0
BRDA:22,1,0,0
BRDA:22,2,0,0
BRDA:24,3,0,0
BRDA:24,3,1,0
BRDA:27,4,0,0
BRDA:31,5,0,0
BRDA:38,6,0,0
BRDA:38,6,1,0
BRDA:40,7,0,0
BRDA:40,7,1,0
BRDA:43,8,0,0
BRDA:43,8,1,0
BRDA:50,9,0,0
BRDA:65,10,0,0
BRDA:65,11,0,0
BRDA:67,12,0,0
BRDA:67,12,1,0
BRDA:70,13,0,0
BRDA:74,14,0,0
BRDA:81,15,0,0
BRDA:81,15,1,0
BRDA:83,16,0,0
BRDA:83,16,1,0
BRDA:90,17,0,0
BRDA:105,18,0,0
BRDA:107,19,0,0
BRDA:107,19,1,0
BRDA:107,20,0,0
BRDA:107,20,1,0
BRDA:112,21,0,0
BRDA:112,21,1,0
BRDA:114,22,0,0
BRDA:114,22,1,0
BRDA:121,23,0,0
BRDA:123,24,0,0
BRDA:127,25,0,0
BRDA:142,26,0,0
BRDA:144,27,0,0
BRDA:144,27,1,0
BRDA:144,28,0,0
BRDA:144,28,1,0
BRDA:149,29,0,0
BRDA:149,29,1,0
BRDA:151,30,0,0
BRDA:151,30,1,0
BRDA:154,31,0,0
BRDA:154,31,1,0
BRDA:161,32,0,0
BRDA:163,33,0,0
BRDA:167,34,0,0
BRDA:184,35,0,0
BRDA:184,35,1,0
BRDA:184,36,0,0
BRDA:184,36,1,0
BRDA:185,37,0,0
BRDA:186,38,0,0
BRDA:186,39,0,0
BRDA:186,39,1,0
BRDA:186,40,0,0
BRDA:186,40,1,0
BRDA:188,41,0,0
BRDA:198,42,0,0
BRDA:198,42,1,0
BRDA:198,43,0,0
BRDA:198,43,1,0
BRDA:199,44,0,0
BRDA:209,45,0,0
BRDA:209,46,0,0
BRDA:209,46,1,0
BRDA:209,47,0,0
BRDA:209,47,1,0
BRDA:211,48,0,0
BRF:73
BRH:0
end_of_record
TN:
SF:src/packages/drawer.ts
FN:1,drawer
FN:18,(anonymous_1)
FN:19,(anonymous_2)
FN:29,(anonymous_3)
FNF:4
FNH:0
FNDA:0,drawer
FNDA:0,(anonymous_1)
FNDA:0,(anonymous_2)
FNDA:0,(anonymous_3)
DA:1,0
DA:2,0
DA:3,0
DA:7,0
DA:8,0
DA:9,0
DA:10,0
DA:12,0
DA:14,0
DA:15,0
DA:16,0
DA:17,0
DA:18,0
DA:19,0
DA:20,0
DA:22,0
DA:23,0
DA:26,0
DA:29,0
DA:30,0
DA:31,0
LF:21
LH:0
BRDA:1,0,0,0
BRDA:2,1,0,0
BRDA:20,2,0,0
BRDA:30,3,0,0
BRF:4
BRH:0
end_of_record
TN:
SF:src/packages/expressionparser.ts
FN:7,(anonymous_0)
FN:13,(anonymous_1)
FN:28,(anonymous_2)
FN:43,(anonymous_3)
FN:60,(anonymous_4)
FN:70,(anonymous_5)
FN:73,(anonymous_6)
FN:84,(anonymous_7)
FN:95,(anonymous_8)
FN:120,(anonymous_9)
FN:139,(anonymous_10)
FN:176,(anonymous_11)
FN:196,(anonymous_12)
FN:197,(anonymous_13)
FN:200,(anonymous_14)
FN:203,(anonymous_15)
FN:223,(anonymous_16)
FN:228,(anonymous_17)
FN:249,(anonymous_18)
FN:278,(anonymous_19)
FN:287,(anonymous_20)
FN:293,(anonymous_21)
FN:302,(anonymous_22)
FN:308,(anonymous_23)
FN:317,(anonymous_24)
FNF:25
FNH:22
FNDA:22,(anonymous_0)
FNDA:2,(anonymous_1)
FNDA:7,(anonymous_2)
FNDA:0,(anonymous_3)
FNDA:0,(anonymous_4)
FNDA:8,(anonymous_5)
FNDA:10,(anonymous_6)
FNDA:14,(anonymous_7)
FNDA:15,(anonymous_8)
FNDA:2,(anonymous_9)
FNDA:18,(anonymous_10)
FNDA:3,(anonymous_11)
FNDA:3,(anonymous_12)
FNDA:3,(anonymous_13)
FNDA:4,(anonymous_14)
FNDA:2,(anonymous_15)
FNDA:11,(anonymous_16)
FNDA:3,(anonymous_17)
FNDA:4,(anonymous_18)
FNDA:13,(anonymous_19)
FNDA:13,(anonymous_20)
FNDA:8,(anonymous_21)
FNDA:7,(anonymous_22)
FNDA:0,(anonymous_23)
FNDA:5,(anonymous_24)
DA:2,1
DA:4,1
DA:8,22
DA:14,2
DA:15,2
DA:16,2
DA:17,2
DA:18,2
DA:19,2
DA:21,2
DA:22,2
DA:23,2
DA:24,2
DA:30,7
DA:31,7
DA:34,7
DA:35,7
DA:37,7
DA:38,29
DA:40,7
DA:45,0
DA:46,0
DA:57,0
DA:58,0
DA:59,0
DA:60,0
DA:61,0
DA:62,0
DA:64,0
DA:66,0
DA:71,8
DA:73,8
DA:74,10
DA:75,10
DA:76,4
DA:77,4
DA:78,4
DA:79,4
DA:81,10
DA:84,8
DA:85,14
DA:86,14
DA:87,1
DA:88,1
DA:89,1
DA:90,1
DA:92,14
DA:95,8
DA:96,15
DA:97,0
DA:98,0
DA:99,0
DA:100,0
DA:102,0
DA:103,0
DA:104,15
DA:105,7
DA:106,8
DA:107,0
DA:108,8
DA:109,6
DA:110,3
DA:112,3
DA:113,2
DA:114,2
DA:116,0
DA:120,8
DA:121,2
DA:122,2
DA:123,2
DA:124,2
DA:125,2
DA:126,2
DA:127,0
DA:130,2
DA:132,2
DA:135,8
DA:144,18
DA:146,5
DA:148,3
DA:149,2
DA:150,2
DA:152,3
DA:154,4
DA:155,0
DA:156,0
DA:157,0
DA:159,0
DA:160,0
DA:161,0
DA:165,4
DA:167,3
DA:169,3
DA:171,0
DA:177,3
DA:178,3
DA:179,3
DA:181,3
DA:183,0
DA:185,0
DA:187,0
DA:189,0
DA:191,0
DA:197,3
DA:198,3
DA:200,4
DA:202,1
DA:203,2
DA:205,0
DA:207,0
DA:209,0
DA:224,11
DA:229,3
DA:231,3
DA:232,3
DA:233,0
DA:234,0
DA:237,3
DA:240,3
DA:241,0
DA:245,3
DA:250,4
DA:251,4
DA:252,4
DA:254,4
DA:255,4
DA:256,7
DA:258,8
DA:259,8
DA:260,0
DA:263,8
DA:266,8
DA:267,0
DA:269,8
DA:274,4
DA:279,13
DA:280,13
DA:281,0
DA:284,13
DA:285,13
DA:287,13
DA:288,13
DA:290,13
DA:294,8
DA:295,8
DA:296,3
DA:299,5
DA:300,5
DA:302,7
DA:303,5
DA:305,5
DA:309,0
DA:310,0
DA:311,0
DA:313,0
DA:318,5
DA:319,0
DA:323,5
DA:324,3
DA:325,3
DA:326,3
DA:330,2
LF:162
LH:117
BRDA:16,0,0,1
BRDA:17,1,0,2
BRDA:18,2,0,2
BRDA:21,3,0,1
BRDA:22,4,0,1
BRDA:23,5,0,1
BRDA:30,6,0,7
BRDA:45,7,0,0
BRDA:61,8,0,0
BRDA:75,9,0,14
BRDA:75,9,1,6
BRDA:75,9,2,2
BRDA:86,10,0,15
BRDA:86,10,1,7
BRDA:86,10,2,6
BRDA:96,11,0,0
BRDA:96,11,1,15
BRDA:99,12,0,0
BRDA:104,13,0,7
BRDA:104,13,1,8
BRDA:106,14,0,0
BRDA:106,14,1,8
BRDA:108,15,0,6
BRDA:108,15,1,2
BRDA:109,16,0,3
BRDA:113,17,0,2
BRDA:113,17,1,0
BRDA:122,18,0,2
BRDA:126,19,0,0
BRDA:144,20,0,5
BRDA:144,20,1,3
BRDA:144,20,2,4
BRDA:144,20,3,3
BRDA:144,20,4,3
BRDA:144,20,5,0
BRDA:148,21,0,2
BRDA:154,22,0,0
BRDA:179,23,0,3
BRDA:179,23,1,0
BRDA:179,23,2,0
BRDA:179,23,3,0
BRDA:179,23,4,0
BRDA:179,23,5,0
BRDA:198,24,0,2
BRDA:198,24,1,1
BRDA:198,24,2,0
BRDA:198,24,3,0
BRDA:198,24,4,0
BRDA:224,25,0,11
BRDA:224,25,1,0
BRDA:224,26,0,11
BRDA:224,26,1,11
BRDA:224,27,0,0
BRDA:224,27,1,11
BRDA:224,28,0,11
BRDA:224,28,1,11
BRDA:231,29,0,3
BRDA:231,30,0,3
BRDA:231,30,1,3
BRDA:232,31,0,0
BRDA:232,32,0,3
BRDA:232,32,1,3
BRDA:232,32,2,3
BRDA:232,32,3,3
BRDA:240,33,0,0
BRDA:240,34,0,3
BRDA:240,34,1,3
BRDA:245,35,0,0
BRDA:245,35,1,3
BRDA:245,36,0,3
BRDA:245,36,1,0
BRDA:258,37,0,8
BRDA:258,38,0,8
BRDA:258,38,1,8
BRDA:259,39,0,0
BRDA:259,40,0,8
BRDA:259,40,1,8
BRDA:259,40,2,8
BRDA:259,40,3,8
BRDA:266,41,0,0
BRDA:266,41,1,8
BRDA:266,42,0,8
BRDA:266,42,1,8
BRDA:269,43,0,0
BRDA:269,43,1,8
BRDA:269,44,0,8
BRDA:269,44,1,0
BRDA:280,45,0,0
BRDA:295,46,0,3
BRDA:309,47,0,0
BRDA:318,48,0,0
BRDA:323,49,0,3
BRDA:330,50,0,1
BRDA:330,50,1,1
BRDA:330,51,0,2
BRDA:330,51,1,1
BRF:96
BRH:66
end_of_record
TN:
SF:src/packages/scrollIntoView.ts
FN:20,(anonymous_0)
FN:23,(anonymous_1)
FN:34,(anonymous_2)
FN:46,(anonymous_3)
FN:57,(anonymous_4)
FN:69,(anonymous_5)
FN:104,(anonymous_6)
FN:112,(anonymous_7)
FN:123,(anonymous_8)
FN:131,(anonymous_9)
FN:368,(anonymous_10)
FN:372,(anonymous_11)
FN:383,scrollIntoView
FNF:13
FNH:0
FNDA:0,(anonymous_0)
FNDA:0,(anonymous_1)
FNDA:0,(anonymous_2)
FNDA:0,(anonymous_3)
FNDA:0,(anonymous_4)
FNDA:0,(anonymous_5)
FNDA:0,(anonymous_6)
FNDA:0,(anonymous_7)
FNDA:0,(anonymous_8)
FNDA:0,(anonymous_9)
FNDA:0,(anonymous_10)
FNDA:0,(anonymous_11)
FNDA:0,scrollIntoView
DA:20,0
DA:21,0
DA:23,0
DA:27,0
DA:28,0
DA:31,0
DA:34,0
DA:35,0
DA:36,0
DA:39,0
DA:40,0
DA:42,0
DA:46,0
DA:47,0
DA:48,0
DA:49,0
DA:52,0
DA:57,0
DA:58,0
DA:59,0
DA:60,0
DA:67,0
DA:69,0
DA:79,0
DA:84,0
DA:87,0
DA:91,0
DA:94,0
DA:98,0
DA:101,0
DA:104,0
DA:105,0
DA:106,0
DA:107,0
DA:109,0
DA:112,0
DA:113,0
DA:114,0
DA:123,0
DA:124,0
DA:125,0
DA:129,0
DA:131,0
DA:133,0
DA:134,0
DA:137,0
DA:139,0
DA:140,0
DA:141,0
DA:142,0
DA:144,0
DA:145,0
DA:146,0
DA:149,0
DA:155,0
DA:158,0
DA:159,0
DA:163,0
DA:164,0
DA:165,0
DA:174,0
DA:180,0
DA:183,0
DA:189,0
DA:195,0
DA:196,0
DA:197,0
DA:201,0
DA:203,0
DA:215,0
DA:218,0
DA:219,0
DA:220,0
DA:221,0
DA:222,0
DA:224,0
DA:225,0
DA:228,0
DA:235,0
DA:243,0
DA:249,0
DA:255,0
DA:257,0
DA:258,0
DA:259,0
DA:260,0
DA:261,0
DA:262,0
DA:273,0
DA:276,0
DA:277,0
DA:278,0
DA:279,0
DA:280,0
DA:281,0
DA:283,0
DA:295,0
DA:296,0
DA:298,0
DA:299,0
DA:300,0
DA:301,0
DA:302,0
DA:303,0
DA:314,0
DA:317,0
DA:318,0
DA:319,0
DA:320,0
DA:321,0
DA:322,0
DA:324,0
DA:336,0
DA:337,0
DA:347,0
DA:357,0
DA:358,0
DA:361,0
DA:364,0
DA:368,0
DA:370,0
DA:372,0
DA:373,0
DA:374,0
DA:377,0
DA:378,0
DA:381,0
DA:383,0
DA:388,0
DA:390,0
DA:392,0
DA:393,0
DA:394,0
DA:395,0
LF:134
LH:0
BRDA:21,0,0,0
BRDA:21,0,1,0
BRDA:21,0,2,0
BRDA:27,1,0,0
BRDA:27,2,0,0
BRDA:27,2,1,0
BRDA:31,3,0,0
BRDA:31,3,1,0
BRDA:35,4,0,0
BRDA:35,5,0,0
BRDA:35,5,1,0
BRDA:48,6,0,0
BRDA:53,7,0,0
BRDA:53,7,1,0
BRDA:58,8,0,0
BRDA:58,9,0,0
BRDA:58,9,1,0
BRDA:61,10,0,0
BRDA:61,10,1,0
BRDA:61,10,2,0
BRDA:79,11,0,0
BRDA:80,12,0,0
BRDA:80,12,1,0
BRDA:80,12,2,0
BRDA:80,12,3,0
BRDA:87,13,0,0
BRDA:88,14,0,0
BRDA:88,14,1,0
BRDA:88,14,2,0
BRDA:88,14,3,0
BRDA:94,15,0,0
BRDA:95,16,0,0
BRDA:95,16,1,0
BRDA:95,16,2,0
BRDA:95,16,3,0
BRDA:106,17,0,0
BRDA:107,18,0,0
BRDA:107,18,1,0
BRDA:115,19,0,0
BRDA:115,19,1,0
BRDA:116,20,0,0
BRDA:116,20,1,0
BRDA:117,21,0,0
BRDA:117,21,1,0
BRDA:118,22,0,0
BRDA:118,22,1,0
BRDA:124,23,0,0
BRDA:131,24,0,0
BRDA:131,24,1,0
BRDA:133,25,0,0
BRDA:137,26,0,0
BRDA:137,26,1,0
BRDA:141,27,0,0
BRDA:141,27,1,0
BRDA:144,28,0,0
BRDA:149,29,0,0
BRDA:150,30,0,0
BRDA:150,30,1,0
BRDA:150,30,2,0
BRDA:150,30,3,0
BRDA:158,31,0,0
BRDA:158,32,0,0
BRDA:158,32,1,0
BRDA:163,33,0,0
BRDA:163,33,1,0
BRDA:163,34,0,0
BRDA:163,34,1,0
BRDA:163,35,0,0
BRDA:163,35,1,0
BRDA:163,36,0,0
BRDA:163,36,1,0
BRDA:164,37,0,0
BRDA:164,37,1,0
BRDA:164,38,0,0
BRDA:164,38,1,0
BRDA:164,39,0,0
BRDA:164,39,1,0
BRDA:164,40,0,0
BRDA:164,40,1,0
BRDA:183,41,0,0
BRDA:183,41,1,0
BRDA:183,42,0,0
BRDA:183,42,1,0
BRDA:185,43,0,0
BRDA:185,43,1,0
BRDA:189,44,0,0
BRDA:189,44,1,0
BRDA:191,45,0,0
BRDA:191,45,1,0
BRDA:203,46,0,0
BRDA:204,47,0,0
BRDA:204,47,1,0
BRDA:204,47,2,0
BRDA:204,47,3,0
BRDA:204,47,4,0
BRDA:204,47,5,0
BRDA:204,47,6,0
BRDA:204,47,7,0
BRDA:204,47,8,0
BRDA:204,47,9,0
BRDA:204,47,10,0
BRDA:228,48,0,0
BRDA:228,48,1,0
BRDA:235,49,0,0
BRDA:235,49,1,0
BRDA:243,50,0,0
BRDA:243,50,1,0
BRDA:244,51,0,0
BRDA:244,51,1,0
BRDA:249,52,0,0
BRDA:249,52,1,0
BRDA:250,53,0,0
BRDA:250,53,1,0
BRDA:255,54,0,0
BRDA:255,54,1,0
BRDA:257,55,0,0
BRDA:257,55,1,0
BRDA:259,56,0,0
BRDA:259,56,1,0
BRDA:261,57,0,0
BRDA:261,57,1,0
BRDA:276,58,0,0
BRDA:276,58,1,0
BRDA:278,59,0,0
BRDA:278,59,1,0
BRDA:280,60,0,0
BRDA:280,60,1,0
BRDA:298,61,0,0
BRDA:298,61,1,0
BRDA:300,62,0,0
BRDA:300,62,1,0
BRDA:302,63,0,0
BRDA:302,63,1,0
BRDA:317,64,0,0
BRDA:317,64,1,0
BRDA:319,65,0,0
BRDA:319,65,1,0
BRDA:321,66,0,0
BRDA:321,66,1,0
BRDA:338,67,0,0
BRDA:338,67,1,0
BRDA:348,68,0,0
BRDA:348,68,1,0
BRDA:370,69,0,0
BRDA:370,69,1,0
BRDA:373,70,0,0
BRDA:377,71,0,0
BRDA:390,72,0,0
BRDA:390,72,1,0
BRDA:390,73,0,0
BRDA:390,73,1,0
BRDA:390,74,0,0
BRDA:390,74,1,0
BRF:153
BRH:0
end_of_record
TN:
SF:src/packages/sparsegrid.ts
FN:3,(anonymous_0)
FN:6,(anonymous_1)
FN:23,(anonymous_2)
FN:36,(anonymous_3)
FN:39,(anonymous_4)
FN:41,(anonymous_5)
FN:47,(anonymous_6)
FN:61,(anonymous_7)
FN:68,(anonymous_8)
FN:70,(anonymous_9)
FN:75,(anonymous_10)
FN:92,(anonymous_11)
FN:101,(anonymous_12)
FN:105,(anonymous_13)
FN:109,(anonymous_14)
FN:113,(anonymous_15)
FN:154,(anonymous_16)
FN:158,(anonymous_17)
FN:163,(anonymous_18)
FN:176,(anonymous_19)
FN:187,(anonymous_20)
FN:203,(anonymous_21)
FN:214,(anonymous_22)
FN:233,(anonymous_23)
FN:270,(anonymous_24)
FN:301,(anonymous_25)
FN:308,(anonymous_26)
FN:313,(anonymous_27)
FN:355,(anonymous_28)
FN:360,(anonymous_29)
FN:362,(anonymous_30)
FN:366,(anonymous_31)
FN:369,(anonymous_32)
FN:383,(anonymous_33)
FN:398,(anonymous_34)
FN:408,(anonymous_35)
FN:416,(anonymous_36)
FN:422,(anonymous_37)
FN:435,(anonymous_38)
FN:455,(anonymous_39)
FN:456,(anonymous_40)
FN:457,(anonymous_41)
FN:458,(anonymous_42)
FN:459,(anonymous_43)
FN:460,(anonymous_44)
FN:461,(anonymous_45)
FN:462,(anonymous_46)
FN:467,(anonymous_47)
FN:472,(anonymous_48)
FN:474,(anonymous_49)
FN:486,(anonymous_50)
FN:495,(anonymous_51)
FNF:52
FNH:39
FNDA:2,(anonymous_0)
FNDA:50,(anonymous_1)
FNDA:38,(anonymous_2)
FNDA:1,(anonymous_3)
FNDA:2,(anonymous_4)
FNDA:4,(anonymous_5)
FNDA:2,(anonymous_6)
FNDA:1,(anonymous_7)
FNDA:2,(anonymous_8)
FNDA:4,(anonymous_9)
FNDA:2,(anonymous_10)
FNDA:0,(anonymous_11)
FNDA:35,(anonymous_12)
FNDA:51,(anonymous_13)
FNDA:4,(anonymous_14)
FNDA:52,(anonymous_15)
FNDA:2,(anonymous_16)
FNDA:1,(anonymous_17)
FNDA:1,(anonymous_18)
FNDA:1,(anonymous_19)
FNDA:1,(anonymous_20)
FNDA:1,(anonymous_21)
FNDA:1,(anonymous_22)
FNDA:5,(anonymous_23)
FNDA:8,(anonymous_24)
FNDA:19,(anonymous_25)
FNDA:10,(anonymous_26)
FNDA:0,(anonymous_27)
FNDA:0,(anonymous_28)
FNDA:0,(anonymous_29)
FNDA:0,(anonymous_30)
FNDA:0,(anonymous_31)
FNDA:1,(anonymous_32)
FNDA:0,(anonymous_33)
FNDA:0,(anonymous_34)
FNDA:1,(anonymous_35)
FNDA:3,(anonymous_36)
FNDA:6,(anonymous_37)
FNDA:0,(anonymous_38)
FNDA:3,(anonymous_39)
FNDA:25,(anonymous_40)
FNDA:3,(anonymous_41)
FNDA:25,(anonymous_42)
FNDA:10,(anonymous_43)
FNDA:1,(anonymous_44)
FNDA:2,(anonymous_45)
FNDA:0,(anonymous_46)
FNDA:0,(anonymous_47)
FNDA:0,(anonymous_48)
FNDA:0,(anonymous_49)
FNDA:1,(anonymous_50)
FNDA:1,(anonymous_51)
DA:4,2
DA:7,50
DA:10,2
DA:11,2
DA:24,38
DA:25,38
DA:26,38
DA:27,38
DA:28,38
DA:29,38
DA:30,38
DA:31,38
DA:32,38
DA:33,38
DA:37,1
DA:39,2
DA:41,4
DA:47,2
DA:58,1
DA:62,1
DA:65,1
DA:68,1
DA:69,2
DA:70,2
DA:71,4
DA:75,1
DA:76,2
DA:80,1
DA:81,1
DA:82,1
DA:83,1
DA:84,1
DA:85,1
DA:86,1
DA:88,1
DA:93,0
DA:94,0
DA:95,0
DA:97,0
DA:98,0
DA:102,35
DA:103,35
DA:106,51
DA:107,51
DA:110,4
DA:111,4
DA:114,52
DA:115,2
DA:118,50
DA:119,50
DA:120,50
DA:122,50
DA:123,35
DA:124,35
DA:125,35
DA:128,35
DA:129,35
DA:132,50
DA:133,50
DA:134,50
DA:136,50
DA:137,40
DA:138,40
DA:140,50
DA:143,50
DA:144,50
DA:147,50
DA:148,50
DA:149,50
DA:151,50
DA:155,2
DA:156,2
DA:159,1
DA:160,1
DA:164,1
DA:165,1
DA:166,1
DA:167,1
DA:169,1
DA:171,1
DA:172,1
DA:173,1
DA:177,1
DA:178,1
DA:179,1
DA:181,1
DA:182,1
DA:183,1
DA:184,1
DA:188,1
DA:189,1
DA:190,1
DA:191,1
DA:192,1
DA:193,1
DA:194,1
DA:195,1
DA:198,1
DA:199,1
DA:200,1
DA:204,1
DA:205,1
DA:206,1
DA:207,1
DA:208,1
DA:211,1
DA:215,1
DA:216,1
DA:217,1
DA:218,1
DA:219,1
DA:221,1
DA:222,1
DA:223,1
DA:224,1
DA:226,1
DA:228,1
DA:229,1
DA:230,1
DA:234,5
DA:235,1
DA:238,4
DA:239,4
DA:240,4
DA:241,4
DA:244,4
DA:245,3
DA:246,3
DA:250,4
DA:251,4
DA:252,4
DA:255,4
DA:256,4
DA:257,4
DA:259,4
DA:260,4
DA:263,4
DA:264,4
DA:267,4
DA:271,8
DA:272,2
DA:273,2
DA:274,2
DA:275,2
DA:276,2
DA:279,6
DA:280,6
DA:281,6
DA:282,6
DA:284,6
DA:285,9
DA:286,9
DA:287,9
DA:288,9
DA:289,20
DA:290,20
DA:291,20
DA:295,6
DA:296,6
DA:297,6
DA:298,6
DA:302,19
DA:303,1
DA:305,18
DA:309,10
DA:310,9
DA:314,0
DA:315,0
DA:316,0
DA:319,0
DA:320,0
DA:322,0
DA:323,0
DA:324,0
DA:325,0
DA:326,0
DA:327,0
DA:329,0
DA:330,0
DA:336,0
DA:337,0
DA:338,0
DA:339,0
DA:340,0
DA:341,0
DA:346,0
DA:347,0
DA:348,0
DA:351,0
DA:356,0
DA:361,0
DA:362,0
DA:370,1
DA:371,1
DA:372,2
DA:373,4
DA:374,2
DA:375,2
DA:376,2
DA:380,1
DA:384,0
DA:385,0
DA:386,0
DA:387,0
DA:388,0
DA:389,0
DA:390,0
DA:391,0
DA:395,0
DA:399,0
DA:400,0
DA:401,0
DA:402,0
DA:405,0
DA:409,1
DA:410,1
DA:411,1
DA:414,1
DA:416,3
DA:418,1
DA:420,2
DA:422,6
DA:424,2
DA:425,4
DA:433,1
DA:436,0
DA:437,0
DA:438,0
DA:439,0
DA:440,0
DA:441,0
DA:446,0
DA:447,0
DA:451,0
DA:455,3
DA:456,25
DA:457,3
DA:458,25
DA:459,10
DA:460,1
DA:461,2
DA:463,0
DA:468,0
DA:472,0
DA:475,0
DA:487,1
DA:488,1
DA:489,1
DA:490,1
DA:491,1
DA:492,1
DA:496,1
DA:497,1
DA:498,2
DA:499,2
DA:500,5
DA:501,3
LF:257
LH:199
BRDA:42,0,0,0
BRDA:42,0,1,4
BRDA:94,1,0,0
BRDA:102,2,0,0
BRDA:106,3,0,0
BRDA:110,4,0,0
BRDA:114,5,0,2
BRDA:114,6,0,52
BRDA:114,6,1,51
BRDA:119,7,0,50
BRDA:119,7,1,15
BRDA:120,8,0,50
BRDA:120,8,1,50
BRDA:122,9,0,35
BRDA:128,10,0,21
BRDA:129,11,0,35
BRDA:132,12,0,50
BRDA:136,13,0,40
BRDA:143,14,0,21
BRDA:144,15,0,40
BRDA:148,16,0,50
BRDA:156,17,0,1
BRDA:159,18,0,0
BRDA:165,19,0,1
BRDA:176,20,0,0
BRDA:177,21,0,1
BRDA:177,21,1,0
BRDA:181,22,0,1
BRDA:187,23,0,0
BRDA:188,24,0,1
BRDA:188,24,1,0
BRDA:190,25,0,0
BRDA:193,26,0,1
BRDA:198,27,0,1
BRDA:206,28,0,0
BRDA:207,29,0,1
BRDA:207,30,0,1
BRDA:207,30,1,1
BRDA:218,31,0,1
BRDA:222,32,0,0
BRDA:223,33,0,1
BRDA:234,34,0,1
BRDA:244,35,0,3
BRDA:250,36,0,4
BRDA:256,37,0,4
BRDA:256,38,0,4
BRDA:256,38,1,0
BRDA:259,39,0,4
BRDA:259,40,0,4
BRDA:259,40,1,0
BRDA:263,41,0,4
BRDA:271,42,0,2
BRDA:286,43,0,6
BRDA:287,44,0,9
BRDA:290,45,0,6
BRDA:291,46,0,9
BRDA:302,47,0,1
BRDA:302,48,0,19
BRDA:302,48,1,18
BRDA:308,49,0,1
BRDA:309,50,0,1
BRDA:310,51,0,9
BRDA:310,51,1,7
BRDA:320,52,0,0
BRDA:320,53,0,0
BRDA:320,53,1,0
BRDA:322,54,0,0
BRDA:329,55,0,0
BRDA:329,56,0,0
BRDA:329,56,1,0
BRDA:337,57,0,0
BRDA:340,58,0,0
BRDA:340,59,0,0
BRDA:340,59,1,0
BRDA:347,60,0,0
BRDA:356,61,0,0
BRDA:356,61,1,0
BRDA:373,62,0,2
BRDA:374,63,0,2
BRDA:374,64,0,2
BRDA:374,64,1,2
BRDA:386,65,0,0
BRDA:386,66,0,0
BRDA:386,66,1,0
BRDA:388,67,0,0
BRDA:388,68,0,0
BRDA:388,68,1,0
BRDA:389,69,0,0
BRDA:389,70,0,0
BRDA:389,70,1,0
BRDA:416,71,0,3
BRDA:416,71,1,3
BRDA:422,72,0,6
BRDA:422,72,1,4
BRDA:440,73,0,0
BRDA:455,74,0,1
BRDA:455,74,1,2
BRDA:456,75,0,1
BRDA:456,75,1,24
BRDA:457,76,0,1
BRDA:457,76,1,2
BRDA:458,77,0,1
BRDA:458,77,1,24
BRDA:463,78,0,0
BRDA:463,78,1,0
BRDA:463,79,0,0
BRDA:463,79,1,0
BRDA:468,80,0,0
BRDA:468,80,1,0
BRDA:468,81,0,0
BRDA:468,81,1,0
BRDA:498,82,0,0
BRDA:500,83,0,2
BRF:113
BRH:65
end_of_record
TN:
SF:src/packages/tooltip.ts
FN:1,tooltip
FN:16,(anonymous_1)
FN:21,(anonymous_2)
FNF:3
FNH:0
FNDA:0,tooltip
FNDA:0,(anonymous_1)
FNDA:0,(anonymous_2)
DA:1,0
DA:2,0
DA:3,0
DA:7,0
DA:8,0
DA:9,0
DA:10,0
DA:12,0
DA:13,0
DA:14,0
DA:15,0
DA:16,0
DA:17,0
DA:18,0
DA:21,0
DA:22,0
DA:23,0
LF:17
LH:0
BRDA:2,0,0,0
BRDA:10,1,0,0
BRDA:10,1,1,0
BRDA:17,2,0,0
BRDA:22,3,0,0
BRF:5
BRH:0
end_of_record
TN:
SF:src/packages/financial/FinData.ts
FN:4,(anonymous_0)
FN:11,(anonymous_1)
FN:15,(anonymous_2)
FNF:3
FNH:0
FNDA:0,(anonymous_0)
FNDA:0,(anonymous_1)
FNDA:0,(anonymous_2)
DA:1,0
DA:5,0
DA:6,0
DA:8,0
DA:9,0
DA:12,0
DA:13,0
DA:16,0
DA:17,0
DA:18,0
LF:10
LH:0
BRDA:5,0,0,0
BRDA:12,1,0,0
BRDA:16,2,0,0
BRDA:17,3,0,0
BRDA:17,4,0,0
BRDA:17,4,1,0
BRDA:17,5,0,0
BRDA:17,5,1,0
BRF:8
BRH:0
end_of_record
TN:
SF:src/packages/financial/index.ts
FN:7,(anonymous_1)
FN:14,(anonymous_2)
FN:20,(anonymous_3)
FN:23,(anonymous_4)
FNF:4
FNH:0
FNDA:0,(anonymous_1)
FNDA:0,(anonymous_2)
FNDA:0,(anonymous_3)
FNDA:0,(anonymous_4)
DA:1,0
DA:3,0
DA:8,0
DA:9,0
DA:11,0
DA:12,0
DA:13,0
DA:14,0
DA:15,0
DA:16,0
DA:21,0
DA:24,0
LF:12
LH:0
BRDA:8,0,0,0
BRF:1
BRH:0
end_of_record
TN:
SF:src/packages/financial/ya.ts
FN:15,(anonymous_1)
FN:65,(anonymous_2)
FN:72,(anonymous_3)
FN:32,(anonymous_4)
FN:37,(anonymous_5)
FN:40,(anonymous_6)
FN:43,(anonymous_7)
FN:50,(anonymous_8)
FN:60,(anonymous_9)
FN:86,(anonymous_10)
FN:89,(anonymous_11)
FNF:11
FNH:0
FNDA:0,(anonymous_1)
FNDA:0,(anonymous_2)
FNDA:0,(anonymous_3)
FNDA:0,(anonymous_4)
FNDA:0,(anonymous_5)
FNDA:0,(anonymous_6)
FNDA:0,(anonymous_7)
FNDA:0,(anonymous_8)
FNDA:0,(anonymous_9)
FNDA:0,(anonymous_10)
FNDA:0,(anonymous_11)
DA:1,0
DA:7,0
DA:16,0
DA:17,0
DA:18,0
DA:19,0
DA:20,0
DA:21,0
DA:22,0
DA:33,0
DA:38,0
DA:41,0
DA:44,0
DA:45,0
DA:46,0
DA:49,0
DA:50,0
DA:51,0
DA:52,0
DA:53,0
DA:56,0
DA:58,0
DA:61,0
DA:62,0
DA:65,0
DA:66,0
DA:67,0
DA:68,0
DA:72,0
DA:75,0
DA:76,0
DA:77,0
DA:79,0
DA:80,0
DA:81,0
DA:83,0
DA:90,0
DA:91,0
DA:92,0
DA:94,0
DA:96,0
DA:97,0
LF:42
LH:0
BRDA:68,0,0,0
BRDA:68,0,1,0
BRDA:68,1,0,0
BRDA:68,1,1,0
BRDA:75,2,0,0
BRDA:21,3,0,0
BRDA:21,3,1,0
BRDA:21,4,0,0
BRDA:21,4,1,0
BRDA:44,5,0,0
BRDA:44,5,1,0
BRDA:45,6,0,0
BRDA:52,7,0,0
BRDA:91,8,0,0
BRDA:96,9,0,0
BRF:15
BRH:0
end_of_record
TN:
SF:src/sheet/copypaste.ts
FN:4,parseXML
FN:38,(anonymous_1)
FN:39,(anonymous_2)
FN:108,toXML
FN:147,(anonymous_4)
FN:220,(anonymous_5)
FN:223,(anonymous_6)
FN:249,(anonymous_7)
FN:252,(anonymous_8)
FN:274,(anonymous_9)
FN:305,(anonymous_10)
FNF:11
FNH:0
FNDA:0,parseXML
FNDA:0,(anonymous_1)
FNDA:0,(anonymous_2)
FNDA:0,toXML
FNDA:0,(anonymous_4)
FNDA:0,(anonymous_5)
FNDA:0,(anonymous_6)
FNDA:0,(anonymous_7)
FNDA:0,(anonymous_8)
FNDA:0,(anonymous_9)
FNDA:0,(anonymous_10)
DA:2,0
DA:4,0
DA:5,0
DA:7,0
DA:8,0
DA:9,0
DA:10,0
DA:11,0
DA:13,0
DA:14,0
DA:15,0
DA:16,0
DA:22,0
DA:32,0
DA:33,0
DA:34,0
DA:35,0
DA:36,0
DA:37,0
DA:38,0
DA:39,0
DA:40,0
DA:41,0
DA:42,0
DA:45,0
DA:46,0
DA:47,0
DA:50,0
DA:51,0
DA:54,0
DA:55,0
DA:57,0
DA:58,0
DA:59,0
DA:60,0
DA:61,0
DA:62,0
DA:63,0
DA:64,0
DA:65,0
DA:66,0
DA:67,0
DA:68,0
DA:69,0
DA:70,0
DA:71,0
DA:72,0
DA:73,0
DA:74,0
DA:75,0
DA:78,0
DA:79,0
DA:82,0
DA:83,0
DA:84,0
DA:85,0
DA:88,0
DA:90,0
DA:92,0
DA:93,0
DA:95,0
DA:97,0
DA:99,0
DA:100,0
DA:105,0
DA:108,0
DA:109,0
DA:140,0
DA:142,0
DA:143,0
DA:144,0
DA:145,0
DA:147,0
DA:148,0
DA:149,0
DA:150,0
DA:152,0
DA:154,0
DA:155,0
DA:156,0
DA:157,0
DA:158,0
DA:159,0
DA:160,0
DA:161,0
DA:162,0
DA:163,0
DA:164,0
DA:165,0
DA:167,0
DA:169,0
DA:170,0
DA:171,0
DA:172,0
DA:174,0
DA:175,0
DA:177,0
DA:179,0
DA:180,0
DA:181,0
DA:183,0
DA:184,0
DA:185,0
DA:186,0
DA:188,0
DA:189,0
DA:190,0
DA:191,0
DA:192,0
DA:193,0
DA:194,0
DA:196,0
DA:197,0
DA:198,0
DA:199,0
DA:201,0
DA:202,0
DA:203,0
DA:204,0
DA:206,0
DA:207,0
DA:208,0
DA:209,0
DA:213,0
DA:215,0
DA:218,0
DA:221,0
DA:224,0
DA:226,0
DA:227,0
DA:228,0
DA:229,0
DA:230,0
DA:231,0
DA:233,0
DA:236,0
DA:237,0
DA:242,0
DA:243,0
DA:247,0
DA:250,0
DA:253,0
DA:260,0
DA:261,0
DA:262,0
DA:264,0
DA:265,0
DA:269,0
DA:271,0
DA:275,0
DA:276,0
DA:278,0
DA:279,0
DA:280,0
DA:282,0
DA:283,0
DA:284,0
DA:285,0
DA:286,0
DA:287,0
DA:288,0
DA:294,0
DA:295,0
DA:300,0
DA:301,0
DA:307,0
DA:308,0
DA:310,0
DA:311,0
DA:313,0
DA:314,0
DA:315,0
DA:316,0
DA:317,0
DA:318,0
DA:319,0
DA:320,0
DA:321,0
DA:322,0
DA:323,0
DA:324,0
DA:325,0
DA:326,0
DA:327,0
DA:328,0
DA:330,0
DA:331,0
DA:332,0
DA:333,0
DA:334,0
DA:340,0
DA:341,0
DA:343,0
DA:344,0
LF:194
LH:0
BRDA:5,0,0,0
BRDA:10,1,0,0
BRDA:15,2,0,0
BRDA:15,3,0,0
BRDA:15,3,1,0
BRDA:38,4,0,0
BRDA:38,4,1,0
BRDA:41,5,0,0
BRDA:58,6,0,0
BRDA:58,7,0,0
BRDA:58,7,1,0
BRDA:58,8,0,0
BRDA:58,9,0,0
BRDA:58,9,1,0
BRDA:59,10,0,0
BRDA:59,11,0,0
BRDA:59,11,1,0
BRDA:59,12,0,0
BRDA:59,13,0,0
BRDA:59,13,1,0
BRDA:62,14,0,0
BRDA:62,14,1,0
BRDA:62,15,0,0
BRDA:62,15,1,0
BRDA:63,16,0,0
BRDA:63,16,1,0
BRDA:64,17,0,0
BRDA:64,18,0,0
BRDA:64,18,1,0
BRDA:66,19,0,0
BRDA:66,20,0,0
BRDA:66,20,1,0
BRDA:67,21,0,0
BRDA:67,22,0,0
BRDA:67,22,1,0
BRDA:69,23,0,0
BRDA:69,24,0,0
BRDA:69,24,1,0
BRDA:69,24,2,0
BRDA:70,25,0,0
BRDA:71,26,0,0
BRDA:73,27,0,0
BRDA:73,28,0,0
BRDA:73,28,1,0
BRDA:75,29,0,0
BRDA:78,30,0,0
BRDA:82,31,0,0
BRDA:82,31,1,0
BRDA:83,32,0,0
BRDA:83,32,1,0
BRDA:84,33,0,0
BRDA:84,33,1,0
BRDA:84,34,0,0
BRDA:84,34,1,0
BRDA:92,35,0,0
BRDA:148,36,0,0
BRDA:163,37,0,0
BRDA:169,38,0,0
BRDA:174,39,0,0
BRDA:175,40,0,0
BRDA:177,41,0,0
BRDA:177,41,1,0
BRDA:179,42,0,0
BRDA:183,43,0,0
BRDA:188,44,0,0
BRDA:188,44,1,0
BRDA:189,45,0,0
BRDA:189,45,1,0
BRDA:190,46,0,0
BRDA:190,46,1,0
BRDA:191,47,0,0
BRDA:196,48,0,0
BRDA:201,49,0,0
BRDA:206,50,0,0
BRDA:231,51,0,0
BRDA:233,52,0,0
BRDA:253,53,0,0
BRDA:261,54,0,0
BRDA:261,54,1,0
BRDA:275,55,0,0
BRDA:287,56,0,0
BRDA:287,57,0,0
BRDA:287,57,1,0
BRDA:300,58,0,0
BRDA:343,59,0,0
BRF:85
BRH:0
end_of_record
TN:
SF:src/sheet/index.ts
FN:105,(anonymous_10)
FN:314,(anonymous_11)
FN:320,(anonymous_12)
FN:327,(anonymous_13)
FN:966,(anonymous_14)
FN:968,(anonymous_15)
FN:2168,(anonymous_16)
FN:2181,(anonymous_17)
FN:261,(anonymous_18)
FN:263,(anonymous_19)
FN:284,(anonymous_20)
FN:291,(anonymous_21)
FN:301,(anonymous_22)
FN:331,(anonymous_23)
FN:332,(anonymous_24)
FN:333,(anonymous_25)
FN:338,(anonymous_26)
FN:359,(anonymous_27)
FN:366,(anonymous_28)
FN:374,(anonymous_29)
FN:380,(anonymous_30)
FN:394,(anonymous_31)
FN:397,(anonymous_32)
FN:426,(anonymous_33)
FN:431,(anonymous_34)
FN:469,(anonymous_35)
FN:481,(anonymous_36)
FN:493,(anonymous_37)
FN:502,(anonymous_38)
FN:521,(anonymous_39)
FN:527,(anonymous_40)
FN:533,(anonymous_41)
FN:534,(anonymous_42)
FN:540,(anonymous_43)
FN:541,(anonymous_44)
FN:548,(anonymous_45)
FN:572,(anonymous_46)
FN:580,(anonymous_47)
FN:589,(anonymous_48)
FN:606,(anonymous_49)
FN:615,(anonymous_50)
FN:633,(anonymous_51)
FN:644,(anonymous_52)
FN:655,(anonymous_53)
FN:664,(anonymous_54)
FN:680,(anonymous_55)
FN:689,(anonymous_56)
FN:706,(anonymous_57)
FN:711,(anonymous_58)
FN:716,(anonymous_59)
FN:744,(anonymous_60)
FN:756,(anonymous_61)
FN:765,(anonymous_62)
FN:773,(anonymous_63)
FN:781,(anonymous_64)
FN:789,(anonymous_65)
FN:802,(anonymous_66)
FN:820,(anonymous_67)
FN:831,(anonymous_68)
FN:835,(anonymous_69)
FN:844,(anonymous_70)
FN:846,(anonymous_71)
FN:853,(anonymous_72)
FN:855,(anonymous_73)
FN:865,(anonymous_74)
FN:869,(anonymous_75)
FN:872,(anonymous_76)
FN:897,(anonymous_77)
FN:900,(anonymous_78)
FN:903,(anonymous_79)
FN:906,(anonymous_80)
FN:909,(anonymous_81)
FN:914,(anonymous_82)
FN:919,(anonymous_83)
FN:924,(anonymous_84)
FN:928,(anonymous_85)
FN:943,(anonymous_86)
FN:948,(anonymous_87)
FN:951,(anonymous_88)
FN:954,(anonymous_89)
FN:957,(anonymous_90)
FN:960,(anonymous_91)
FN:963,(anonymous_92)
FN:975,(anonymous_93)
FN:1000,(anonymous_94)
FN:1011,(anonymous_95)
FN:1014,(anonymous_96)
FN:1023,(anonymous_97)
FN:1028,(anonymous_98)
FN:1037,(anonymous_99)
FN:1054,(anonymous_100)
FN:1076,(anonymous_101)
FN:1092,(anonymous_102)
FN:1101,(anonymous_103)
FN:1112,(anonymous_104)
FN:1114,(anonymous_105)
FN:1115,(anonymous_106)
FN:1117,(anonymous_107)
FN:1118,(anonymous_108)
FN:1131,(anonymous_109)
FN:1138,(anonymous_110)
FN:1150,(anonymous_111)
FN:1178,(anonymous_112)
FN:1179,(anonymous_113)
FN:1182,(anonymous_114)
FN:1203,(anonymous_115)
FN:1220,(anonymous_116)
FN:1230,(anonymous_117)
FN:1243,(anonymous_118)
FN:1251,(anonymous_119)
FN:1264,(anonymous_120)
FN:1329,(anonymous_121)
FN:1388,(anonymous_122)
FN:1406,(anonymous_123)
FN:1441,(anonymous_124)
FN:1474,(anonymous_125)
FN:1481,(anonymous_126)
FN:1489,(anonymous_127)
FN:1523,(anonymous_128)
FN:1606,(anonymous_129)
FN:1616,(anonymous_130)
FN:1628,(anonymous_131)
FN:1636,(anonymous_132)
FN:1641,(anonymous_133)
FN:1646,(anonymous_134)
FN:1649,(anonymous_135)
FN:1653,(anonymous_136)
FN:1674,(anonymous_137)
FN:1693,(anonymous_138)
FN:1698,(anonymous_139)
FN:1703,(anonymous_140)
FN:1709,(anonymous_141)
FN:1740,(anonymous_142)
FN:1765,(anonymous_143)
FN:1771,(anonymous_144)
FN:1781,(anonymous_145)
FN:1790,(anonymous_146)
FN:1792,(anonymous_147)
FN:1806,(anonymous_148)
FN:1816,(anonymous_149)
FN:1851,(anonymous_150)
FN:1855,(anonymous_151)
FN:1859,(anonymous_152)
FN:1867,(anonymous_153)
FN:1877,(anonymous_154)
FN:1908,(anonymous_155)
FN:1917,(anonymous_156)
FN:1920,(anonymous_157)
FN:1923,(anonymous_158)
FN:1926,(anonymous_159)
FN:1932,(anonymous_160)
FN:1940,(anonymous_161)
FN:1943,(anonymous_162)
FN:1946,(anonymous_163)
FN:1949,(anonymous_164)
FN:1965,(anonymous_165)
FN:1986,(anonymous_166)
FN:2069,(anonymous_167)
FN:2075,(anonymous_168)
FN:2087,(anonymous_169)
FN:2143,(anonymous_170)
FN:2158,(anonymous_171)
FN:2251,(anonymous_172)
FN:2262,(anonymous_173)
FN:2280,(anonymous_174)
FN:2284,(anonymous_175)
FN:2290,(anonymous_176)
FN:2294,(anonymous_177)
FN:2298,(anonymous_178)
FN:2306,(anonymous_179)
FN:2309,(anonymous_180)
FN:2315,(anonymous_181)
FN:2324,(anonymous_182)
FN:2325,(anonymous_183)
FN:2337,(anonymous_184)
FN:2358,(anonymous_185)
FN:2359,(anonymous_186)
FN:2370,(anonymous_187)
FN:2380,(anonymous_188)
FN:2397,(anonymous_189)
FN:2401,(anonymous_190)
FN:2408,(anonymous_191)
FN:2413,(anonymous_192)
FN:2416,(anonymous_193)
FN:2421,(anonymous_194)
FN:2445,(anonymous_195)
FN:2462,(anonymous_196)
FN:2508,(anonymous_197)
FN:2512,(anonymous_198)
FN:2519,(anonymous_199)
FN:2544,(anonymous_200)
FNF:191
FNH:0
FNDA:0,(anonymous_10)
FNDA:0,(anonymous_11)
FNDA:0,(anonymous_12)
FNDA:0,(anonymous_13)
FNDA:0,(anonymous_14)
FNDA:0,(anonymous_15)
FNDA:0,(anonymous_16)
FNDA:0,(anonymous_17)
FNDA:0,(anonymous_18)
FNDA:0,(anonymous_19)
FNDA:0,(anonymous_20)
FNDA:0,(anonymous_21)
FNDA:0,(anonymous_22)
FNDA:0,(anonymous_23)
FNDA:0,(anonymous_24)
FNDA:0,(anonymous_25)
FNDA:0,(anonymous_26)
FNDA:0,(anonymous_27)
FNDA:0,(anonymous_28)
FNDA:0,(anonymous_29)
FNDA:0,(anonymous_30)
FNDA:0,(anonymous_31)
FNDA:0,(anonymous_32)
FNDA:0,(anonymous_33)
FNDA:0,(anonymous_34)
FNDA:0,(anonymous_35)
FNDA:0,(anonymous_36)
FNDA:0,(anonymous_37)
FNDA:0,(anonymous_38)
FNDA:0,(anonymous_39)
FNDA:0,(anonymous_40)
FNDA:0,(anonymous_41)
FNDA:0,(anonymous_42)
FNDA:0,(anonymous_43)
FNDA:0,(anonymous_44)
FNDA:0,(anonymous_45)
FNDA:0,(anonymous_46)
FNDA:0,(anonymous_47)
FNDA:0,(anonymous_48)
FNDA:0,(anonymous_49)
FNDA:0,(anonymous_50)
FNDA:0,(anonymous_51)
FNDA:0,(anonymous_52)
FNDA:0,(anonymous_53)
FNDA:0,(anonymous_54)
FNDA:0,(anonymous_55)
FNDA:0,(anonymous_56)
FNDA:0,(anonymous_57)
FNDA:0,(anonymous_58)
FNDA:0,(anonymous_59)
FNDA:0,(anonymous_60)
FNDA:0,(anonymous_61)
FNDA:0,(anonymous_62)
FNDA:0,(anonymous_63)
FNDA:0,(anonymous_64)
FNDA:0,(anonymous_65)
FNDA:0,(anonymous_66)
FNDA:0,(anonymous_67)
FNDA:0,(anonymous_68)
FNDA:0,(anonymous_69)
FNDA:0,(anonymous_70)
FNDA:0,(anonymous_71)
FNDA:0,(anonymous_72)
FNDA:0,(anonymous_73)
FNDA:0,(anonymous_74)
FNDA:0,(anonymous_75)
FNDA:0,(anonymous_76)
FNDA:0,(anonymous_77)
FNDA:0,(anonymous_78)
FNDA:0,(anonymous_79)
FNDA:0,(anonymous_80)
FNDA:0,(anonymous_81)
FNDA:0,(anonymous_82)
FNDA:0,(anonymous_83)
FNDA:0,(anonymous_84)
FNDA:0,(anonymous_85)
FNDA:0,(anonymous_86)
FNDA:0,(anonymous_87)
FNDA:0,(anonymous_88)
FNDA:0,(anonymous_89)
FNDA:0,(anonymous_90)
FNDA:0,(anonymous_91)
FNDA:0,(anonymous_92)
FNDA:0,(anonymous_93)
FNDA:0,(anonymous_94)
FNDA:0,(anonymous_95)
FNDA:0,(anonymous_96)
FNDA:0,(anonymous_97)
FNDA:0,(anonymous_98)
FNDA:0,(anonymous_99)
FNDA:0,(anonymous_100)
FNDA:0,(anonymous_101)
FNDA:0,(anonymous_102)
FNDA:0,(anonymous_103)
FNDA:0,(anonymous_104)
FNDA:0,(anonymous_105)
FNDA:0,(anonymous_106)
FNDA:0,(anonymous_107)
FNDA:0,(anonymous_108)
FNDA:0,(anonymous_109)
FNDA:0,(anonymous_110)
FNDA:0,(anonymous_111)
FNDA:0,(anonymous_112)
FNDA:0,(anonymous_113)
FNDA:0,(anonymous_114)
FNDA:0,(anonymous_115)
FNDA:0,(anonymous_116)
FNDA:0,(anonymous_117)
FNDA:0,(anonymous_118)
FNDA:0,(anonymous_119)
FNDA:0,(anonymous_120)
FNDA:0,(anonymous_121)
FNDA:0,(anonymous_122)
FNDA:0,(anonymous_123)
FNDA:0,(anonymous_124)
FNDA:0,(anonymous_125)
FNDA:0,(anonymous_126)
FNDA:0,(anonymous_127)
FNDA:0,(anonymous_128)
FNDA:0,(anonymous_129)
FNDA:0,(anonymous_130)
FNDA:0,(anonymous_131)
FNDA:0,(anonymous_132)
FNDA:0,(anonymous_133)
FNDA:0,(anonymous_134)
FNDA:0,(anonymous_135)
FNDA:0,(anonymous_136)
FNDA:0,(anonymous_137)
FNDA:0,(anonymous_138)
FNDA:0,(anonymous_139)
FNDA:0,(anonymous_140)
FNDA:0,(anonymous_141)
FNDA:0,(anonymous_142)
FNDA:0,(anonymous_143)
FNDA:0,(anonymous_144)
FNDA:0,(anonymous_145)
FNDA:0,(anonymous_146)
FNDA:0,(anonymous_147)
FNDA:0,(anonymous_148)
FNDA:0,(anonymous_149)
FNDA:0,(anonymous_150)
FNDA:0,(anonymous_151)
FNDA:0,(anonymous_152)
FNDA:0,(anonymous_153)
FNDA:0,(anonymous_154)
FNDA:0,(anonymous_155)
FNDA:0,(anonymous_156)
FNDA:0,(anonymous_157)
FNDA:0,(anonymous_158)
FNDA:0,(anonymous_159)
FNDA:0,(anonymous_160)
FNDA:0,(anonymous_161)
FNDA:0,(anonymous_162)
FNDA:0,(anonymous_163)
FNDA:0,(anonymous_164)
FNDA:0,(anonymous_165)
FNDA:0,(anonymous_166)
FNDA:0,(anonymous_167)
FNDA:0,(anonymous_168)
FNDA:0,(anonymous_169)
FNDA:0,(anonymous_170)
FNDA:0,(anonymous_171)
FNDA:0,(anonymous_172)
FNDA:0,(anonymous_173)
FNDA:0,(anonymous_174)
FNDA:0,(anonymous_175)
FNDA:0,(anonymous_176)
FNDA:0,(anonymous_177)
FNDA:0,(anonymous_178)
FNDA:0,(anonymous_179)
FNDA:0,(anonymous_180)
FNDA:0,(anonymous_181)
FNDA:0,(anonymous_182)
FNDA:0,(anonymous_183)
FNDA:0,(anonymous_184)
FNDA:0,(anonymous_185)
FNDA:0,(anonymous_186)
FNDA:0,(anonymous_187)
FNDA:0,(anonymous_188)
FNDA:0,(anonymous_189)
FNDA:0,(anonymous_190)
FNDA:0,(anonymous_191)
FNDA:0,(anonymous_192)
FNDA:0,(anonymous_193)
FNDA:0,(anonymous_194)
FNDA:0,(anonymous_195)
FNDA:0,(anonymous_196)
FNDA:0,(anonymous_197)
FNDA:0,(anonymous_198)
FNDA:0,(anonymous_199)
FNDA:0,(anonymous_200)
DA:2,0
DA:3,0
DA:4,0
DA:5,0
DA:7,0
DA:8,0
DA:9,0
DA:11,0
DA:12,0
DA:13,0
DA:14,0
DA:15,0
DA:16,0
DA:17,0
DA:18,0
DA:19,0
DA:20,0
DA:21,0
DA:23,0
DA:106,0
DA:107,0
DA:108,0
DA:109,0
DA:110,0
DA:111,0
DA:112,0
DA:113,0
DA:114,0
DA:115,0
DA:116,0
DA:117,0
DA:118,0
DA:119,0
DA:120,0
DA:121,0
DA:122,0
DA:123,0
DA:124,0
DA:125,0
DA:127,0
DA:128,0
DA:129,0
DA:130,0
DA:131,0
DA:133,0
DA:134,0
DA:135,0
DA:138,0
DA:146,0
DA:147,0
DA:148,0
DA:149,0
DA:151,0
DA:153,0
DA:154,0
DA:155,0
DA:156,0
DA:157,0
DA:158,0
DA:159,0
DA:160,0
DA:161,0
DA:164,0
DA:165,0
DA:166,0
DA:167,0
DA:168,0
DA:169,0
DA:170,0
DA:171,0
DA:172,0
DA:173,0
DA:174,0
DA:175,0
DA:176,0
DA:177,0
DA:178,0
DA:179,0
DA:181,0
DA:186,0
DA:187,0
DA:188,0
DA:189,0
DA:190,0
DA:191,0
DA:192,0
DA:193,0
DA:194,0
DA:195,0
DA:196,0
DA:197,0
DA:198,0
DA:199,0
DA:200,0
DA:203,0
DA:204,0
DA:205,0
DA:206,0
DA:207,0
DA:208,0
DA:209,0
DA:212,0
DA:213,0
DA:214,0
DA:215,0
DA:216,0
DA:217,0
DA:218,0
DA:219,0
DA:222,0
DA:223,0
DA:224,0
DA:225,0
DA:228,0
DA:229,0
DA:230,0
DA:231,0
DA:232,0
DA:234,0
DA:235,0
DA:236,0
DA:237,0
DA:238,0
DA:239,0
DA:241,0
DA:242,0
DA:243,0
DA:244,0
DA:246,0
DA:248,0
DA:249,0
DA:250,0
DA:252,0
DA:253,0
DA:262,0
DA:263,0
DA:264,0
DA:265,0
DA:272,0
DA:273,0
DA:274,0
DA:278,0
DA:285,0
DA:286,0
DA:287,0
DA:288,0
DA:292,0
DA:293,0
DA:294,0
DA:295,0
DA:296,0
DA:298,0
DA:314,0
DA:315,0
DA:316,0
DA:318,0
DA:320,0
DA:321,0
DA:322,0
DA:323,0
DA:327,0
DA:328,0
DA:332,0
DA:333,0
DA:334,0
DA:338,0
DA:339,0
DA:340,0
DA:341,0
DA:342,0
DA:344,0
DA:345,0
DA:346,0
DA:348,0
DA:351,0
DA:352,0
DA:353,0
DA:355,0
DA:356,0
DA:359,0
DA:360,0
DA:361,0
DA:362,0
DA:366,0
DA:367,0
DA:368,0
DA:369,0
DA:370,0
DA:371,0
DA:374,0
DA:376,0
DA:377,0
DA:378,0
DA:380,0
DA:382,0
DA:383,0
DA:384,0
DA:385,0
DA:386,0
DA:387,0
DA:389,0
DA:390,0
DA:391,0
DA:394,0
DA:395,0
DA:397,0
DA:398,0
DA:399,0
DA:400,0
DA:401,0
DA:402,0
DA:403,0
DA:404,0
DA:405,0
DA:406,0
DA:407,0
DA:408,0
DA:409,0
DA:410,0
DA:411,0
DA:412,0
DA:413,0
DA:414,0
DA:415,0
DA:416,0
DA:417,0
DA:418,0
DA:419,0
DA:420,0
DA:421,0
DA:422,0
DA:423,0
DA:426,0
DA:427,0
DA:428,0
DA:431,0
DA:432,0
DA:433,0
DA:434,0
DA:435,0
DA:436,0
DA:437,0
DA:438,0
DA:439,0
DA:440,0
DA:441,0
DA:442,0
DA:443,0
DA:444,0
DA:445,0
DA:446,0
DA:447,0
DA:448,0
DA:449,0
DA:450,0
DA:451,0
DA:452,0
DA:453,0
DA:454,0
DA:455,0
DA:456,0
DA:457,0
DA:458,0
DA:459,0
DA:460,0
DA:461,0
DA:462,0
DA:463,0
DA:464,0
DA:465,0
DA:466,0
DA:467,0
DA:468,0
DA:469,0
DA:470,0
DA:471,0
DA:473,0
DA:475,0
DA:476,0
DA:477,0
DA:478,0
DA:479,0
DA:480,0
DA:481,0
DA:482,0
DA:483,0
DA:485,0
DA:487,0
DA:488,0
DA:489,0
DA:490,0
DA:491,0
DA:492,0
DA:493,0
DA:494,0
DA:496,0
DA:497,0
DA:498,0
DA:499,0
DA:500,0
DA:501,0
DA:502,0
DA:503,0
DA:505,0
DA:506,0
DA:507,0
DA:508,0
DA:509,0
DA:510,0
DA:511,0
DA:512,0
DA:513,0
DA:514,0
DA:515,0
DA:516,0
DA:517,0
DA:518,0
DA:519,0
DA:520,0
DA:521,0
DA:522,0
DA:523,0
DA:526,0
DA:527,0
DA:528,0
DA:529,0
DA:532,0
DA:533,0
DA:534,0
DA:535,0
DA:536,0
DA:539,0
DA:540,0
DA:541,0
DA:542,0
DA:543,0
DA:546,0
DA:547,0
DA:548,0
DA:549,0
DA:550,0
DA:551,0
DA:552,0
DA:554,0
DA:555,0
DA:556,0
DA:558,0
DA:559,0
DA:560,0
DA:562,0
DA:563,0
DA:564,0
DA:573,0
DA:574,0
DA:575,0
DA:576,0
DA:581,0
DA:582,0
DA:583,0
DA:584,0
DA:585,0
DA:586,0
DA:588,0
DA:589,0
DA:590,0
DA:591,0
DA:592,0
DA:595,0
DA:596,0
DA:597,0
DA:598,0
DA:599,0
DA:600,0
DA:601,0
DA:602,0
DA:603,0
DA:607,0
DA:608,0
DA:609,0
DA:610,0
DA:611,0
DA:612,0
DA:614,0
DA:615,0
DA:616,0
DA:617,0
DA:618,0
DA:621,0
DA:622,0
DA:623,0
DA:624,0
DA:625,0
DA:627,0
DA:628,0
DA:629,0
DA:630,0
DA:634,0
DA:635,0
DA:636,0
DA:637,0
DA:638,0
DA:639,0
DA:645,0
DA:646,0
DA:647,0
DA:648,0
DA:649,0
DA:650,0
DA:656,0
DA:657,0
DA:658,0
DA:659,0
DA:660,0
DA:661,0
DA:663,0
DA:664,0
DA:665,0
DA:666,0
DA:667,0
DA:670,0
DA:671,0
DA:672,0
DA:673,0
DA:674,0
DA:675,0
DA:676,0
DA:677,0
DA:681,0
DA:682,0
DA:683,0
DA:684,0
DA:685,0
DA:686,0
DA:688,0
DA:689,0
DA:690,0
DA:691,0
DA:692,0
DA:695,0
DA:696,0
DA:697,0
DA:698,0
DA:700,0
DA:701,0
DA:702,0
DA:703,0
DA:707,0
DA:708,0
DA:712,0
DA:717,0
DA:718,0
DA:720,0
DA:721,0
DA:722,0
DA:723,0
DA:724,0
DA:728,0
DA:729,0
DA:730,0
DA:731,0
DA:734,0
DA:735,0
DA:740,0
DA:741,0
DA:745,0
DA:746,0
DA:747,0
DA:748,0
DA:749,0
DA:751,0
DA:753,0
DA:757,0
DA:762,0
DA:766,0
DA:767,0
DA:769,0
DA:774,0
DA:775,0
DA:777,0
DA:782,0
DA:783,0
DA:784,0
DA:790,0
DA:792,0
DA:793,0
DA:795,0
DA:797,0
DA:803,0
DA:804,0
DA:806,0
DA:807,0
DA:809,0
DA:811,0
DA:812,0
DA:813,0
DA:814,0
DA:815,0
DA:821,0
DA:822,0
DA:832,0
DA:836,0
DA:837,0
DA:838,0
DA:839,0
DA:840,0
DA:841,0
DA:845,0
DA:846,0
DA:847,0
DA:848,0
DA:854,0
DA:855,0
DA:856,0
DA:857,0
DA:859,0
DA:860,0
DA:866,0
DA:870,0
DA:873,0
DA:874,0
DA:875,0
DA:876,0
DA:877,0
DA:879,0
DA:881,0
DA:882,0
DA:883,0
DA:884,0
DA:885,0
DA:886,0
DA:887,0
DA:888,0
DA:889,0
DA:890,0
DA:891,0
DA:892,0
DA:893,0
DA:895,0
DA:898,0
DA:899,0
DA:900,0
DA:901,0
DA:904,0
DA:905,0
DA:906,0
DA:907,0
DA:910,0
DA:911,0
DA:912,0
DA:913,0
DA:914,0
DA:915,0
DA:917,0
DA:920,0
DA:921,0
DA:922,0
DA:923,0
DA:924,0
DA:926,0
DA:929,0
DA:930,0
DA:931,0
DA:932,0
DA:933,0
DA:934,0
DA:935,0
DA:936,0
DA:941,0
DA:944,0
DA:945,0
DA:946,0
DA:949,0
DA:952,0
DA:955,0
DA:958,0
DA:961,0
DA:964,0
DA:966,0
DA:968,0
DA:969,0
DA:976,0
DA:978,0
DA:979,0
DA:980,0
DA:982,0
DA:983,0
DA:984,0
DA:988,0
DA:989,0
DA:990,0
DA:991,0
DA:992,0
DA:993,0
DA:994,0
DA:995,0
DA:998,0
DA:999,0
DA:1000,0
DA:1001,0
DA:1002,0
DA:1003,0
DA:1004,0
DA:1006,0
DA:1012,0
DA:1015,0
DA:1016,0
DA:1017,0
DA:1018,0
DA:1019,0
DA:1021,0
DA:1024,0
DA:1025,0
DA:1026,0
DA:1029,0
DA:1030,0
DA:1031,0
DA:1032,0
DA:1033,0
DA:1035,0
DA:1038,0
DA:1039,0
DA:1040,0
DA:1041,0
DA:1043,0
DA:1044,0
DA:1045,0
DA:1046,0
DA:1055,0
DA:1057,0
DA:1058,0
DA:1059,0
DA:1060,0
DA:1062,0
DA:1063,0
DA:1065,0
DA:1066,0
DA:1067,0
DA:1068,0
DA:1069,0
DA:1072,0
DA:1077,0
DA:1078,0
DA:1079,0
DA:1080,0
DA:1081,0
DA:1082,0
DA:1083,0
DA:1084,0
DA:1085,0
DA:1088,0
DA:1089,0
DA:1093,0
DA:1094,0
DA:1095,0
DA:1096,0
DA:1097,0
DA:1098,0
DA:1102,0
DA:1105,0
DA:1106,0
DA:1107,0
DA:1108,0
DA:1110,0
DA:1111,0
DA:1112,0
DA:1113,0
DA:1114,0
DA:1115,0
DA:1116,0
DA:1117,0
DA:1118,0
DA:1119,0
DA:1122,0
DA:1123,0
DA:1125,0
DA:1126,0
DA:1132,0
DA:1133,0
DA:1134,0
DA:1135,0
DA:1138,0
DA:1139,0
DA:1140,0
DA:1141,0
DA:1142,0
DA:1143,0
DA:1151,0
DA:1154,0
DA:1155,0
DA:1157,0
DA:1158,0
DA:1159,0
DA:1160,0
DA:1161,0
DA:1163,0
DA:1164,0
DA:1165,0
DA:1166,0
DA:1167,0
DA:1168,0
DA:1169,0
DA:1170,0
DA:1171,0
DA:1172,0
DA:1174,0
DA:1175,0
DA:1179,0
DA:1183,0
DA:1184,0
DA:1185,0
DA:1186,0
DA:1187,0
DA:1188,0
DA:1189,0
DA:1190,0
DA:1191,0
DA:1192,0
DA:1193,0
DA:1194,0
DA:1195,0
DA:1197,0
DA:1198,0
DA:1199,0
DA:1204,0
DA:1205,0
DA:1206,0
DA:1207,0
DA:1208,0
DA:1210,0
DA:1211,0
DA:1212,0
DA:1213,0
DA:1214,0
DA:1215,0
DA:1221,0
DA:1222,0
DA:1223,0
DA:1224,0
DA:1227,0
DA:1231,0
DA:1232,0
DA:1233,0
DA:1234,0
DA:1235,0
DA:1236,0
DA:1240,0
DA:1244,0
DA:1245,0
DA:1246,0
DA:1247,0
DA:1248,0
DA:1252,0
DA:1253,0
DA:1254,0
DA:1255,0
DA:1256,0
DA:1257,0
DA:1258,0
DA:1259,0
DA:1261,0
DA:1265,0
DA:1266,0
DA:1267,0
DA:1268,0
DA:1269,0
DA:1270,0
DA:1271,0
DA:1273,0
DA:1274,0
DA:1275,0
DA:1276,0
DA:1279,0
DA:1280,0
DA:1281,0
DA:1282,0
DA:1283,0
DA:1284,0
DA:1285,0
DA:1286,0
DA:1287,0
DA:1288,0
DA:1290,0
DA:1291,0
DA:1292,0
DA:1293,0
DA:1294,0
DA:1295,0
DA:1296,0
DA:1297,0
DA:1298,0
DA:1299,0
DA:1300,0
DA:1301,0
DA:1302,0
DA:1303,0
DA:1305,0
DA:1306,0
DA:1308,0
DA:1313,0
DA:1314,0
DA:1315,0
DA:1317,0
DA:1318,0
DA:1320,0
DA:1321,0
DA:1322,0
DA:1325,0
DA:1330,0
DA:1331,0
DA:1332,0
DA:1334,0
DA:1335,0
DA:1336,0
DA:1337,0
DA:1338,0
DA:1339,0
DA:1341,0
DA:1342,0
DA:1343,0
DA:1344,0
DA:1345,0
DA:1346,0
DA:1347,0
DA:1348,0
DA:1349,0
DA:1350,0
DA:1352,0
DA:1353,0
DA:1354,0
DA:1355,0
DA:1356,0
DA:1358,0
DA:1359,0
DA:1360,0
DA:1361,0
DA:1362,0
DA:1363,0
DA:1364,0
DA:1365,0
DA:1366,0
DA:1367,0
DA:1368,0
DA:1369,0
DA:1370,0
DA:1371,0
DA:1372,0
DA:1373,0
DA:1374,0
DA:1375,0
DA:1376,0
DA:1378,0
DA:1379,0
DA:1380,0
DA:1381,0
DA:1382,0
DA:1383,0
DA:1384,0
DA:1389,0
DA:1390,0
DA:1391,0
DA:1393,0
DA:1394,0
DA:1396,0
DA:1398,0
DA:1399,0
DA:1400,0
DA:1407,0
DA:1408,0
DA:1409,0
DA:1410,0
DA:1411,0
DA:1416,0
DA:1417,0
DA:1418,0
DA:1419,0
DA:1422,0
DA:1423,0
DA:1429,0
DA:1430,0
DA:1435,0
DA:1436,0
DA:1438,0
DA:1442,0
DA:1443,0
DA:1444,0
DA:1445,0
DA:1446,0
DA:1451,0
DA:1452,0
DA:1453,0
DA:1454,0
DA:1456,0
DA:1457,0
DA:1458,0
DA:1464,0
DA:1467,0
DA:1468,0
DA:1471,0
DA:1475,0
DA:1476,0
DA:1477,0
DA:1478,0
DA:1482,0
DA:1483,0
DA:1484,0
DA:1486,0
DA:1490,0
DA:1491,0
DA:1492,0
DA:1493,0
DA:1494,0
DA:1495,0
DA:1496,0
DA:1498,0
DA:1499,0
DA:1500,0
DA:1501,0
DA:1502,0
DA:1503,0
DA:1504,0
DA:1505,0
DA:1506,0
DA:1507,0
DA:1508,0
DA:1509,0
DA:1510,0
DA:1511,0
DA:1517,0
DA:1518,0
DA:1524,0
DA:1525,0
DA:1527,0
DA:1528,0
DA:1529,0
DA:1531,0
DA:1533,0
DA:1535,0
DA:1536,0
DA:1538,0
DA:1539,0
DA:1542,0
DA:1544,0
DA:1545,0
DA:1546,0
DA:1549,0
DA:1550,0
DA:1551,0
DA:1552,0
DA:1553,0
DA:1554,0
DA:1556,0
DA:1559,0
DA:1560,0
DA:1562,0
DA:1563,0
DA:1564,0
DA:1565,0
DA:1566,0
DA:1567,0
DA:1568,0
DA:1569,0
DA:1572,0
DA:1573,0
DA:1574,0
DA:1576,0
DA:1577,0
DA:1578,0
DA:1579,0
DA:1580,0
DA:1581,0
DA:1583,0
DA:1584,0
DA:1585,0
DA:1586,0
DA:1587,0
DA:1588,0
DA:1589,0
DA:1590,0
DA:1593,0
DA:1594,0
DA:1595,0
DA:1597,0
DA:1598,0
DA:1599,0
DA:1600,0
DA:1601,0
DA:1602,0
DA:1607,0
DA:1609,0
DA:1610,0
DA:1612,0
DA:1613,0
DA:1617,0
DA:1618,0
DA:1620,0
DA:1621,0
DA:1622,0
DA:1623,0
DA:1624,0
DA:1629,0
DA:1630,0
DA:1632,0
DA:1633,0
DA:1637,0
DA:1638,0
DA:1639,0
DA:1642,0
DA:1643,0
DA:1644,0
DA:1647,0
DA:1650,0
DA:1654,0
DA:1655,0
DA:1656,0
DA:1657,0
DA:1658,0
DA:1660,0
DA:1661,0
DA:1670,0
DA:1675,0
DA:1676,0
DA:1677,0
DA:1678,0
DA:1679,0
DA:1680,0
DA:1681,0
DA:1689,0
DA:1694,0
DA:1695,0
DA:1699,0
DA:1700,0
DA:1701,0
DA:1704,0
DA:1705,0
DA:1706,0
DA:1710,0
DA:1711,0
DA:1722,0
DA:1723,0
DA:1724,0
DA:1725,0
DA:1726,0
DA:1727,0
DA:1729,0
DA:1731,0
DA:1732,0
DA:1733,0
DA:1734,0
DA:1735,0
DA:1737,0
DA:1742,0
DA:1743,0
DA:1744,0
DA:1746,0
DA:1749,0
DA:1750,0
DA:1751,0
DA:1752,0
DA:1753,0
DA:1757,0
DA:1758,0
DA:1759,0
DA:1764,0
DA:1765,0
DA:1766,0
DA:1767,0
DA:1768,0
DA:1769,0
DA:1770,0
DA:1771,0
DA:1772,0
DA:1775,0
DA:1776,0
DA:1781,0
DA:1782,0
DA:1784,0
DA:1785,0
DA:1790,0
DA:1792,0
DA:1793,0
DA:1794,0
DA:1795,0
DA:1798,0
DA:1799,0
DA:1807,0
DA:1808,0
DA:1809,0
DA:1810,0
DA:1812,0
DA:1818,0
DA:1819,0
DA:1820,0
DA:1821,0
DA:1822,0
DA:1823,0
DA:1825,0
DA:1827,0
DA:1829,0
DA:1840,0
DA:1841,0
DA:1844,0
DA:1845,0
DA:1848,0
DA:1852,0
DA:1856,0
DA:1860,0
DA:1868,0
DA:1869,0
DA:1870,0
DA:1871,0
DA:1872,0
DA:1874,0
DA:1878,0
DA:1879,0
DA:1880,0
DA:1881,0
DA:1883,0
DA:1884,0
DA:1885,0
DA:1886,0
DA:1887,0
DA:1889,0
DA:1890,0
DA:1891,0
DA:1892,0
DA:1894,0
DA:1895,0
DA:1896,0
DA:1898,0
DA:1899,0
DA:1900,0
DA:1901,0
DA:1902,0
DA:1904,0
DA:1906,0
DA:1910,0
DA:1911,0
DA:1912,0
DA:1914,0
DA:1915,0
DA:1918,0
DA:1921,0
DA:1924,0
DA:1927,0
DA:1933,0
DA:1934,0
DA:1935,0
DA:1936,0
DA:1937,0
DA:1938,0
DA:1941,0
DA:1944,0
DA:1947,0
DA:1950,0
DA:1960,0
DA:1961,0
DA:1962,0
DA:1963,0
DA:1966,0
DA:1967,0
DA:1968,0
DA:1969,0
DA:1970,0
DA:1972,0
DA:1975,0
DA:1976,0
DA:1977,0
DA:1978,0
DA:1979,0
DA:1980,0
DA:1982,0
DA:1988,0
DA:1989,0
DA:1990,0
DA:1992,0
DA:1993,0
DA:1996,0
DA:1997,0
DA:1999,0
DA:2000,0
DA:2001,0
DA:2002,0
DA:2003,0
DA:2006,0
DA:2007,0
DA:2013,0
DA:2014,0
DA:2016,0
DA:2017,0
DA:2018,0
DA:2019,0
DA:2020,0
DA:2023,0
DA:2024,0
DA:2031,0
DA:2032,0
DA:2034,0
DA:2035,0
DA:2036,0
DA:2037,0
DA:2038,0
DA:2041,0
DA:2042,0
DA:2049,0
DA:2050,0
DA:2052,0
DA:2053,0
DA:2054,0
DA:2055,0
DA:2056,0
DA:2059,0
DA:2060,0
DA:2066,0
DA:2070,0
DA:2071,0
DA:2072,0
DA:2076,0
DA:2077,0
DA:2078,0
DA:2079,0
DA:2081,0
DA:2082,0
DA:2084,0
DA:2088,0
DA:2089,0
DA:2091,0
DA:2092,0
DA:2093,0
DA:2094,0
DA:2095,0
DA:2096,0
DA:2097,0
DA:2101,0
DA:2102,0
DA:2106,0
DA:2107,0
DA:2109,0
DA:2110,0
DA:2111,0
DA:2114,0
DA:2115,0
DA:2116,0
DA:2121,0
DA:2122,0
DA:2123,0
DA:2124,0
DA:2125,0
DA:2126,0
DA:2127,0
DA:2128,0
DA:2129,0
DA:2130,0
DA:2132,0
DA:2133,0
DA:2134,0
DA:2135,0
DA:2136,0
DA:2137,0
DA:2144,0
DA:2145,0
DA:2146,0
DA:2148,0
DA:2150,0
DA:2152,0
DA:2153,0
DA:2154,0
DA:2155,0
DA:2159,0
DA:2160,0
DA:2161,0
DA:2162,0
DA:2165,0
DA:2168,0
DA:2169,0
DA:2170,0
DA:2171,0
DA:2172,0
DA:2174,0
DA:2175,0
DA:2176,0
DA:2177,0
DA:2179,0
DA:2181,0
DA:2182,0
DA:2183,0
DA:2184,0
DA:2185,0
DA:2187,0
DA:2188,0
DA:2189,0
DA:2190,0
DA:2191,0
DA:2192,0
DA:2194,0
DA:2195,0
DA:2196,0
DA:2198,0
DA:2199,0
DA:2200,0
DA:2201,0
DA:2202,0
DA:2203,0
DA:2204,0
DA:2205,0
DA:2206,0
DA:2209,0
DA:2210,0
DA:2211,0
DA:2213,0
DA:2214,0
DA:2215,0
DA:2218,0
DA:2220,0
DA:2221,0
DA:2222,0
DA:2223,0
DA:2225,0
DA:2227,0
DA:2229,0
DA:2230,0
DA:2231,0
DA:2232,0
DA:2233,0
DA:2234,0
DA:2235,0
DA:2236,0
DA:2237,0
DA:2242,0
DA:2243,0
DA:2244,0
DA:2245,0
DA:2246,0
DA:2247,0
DA:2252,0
DA:2253,0
DA:2254,0
DA:2255,0
DA:2256,0
DA:2257,0
DA:2258,0
DA:2263,0
DA:2264,0
DA:2265,0
DA:2266,0
DA:2267,0
DA:2268,0
DA:2269,0
DA:2270,0
DA:2274,0
DA:2275,0
DA:2276,0
DA:2281,0
DA:2285,0
DA:2286,0
DA:2287,0
DA:2291,0
DA:2292,0
DA:2295,0
DA:2296,0
DA:2299,0
DA:2300,0
DA:2301,0
DA:2302,0
DA:2303,0
DA:2304,0
DA:2307,0
DA:2310,0
DA:2311,0
DA:2312,0
DA:2313,0
DA:2316,0
DA:2317,0
DA:2318,0
DA:2319,0
DA:2320,0
DA:2322,0
DA:2323,0
DA:2324,0
DA:2325,0
DA:2326,0
DA:2327,0
DA:2328,0
DA:2329,0
DA:2330,0
DA:2331,0
DA:2332,0
DA:2333,0
DA:2334,0
DA:2335,0
DA:2338,0
DA:2339,0
DA:2340,0
DA:2341,0
DA:2342,0
DA:2343,0
DA:2344,0
DA:2345,0
DA:2347,0
DA:2356,0
DA:2358,0
DA:2359,0
DA:2360,0
DA:2361,0
DA:2362,0
DA:2363,0
DA:2364,0
DA:2365,0
DA:2366,0
DA:2367,0
DA:2368,0
DA:2371,0
DA:2372,0
DA:2373,0
DA:2374,0
DA:2375,0
DA:2377,0
DA:2381,0
DA:2383,0
DA:2384,0
DA:2385,0
DA:2387,0
DA:2388,0
DA:2389,0
DA:2392,0
DA:2393,0
DA:2398,0
DA:2402,0
DA:2403,0
DA:2404,0
DA:2405,0
DA:2406,0
DA:2409,0
DA:2410,0
DA:2411,0
DA:2414,0
DA:2417,0
DA:2422,0
DA:2424,0
DA:2425,0
DA:2426,0
DA:2427,0
DA:2428,0
DA:2429,0
DA:2430,0
DA:2431,0
DA:2433,0
DA:2435,0
DA:2436,0
DA:2440,0
DA:2441,0
DA:2446,0
DA:2447,0
DA:2448,0
DA:2449,0
DA:2450,0
DA:2452,0
DA:2453,0
DA:2454,0
DA:2456,0
DA:2457,0
DA:2458,0
DA:2464,0
DA:2465,0
DA:2466,0
DA:2467,0
DA:2468,0
DA:2469,0
DA:2470,0
DA:2471,0
DA:2473,0
DA:2474,0
DA:2476,0
DA:2477,0
DA:2479,0
DA:2480,0
DA:2481,0
DA:2482,0
DA:2483,0
DA:2484,0
DA:2485,0
DA:2486,0
DA:2489,0
DA:2491,0
DA:2492,0
DA:2493,0
DA:2494,0
DA:2495,0
DA:2496,0
DA:2497,0
DA:2498,0
DA:2499,0
DA:2500,0
DA:2501,0
DA:2502,0
DA:2503,0
DA:2505,0
DA:2509,0
DA:2513,0
DA:2514,0
DA:2516,0
DA:2520,0
DA:2521,0
DA:2522,0
DA:2524,0
DA:2525,0
DA:2526,0
DA:2527,0
DA:2528,0
DA:2530,0
DA:2531,0
DA:2532,0
DA:2534,0
DA:2536,0
DA:2538,0
DA:2541,0
DA:2545,0
DA:2546,0
DA:2547,0
DA:2550,0
DA:2551,0
LF:1520
LH:0
BRDA:105,0,0,0
BRDA:315,1,0,0
BRDA:321,2,0,0
BRDA:321,2,1,0
BRDA:969,3,0,0
BRDA:969,3,1,0
BRDA:969,3,2,0
BRDA:969,3,3,0
BRDA:2189,4,0,0
BRDA:2189,4,1,0
BRDA:2190,5,0,0
BRDA:2194,6,0,0
BRDA:2198,7,0,0
BRDA:2198,7,1,0
BRDA:2198,8,0,0
BRDA:2198,8,1,0
BRDA:2202,9,0,0
BRDA:2202,9,1,0
BRDA:2203,10,0,0
BRDA:2203,10,1,0
BRDA:2206,11,0,0
BRDA:2206,12,0,0
BRDA:2206,12,1,0
BRDA:2213,13,0,0
BRDA:2220,14,0,0
BRDA:2220,15,0,0
BRDA:2220,15,1,0
BRDA:2233,16,0,0
BRDA:2234,17,0,0
BRDA:2235,18,0,0
BRDA:2243,19,0,0
BRDA:118,20,0,0
BRDA:118,20,1,0
BRDA:127,21,0,0
BRDA:127,21,1,0
BRDA:128,22,0,0
BRDA:128,22,1,0
BRDA:129,23,0,0
BRDA:133,24,0,0
BRDA:164,25,0,0
BRDA:164,25,1,0
BRDA:164,26,0,0
BRDA:164,26,1,0
BRDA:165,27,0,0
BRDA:165,27,1,0
BRDA:165,28,0,0
BRDA:165,28,1,0
BRDA:166,29,0,0
BRDA:166,29,1,0
BRDA:166,30,0,0
BRDA:166,30,1,0
BRDA:167,31,0,0
BRDA:167,31,1,0
BRDA:167,32,0,0
BRDA:167,32,1,0
BRDA:168,33,0,0
BRDA:168,33,1,0
BRDA:168,34,0,0
BRDA:168,34,1,0
BRDA:169,35,0,0
BRDA:169,35,1,0
BRDA:172,36,0,0
BRDA:173,37,0,0
BRDA:173,37,1,0
BRDA:181,38,0,0
BRDA:193,39,0,0
BRDA:193,39,1,0
BRDA:199,40,0,0
BRDA:199,40,1,0
BRDA:199,41,0,0
BRDA:199,41,1,0
BRDA:262,42,0,0
BRDA:265,43,0,0
BRDA:267,44,0,0
BRDA:267,44,1,0
BRDA:267,44,2,0
BRDA:267,44,3,0
BRDA:273,45,0,0
BRDA:292,46,0,0
BRDA:295,47,0,0
BRDA:360,48,0,0
BRDA:361,49,0,0
BRDA:367,50,0,0
BRDA:368,51,0,0
BRDA:369,52,0,0
BRDA:370,53,0,0
BRDA:374,54,0,0
BRDA:374,54,1,0
BRDA:374,55,0,0
BRDA:374,55,1,0
BRDA:376,56,0,0
BRDA:376,56,1,0
BRDA:376,57,0,0
BRDA:376,57,1,0
BRDA:380,58,0,0
BRDA:380,58,1,0
BRDA:380,59,0,0
BRDA:380,59,1,0
BRDA:382,60,0,0
BRDA:382,60,1,0
BRDA:382,61,0,0
BRDA:382,61,1,0
BRDA:383,62,0,0
BRDA:383,62,1,0
BRDA:385,63,0,0
BRDA:385,63,1,0
BRDA:389,64,0,0
BRDA:398,65,0,0
BRDA:398,65,1,0
BRDA:400,66,0,0
BRDA:400,66,1,0
BRDA:403,67,0,0
BRDA:403,67,1,0
BRDA:404,68,0,0
BRDA:407,69,0,0
BRDA:407,69,1,0
BRDA:409,70,0,0
BRDA:409,70,1,0
BRDA:411,71,0,0
BRDA:411,71,1,0
BRDA:413,72,0,0
BRDA:413,72,1,0
BRDA:415,73,0,0
BRDA:415,73,1,0
BRDA:417,74,0,0
BRDA:417,74,1,0
BRDA:420,75,0,0
BRDA:420,75,1,0
BRDA:422,76,0,0
BRDA:427,77,0,0
BRDA:431,78,0,0
BRDA:431,78,1,0
BRDA:431,79,0,0
BRDA:431,79,1,0
BRDA:432,80,0,0
BRDA:432,80,1,0
BRDA:434,81,0,0
BRDA:434,81,1,0
BRDA:436,82,0,0
BRDA:436,82,1,0
BRDA:439,83,0,0
BRDA:439,83,1,0
BRDA:441,84,0,0
BRDA:441,84,1,0
BRDA:443,85,0,0
BRDA:443,85,1,0
BRDA:448,86,0,0
BRDA:448,87,0,0
BRDA:448,87,1,0
BRDA:448,88,0,0
BRDA:448,88,1,0
BRDA:449,89,0,0
BRDA:449,89,1,0
BRDA:449,90,0,0
BRDA:449,90,1,0
BRDA:449,91,0,0
BRDA:449,91,1,0
BRDA:450,92,0,0
BRDA:450,92,1,0
BRDA:450,93,0,0
BRDA:450,93,1,0
BRDA:451,94,0,0
BRDA:451,94,1,0
BRDA:456,95,0,0
BRDA:456,96,0,0
BRDA:456,96,1,0
BRDA:456,97,0,0
BRDA:456,97,1,0
BRDA:457,98,0,0
BRDA:457,98,1,0
BRDA:457,99,0,0
BRDA:457,99,1,0
BRDA:457,100,0,0
BRDA:457,100,1,0
BRDA:458,101,0,0
BRDA:458,101,1,0
BRDA:458,102,0,0
BRDA:458,102,1,0
BRDA:459,103,0,0
BRDA:459,103,1,0
BRDA:464,104,0,0
BRDA:464,105,0,0
BRDA:464,105,1,0
BRDA:464,106,0,0
BRDA:464,106,1,0
BRDA:465,107,0,0
BRDA:465,107,1,0
BRDA:465,108,0,0
BRDA:465,108,1,0
BRDA:465,109,0,0
BRDA:465,109,1,0
BRDA:466,110,0,0
BRDA:466,110,1,0
BRDA:466,111,0,0
BRDA:466,111,1,0
BRDA:467,112,0,0
BRDA:467,112,1,0
BRDA:470,113,0,0
BRDA:476,114,0,0
BRDA:476,115,0,0
BRDA:476,115,1,0
BRDA:476,116,0,0
BRDA:476,116,1,0
BRDA:477,117,0,0
BRDA:477,117,1,0
BRDA:477,118,0,0
BRDA:477,118,1,0
BRDA:477,119,0,0
BRDA:477,119,1,0
BRDA:478,120,0,0
BRDA:478,120,1,0
BRDA:478,121,0,0
BRDA:478,121,1,0
BRDA:479,122,0,0
BRDA:479,122,1,0
BRDA:482,123,0,0
BRDA:488,124,0,0
BRDA:488,125,0,0
BRDA:488,125,1,0
BRDA:488,126,0,0
BRDA:488,126,1,0
BRDA:489,127,0,0
BRDA:489,127,1,0
BRDA:489,128,0,0
BRDA:489,128,1,0
BRDA:489,129,0,0
BRDA:489,129,1,0
BRDA:490,130,0,0
BRDA:490,130,1,0
BRDA:490,131,0,0
BRDA:490,131,1,0
BRDA:491,132,0,0
BRDA:491,132,1,0
BRDA:497,133,0,0
BRDA:497,134,0,0
BRDA:497,134,1,0
BRDA:497,135,0,0
BRDA:497,135,1,0
BRDA:498,136,0,0
BRDA:498,136,1,0
BRDA:498,137,0,0
BRDA:498,137,1,0
BRDA:498,138,0,0
BRDA:498,138,1,0
BRDA:499,139,0,0
BRDA:499,139,1,0
BRDA:499,140,0,0
BRDA:499,140,1,0
BRDA:500,141,0,0
BRDA:500,141,1,0
BRDA:506,142,0,0
BRDA:506,143,0,0
BRDA:506,143,1,0
BRDA:506,144,0,0
BRDA:506,144,1,0
BRDA:507,145,0,0
BRDA:507,145,1,0
BRDA:507,146,0,0
BRDA:507,146,1,0
BRDA:507,147,0,0
BRDA:507,147,1,0
BRDA:508,148,0,0
BRDA:508,148,1,0
BRDA:508,149,0,0
BRDA:508,149,1,0
BRDA:509,150,0,0
BRDA:509,150,1,0
BRDA:512,151,0,0
BRDA:512,151,1,0
BRDA:515,152,0,0
BRDA:515,152,1,0
BRDA:518,153,0,0
BRDA:520,154,0,0
BRDA:520,154,1,0
BRDA:522,155,0,0
BRDA:526,156,0,0
BRDA:526,156,1,0
BRDA:528,157,0,0
BRDA:532,158,0,0
BRDA:532,158,1,0
BRDA:535,159,0,0
BRDA:539,160,0,0
BRDA:539,160,1,0
BRDA:542,161,0,0
BRDA:546,162,0,0
BRDA:550,163,0,0
BRDA:554,164,0,0
BRDA:558,165,0,0
BRDA:562,166,0,0
BRDA:575,167,0,0
BRDA:580,168,0,0
BRDA:580,169,0,0
BRDA:581,170,0,0
BRDA:581,170,1,0
BRDA:581,171,0,0
BRDA:581,171,1,0
BRDA:581,172,0,0
BRDA:581,172,1,0
BRDA:582,173,0,0
BRDA:590,174,0,0
BRDA:600,175,0,0
BRDA:600,175,1,0
BRDA:606,176,0,0
BRDA:606,177,0,0
BRDA:607,178,0,0
BRDA:607,178,1,0
BRDA:607,179,0,0
BRDA:607,179,1,0
BRDA:607,180,0,0
BRDA:607,180,1,0
BRDA:608,181,0,0
BRDA:616,182,0,0
BRDA:627,183,0,0
BRDA:627,183,1,0
BRDA:633,184,0,0
BRDA:634,185,0,0
BRDA:634,185,1,0
BRDA:636,186,0,0
BRDA:637,187,0,0
BRDA:644,188,0,0
BRDA:645,189,0,0
BRDA:645,189,1,0
BRDA:647,190,0,0
BRDA:648,191,0,0
BRDA:655,192,0,0
BRDA:655,193,0,0
BRDA:655,194,0,0
BRDA:655,195,0,0
BRDA:656,196,0,0
BRDA:656,196,1,0
BRDA:656,197,0,0
BRDA:656,197,1,0
BRDA:656,198,0,0
BRDA:656,198,1,0
BRDA:657,199,0,0
BRDA:665,200,0,0
BRDA:671,201,0,0
BRDA:674,202,0,0
BRDA:674,202,1,0
BRDA:680,203,0,0
BRDA:680,204,0,0
BRDA:680,205,0,0
BRDA:680,206,0,0
BRDA:681,207,0,0
BRDA:681,207,1,0
BRDA:681,208,0,0
BRDA:681,208,1,0
BRDA:681,209,0,0
BRDA:681,209,1,0
BRDA:682,210,0,0
BRDA:690,211,0,0
BRDA:696,212,0,0
BRDA:700,213,0,0
BRDA:700,213,1,0
BRDA:712,214,0,0
BRDA:712,214,1,0
BRDA:717,215,0,0
BRDA:751,216,0,0
BRDA:766,217,0,0
BRDA:766,217,1,0
BRDA:774,218,0,0
BRDA:774,218,1,0
BRDA:792,219,0,0
BRDA:792,219,1,0
BRDA:802,220,0,0
BRDA:806,221,0,0
BRDA:806,221,1,0
BRDA:812,222,0,0
BRDA:821,223,0,0
BRDA:823,224,0,0
BRDA:823,224,1,0
BRDA:823,224,2,0
BRDA:823,224,3,0
BRDA:836,225,0,0
BRDA:838,226,0,0
BRDA:838,227,0,0
BRDA:838,227,1,0
BRDA:840,228,0,0
BRDA:847,229,0,0
BRDA:856,230,0,0
BRDA:856,230,1,0
BRDA:874,231,0,0
BRDA:877,232,0,0
BRDA:898,233,0,0
BRDA:904,234,0,0
BRDA:910,235,0,0
BRDA:920,236,0,0
BRDA:930,237,0,0
BRDA:935,238,0,0
BRDA:945,239,0,0
BRDA:946,240,0,0
BRDA:946,240,1,0
BRDA:958,241,0,0
BRDA:958,241,1,0
BRDA:961,242,0,0
BRDA:961,242,1,0
BRDA:961,243,0,0
BRDA:961,243,1,0
BRDA:961,244,0,0
BRDA:961,244,1,0
BRDA:964,245,0,0
BRDA:964,245,1,0
BRDA:964,246,0,0
BRDA:964,246,1,0
BRDA:964,247,0,0
BRDA:964,247,1,0
BRDA:976,248,0,0
BRDA:976,249,0,0
BRDA:976,249,1,0
BRDA:976,249,2,0
BRDA:976,249,3,0
BRDA:980,250,0,0
BRDA:980,250,1,0
BRDA:982,251,0,0
BRDA:1001,252,0,0
BRDA:1001,252,1,0
BRDA:1003,253,0,0
BRDA:1003,253,1,0
BRDA:1016,254,0,0
BRDA:1018,255,0,0
BRDA:1024,256,0,0
BRDA:1044,257,0,0
BRDA:1055,258,0,0
BRDA:1058,259,0,0
BRDA:1067,260,0,0
BRDA:1067,260,1,0
BRDA:1082,261,0,0
BRDA:1083,262,0,0
BRDA:1102,263,0,0
BRDA:1102,263,1,0
BRDA:1108,264,0,0
BRDA:1113,265,0,0
BRDA:1125,266,0,0
BRDA:1140,267,0,0
BRDA:1151,268,0,0
BRDA:1151,269,0,0
BRDA:1151,269,1,0
BRDA:1151,269,2,0
BRDA:1157,270,0,0
BRDA:1158,271,0,0
BRDA:1159,272,0,0
BRDA:1160,273,0,0
BRDA:1160,274,0,0
BRDA:1160,274,1,0
BRDA:1164,275,0,0
BRDA:1174,276,0,0
BRDA:1185,277,0,0
BRDA:1185,277,1,0
BRDA:1185,278,0,0
BRDA:1185,278,1,0
BRDA:1193,279,0,0
BRDA:1193,279,1,0
BRDA:1193,280,0,0
BRDA:1193,280,1,0
BRDA:1203,281,0,0
BRDA:1203,282,0,0
BRDA:1204,283,0,0
BRDA:1204,284,0,0
BRDA:1204,284,1,0
BRDA:1205,285,0,0
BRDA:1210,286,0,0
BRDA:1211,287,0,0
BRDA:1213,288,0,0
BRDA:1235,289,0,0
BRDA:1254,290,0,0
BRDA:1265,291,0,0
BRDA:1265,291,1,0
BRDA:1270,292,0,0
BRDA:1274,293,0,0
BRDA:1274,293,1,0
BRDA:1281,294,0,0
BRDA:1281,294,1,0
BRDA:1284,295,0,0
BRDA:1284,296,0,0
BRDA:1284,296,1,0
BRDA:1286,297,0,0
BRDA:1302,298,0,0
BRDA:1305,299,0,0
BRDA:1313,300,0,0
BRDA:1320,301,0,0
BRDA:1330,302,0,0
BRDA:1330,302,1,0
BRDA:1335,303,0,0
BRDA:1335,304,0,0
BRDA:1335,304,1,0
BRDA:1336,305,0,0
BRDA:1341,306,0,0
BRDA:1341,306,1,0
BRDA:1343,307,0,0
BRDA:1343,307,1,0
BRDA:1353,308,0,0
BRDA:1353,308,1,0
BRDA:1354,309,0,0
BRDA:1365,310,0,0
BRDA:1373,311,0,0
BRDA:1373,311,1,0
BRDA:1374,312,0,0
BRDA:1396,313,0,0
BRDA:1396,314,0,0
BRDA:1396,314,1,0
BRDA:1406,315,0,0
BRDA:1406,316,0,0
BRDA:1407,317,0,0
BRDA:1407,318,0,0
BRDA:1407,318,1,0
BRDA:1407,318,2,0
BRDA:1410,319,0,0
BRDA:1423,320,0,0
BRDA:1424,321,0,0
BRDA:1424,321,1,0
BRDA:1424,321,2,0
BRDA:1424,321,3,0
BRDA:1436,322,0,0
BRDA:1436,322,1,0
BRDA:1438,323,0,0
BRDA:1438,323,1,0
BRDA:1441,324,0,0
BRDA:1441,325,0,0
BRDA:1442,326,0,0
BRDA:1442,327,0,0
BRDA:1442,327,1,0
BRDA:1445,328,0,0
BRDA:1458,329,0,0
BRDA:1459,330,0,0
BRDA:1459,330,1,0
BRDA:1459,330,2,0
BRDA:1459,330,3,0
BRDA:1467,331,0,0
BRDA:1468,332,0,0
BRDA:1468,332,1,0
BRDA:1471,333,0,0
BRDA:1471,333,1,0
BRDA:1483,334,0,0
BRDA:1490,335,0,0
BRDA:1494,336,0,0
BRDA:1498,337,0,0
BRDA:1498,337,1,0
BRDA:1498,338,0,0
BRDA:1498,338,1,0
BRDA:1498,339,0,0
BRDA:1498,339,1,0
BRDA:1499,340,0,0
BRDA:1499,340,1,0
BRDA:1499,341,0,0
BRDA:1499,341,1,0
BRDA:1500,342,0,0
BRDA:1500,342,1,0
BRDA:1501,343,0,0
BRDA:1501,343,1,0
BRDA:1501,344,0,0
BRDA:1501,344,1,0
BRDA:1502,345,0,0
BRDA:1502,345,1,0
BRDA:1503,346,0,0
BRDA:1503,346,1,0
BRDA:1503,347,0,0
BRDA:1503,347,1,0
BRDA:1504,348,0,0
BRDA:1504,348,1,0
BRDA:1505,349,0,0
BRDA:1505,349,1,0
BRDA:1505,350,0,0
BRDA:1505,350,1,0
BRDA:1506,351,0,0
BRDA:1506,351,1,0
BRDA:1507,352,0,0
BRDA:1507,352,1,0
BRDA:1507,353,0,0
BRDA:1507,353,1,0
BRDA:1508,354,0,0
BRDA:1508,354,1,0
BRDA:1509,355,0,0
BRDA:1509,355,1,0
BRDA:1509,356,0,0
BRDA:1509,356,1,0
BRDA:1510,357,0,0
BRDA:1511,358,0,0
BRDA:1511,359,0,0
BRDA:1511,359,1,0
BRDA:1511,359,2,0
BRDA:1511,359,3,0
BRDA:1511,359,4,0
BRDA:1523,360,0,0
BRDA:1525,361,0,0
BRDA:1528,362,0,0
BRDA:1531,363,0,0
BRDA:1538,364,0,0
BRDA:1538,364,1,0
BRDA:1538,365,0,0
BRDA:1538,365,1,0
BRDA:1538,365,2,0
BRDA:1563,366,0,0
BRDA:1563,367,0,0
BRDA:1563,367,1,0
BRDA:1566,368,0,0
BRDA:1569,369,0,0
BRDA:1573,370,0,0
BRDA:1578,371,0,0
BRDA:1581,372,0,0
BRDA:1584,373,0,0
BRDA:1584,374,0,0
BRDA:1584,374,1,0
BRDA:1587,375,0,0
BRDA:1590,376,0,0
BRDA:1594,377,0,0
BRDA:1599,378,0,0
BRDA:1602,379,0,0
BRDA:1607,380,0,0
BRDA:1607,381,0,0
BRDA:1607,381,1,0
BRDA:1616,382,0,0
BRDA:1616,383,0,0
BRDA:1617,384,0,0
BRDA:1617,384,1,0
BRDA:1620,385,0,0
BRDA:1620,385,1,0
BRDA:1623,386,0,0
BRDA:1637,387,0,0
BRDA:1637,387,1,0
BRDA:1637,388,0,0
BRDA:1637,388,1,0
BRDA:1637,389,0,0
BRDA:1637,389,1,0
BRDA:1638,390,0,0
BRDA:1642,391,0,0
BRDA:1642,391,1,0
BRDA:1642,392,0,0
BRDA:1642,392,1,0
BRDA:1642,393,0,0
BRDA:1642,393,1,0
BRDA:1643,394,0,0
BRDA:1662,395,0,0
BRDA:1662,395,1,0
BRDA:1662,395,2,0
BRDA:1662,395,3,0
BRDA:1662,395,4,0
BRDA:1662,395,5,0
BRDA:1670,396,0,0
BRDA:1670,396,1,0
BRDA:1670,397,0,0
BRDA:1670,397,1,0
BRDA:1682,398,0,0
BRDA:1682,398,1,0
BRDA:1682,398,2,0
BRDA:1682,398,3,0
BRDA:1682,398,4,0
BRDA:1682,398,5,0
BRDA:1699,399,0,0
BRDA:1700,400,0,0
BRDA:1704,401,0,0
BRDA:1705,402,0,0
BRDA:1722,403,0,0
BRDA:1722,403,1,0
BRDA:1722,404,0,0
BRDA:1722,404,1,0
BRDA:1740,405,0,0
BRDA:1766,406,0,0
BRDA:1766,406,1,0
BRDA:1769,407,0,0
BRDA:1782,408,0,0
BRDA:1793,409,0,0
BRDA:1793,409,1,0
BRDA:1807,410,0,0
BRDA:1809,411,0,0
BRDA:1809,411,1,0
BRDA:1820,412,0,0
BRDA:1823,413,0,0
BRDA:1844,414,0,0
BRDA:1871,415,0,0
BRDA:1879,416,0,0
BRDA:1880,417,0,0
BRDA:1883,418,0,0
BRDA:1886,419,0,0
BRDA:1886,419,1,0
BRDA:1889,420,0,0
BRDA:1899,421,0,0
BRDA:1899,421,1,0
BRDA:1899,422,0,0
BRDA:1899,422,1,0
BRDA:1900,423,0,0
BRDA:1900,423,1,0
BRDA:1900,424,0,0
BRDA:1900,424,1,0
BRDA:1901,425,0,0
BRDA:1901,425,1,0
BRDA:1901,426,0,0
BRDA:1901,426,1,0
BRDA:1902,427,0,0
BRDA:1902,428,0,0
BRDA:1902,428,1,0
BRDA:1910,429,0,0
BRDA:1914,430,0,0
BRDA:1914,430,1,0
BRDA:1941,431,0,0
BRDA:1941,431,1,0
BRDA:1965,432,0,0
BRDA:1966,433,0,0
BRDA:1966,433,1,0
BRDA:1966,434,0,0
BRDA:1966,434,1,0
BRDA:1967,435,0,0
BRDA:1975,436,0,0
BRDA:1975,437,0,0
BRDA:1975,437,1,0
BRDA:1976,438,0,0
BRDA:1976,438,1,0
BRDA:1976,439,0,0
BRDA:1976,439,1,0
BRDA:1977,440,0,0
BRDA:1977,440,1,0
BRDA:1977,441,0,0
BRDA:1977,441,1,0
BRDA:1979,442,0,0
BRDA:1997,443,0,0
BRDA:1997,443,1,0
BRDA:1999,444,0,0
BRDA:1999,444,1,0
BRDA:2002,445,0,0
BRDA:2003,446,0,0
BRDA:2003,446,1,0
BRDA:2003,447,0,0
BRDA:2003,447,1,0
BRDA:2003,448,0,0
BRDA:2003,448,1,0
BRDA:2006,449,0,0
BRDA:2006,449,1,0
BRDA:2014,450,0,0
BRDA:2014,450,1,0
BRDA:2016,451,0,0
BRDA:2016,451,1,0
BRDA:2019,452,0,0
BRDA:2020,453,0,0
BRDA:2020,453,1,0
BRDA:2020,454,0,0
BRDA:2020,454,1,0
BRDA:2020,455,0,0
BRDA:2020,455,1,0
BRDA:2023,456,0,0
BRDA:2023,456,1,0
BRDA:2032,457,0,0
BRDA:2032,457,1,0
BRDA:2034,458,0,0
BRDA:2034,458,1,0
BRDA:2037,459,0,0
BRDA:2038,460,0,0
BRDA:2038,460,1,0
BRDA:2038,461,0,0
BRDA:2038,461,1,0
BRDA:2038,462,0,0
BRDA:2038,462,1,0
BRDA:2041,463,0,0
BRDA:2041,463,1,0
BRDA:2050,464,0,0
BRDA:2050,464,1,0
BRDA:2052,465,0,0
BRDA:2052,465,1,0
BRDA:2055,466,0,0
BRDA:2056,467,0,0
BRDA:2056,467,1,0
BRDA:2056,468,0,0
BRDA:2056,468,1,0
BRDA:2056,469,0,0
BRDA:2056,469,1,0
BRDA:2059,470,0,0
BRDA:2059,470,1,0
BRDA:2071,471,0,0
BRDA:2072,472,0,0
BRDA:2072,472,1,0
BRDA:2072,473,0,0
BRDA:2072,473,1,0
BRDA:2081,474,0,0
BRDA:2081,475,0,0
BRDA:2081,475,1,0
BRDA:2088,476,0,0
BRDA:2089,477,0,0
BRDA:2093,478,0,0
BRDA:2093,478,1,0
BRDA:2107,479,0,0
BRDA:2107,480,0,0
BRDA:2107,480,1,0
BRDA:2115,481,0,0
BRDA:2116,482,0,0
BRDA:2116,482,1,0
BRDA:2116,483,0,0
BRDA:2116,483,1,0
BRDA:2123,484,0,0
BRDA:2123,484,1,0
BRDA:2127,485,0,0
BRDA:2127,485,1,0
BRDA:2128,486,0,0
BRDA:2128,486,1,0
BRDA:2128,487,0,0
BRDA:2128,487,1,0
BRDA:2134,488,0,0
BRDA:2134,489,0,0
BRDA:2134,489,1,0
BRDA:2134,490,0,0
BRDA:2134,490,1,0
BRDA:2144,491,0,0
BRDA:2150,492,0,0
BRDA:2150,492,1,0
BRDA:2150,493,0,0
BRDA:2150,493,1,0
BRDA:2252,494,0,0
BRDA:2253,495,0,0
BRDA:2253,496,0,0
BRDA:2253,496,1,0
BRDA:2253,497,0,0
BRDA:2253,497,1,0
BRDA:2254,498,0,0
BRDA:2254,499,0,0
BRDA:2254,499,1,0
BRDA:2254,500,0,0
BRDA:2254,500,1,0
BRDA:2254,501,0,0
BRDA:2254,501,1,0
BRDA:2256,502,0,0
BRDA:2263,503,0,0
BRDA:2263,504,0,0
BRDA:2263,504,1,0
BRDA:2263,504,2,0
BRDA:2263,504,3,0
BRDA:2266,505,0,0
BRDA:2269,506,0,0
BRDA:2274,507,0,0
BRDA:2286,508,0,0
BRDA:2287,509,0,0
BRDA:2287,509,1,0
BRDA:2287,510,0,0
BRDA:2287,510,1,0
BRDA:2291,511,0,0
BRDA:2292,512,0,0
BRDA:2292,512,1,0
BRDA:2295,513,0,0
BRDA:2296,514,0,0
BRDA:2296,514,1,0
BRDA:2298,515,0,0
BRDA:2304,516,0,0
BRDA:2304,516,1,0
BRDA:2307,517,0,0
BRDA:2307,517,1,0
BRDA:2307,518,0,0
BRDA:2307,518,1,0
BRDA:2311,519,0,0
BRDA:2312,520,0,0
BRDA:2317,521,0,0
BRDA:2317,521,1,0
BRDA:2317,522,0,0
BRDA:2317,522,1,0
BRDA:2319,523,0,0
BRDA:2319,524,0,0
BRDA:2319,524,1,0
BRDA:2331,525,0,0
BRDA:2332,526,0,0
BRDA:2339,527,0,0
BRDA:2339,527,1,0
BRDA:2339,528,0,0
BRDA:2339,528,1,0
BRDA:2344,529,0,0
BRDA:2344,530,0,0
BRDA:2344,530,1,0
BRDA:2345,531,0,0
BRDA:2345,531,1,0
BRDA:2345,532,0,0
BRDA:2345,532,1,0
BRDA:2372,533,0,0
BRDA:2372,533,1,0
BRDA:2374,534,0,0
BRDA:2374,534,1,0
BRDA:2381,535,0,0
BRDA:2381,535,1,0
BRDA:2381,535,2,0
BRDA:2381,535,3,0
BRDA:2398,536,0,0
BRDA:2398,536,1,0
BRDA:2402,537,0,0
BRDA:2403,538,0,0
BRDA:2403,539,0,0
BRDA:2403,539,1,0
BRDA:2410,540,0,0
BRDA:2414,541,0,0
BRDA:2414,541,1,0
BRDA:2414,542,0,0
BRDA:2414,542,1,0
BRDA:2414,543,0,0
BRDA:2414,543,1,0
BRDA:2417,544,0,0
BRDA:2417,544,1,0
BRDA:2417,545,0,0
BRDA:2417,545,1,0
BRDA:2424,546,0,0
BRDA:2424,546,1,0
BRDA:2424,547,0,0
BRDA:2424,547,1,0
BRDA:2424,548,0,0
BRDA:2424,548,1,0
BRDA:2426,549,0,0
BRDA:2426,549,1,0
BRDA:2447,550,0,0
BRDA:2447,550,1,0
BRDA:2449,551,0,0
BRDA:2449,552,0,0
BRDA:2449,552,1,0
BRDA:2453,553,0,0
BRDA:2453,554,0,0
BRDA:2453,554,1,0
BRDA:2453,555,0,0
BRDA:2453,555,1,0
BRDA:2456,556,0,0
BRDA:2456,556,1,0
BRDA:2457,557,0,0
BRDA:2468,558,0,0
BRDA:2468,558,1,0
BRDA:2468,559,0,0
BRDA:2468,559,1,0
BRDA:2476,560,0,0
BRDA:2481,561,0,0
BRDA:2481,561,1,0
BRDA:2482,562,0,0
BRDA:2482,562,1,0
BRDA:2483,563,0,0
BRDA:2483,563,1,0
BRDA:2485,564,0,0
BRDA:2496,565,0,0
BRDA:2496,566,0,0
BRDA:2496,566,1,0
BRDA:2498,567,0,0
BRDA:2498,567,1,0
BRDA:2499,568,0,0
BRDA:2499,568,1,0
BRDA:2509,569,0,0
BRDA:2509,569,1,0
BRDA:2509,570,0,0
BRDA:2509,570,1,0
BRDA:2509,571,0,0
BRDA:2509,571,1,0
BRDA:2509,572,0,0
BRDA:2509,572,1,0
BRDA:2513,573,0,0
BRDA:2519,574,0,0
BRDA:2519,575,0,0
BRDA:2521,576,0,0
BRDA:2521,577,0,0
BRDA:2521,577,1,0
BRDA:2521,577,2,0
BRDA:2525,578,0,0
BRDA:2525,579,0,0
BRDA:2525,579,1,0
BRDA:2528,580,0,0
BRDA:2528,580,1,0
BRDA:2531,581,0,0
BRDA:2532,582,0,0
BRDA:2536,583,0,0
BRDA:2536,584,0,0
BRDA:2536,584,1,0
BRDA:2545,585,0,0
BRF:956
BRH:0
end_of_record
TN:
SF:src/sheet/shiftops.ts
FN:3,rowColToRef
FN:26,shiftTextRefs
FNF:2
FNH:0
FNDA:0,rowColToRef
FNDA:0,shiftTextRefs
DA:1,0
DA:3,0
DA:5,0
DA:6,0
DA:11,0
DA:12,0
DA:14,0
DA:15,0
DA:16,0
DA:17,0
DA:21,0
DA:23,0
DA:26,0
DA:27,0
DA:30,0
DA:31,0
DA:32,0
DA:33,0
DA:34,0
DA:35,0
DA:36,0
DA:37,0
DA:39,0
DA:40,0
DA:41,0
DA:42,0
DA:43,0
DA:44,0
DA:46,0
DA:48,0
DA:49,0
DA:51,0
DA:54,0
LF:33
LH:0
BRDA:5,0,0,0
BRDA:5,1,0,0
BRDA:5,1,1,0
BRDA:5,1,2,0
BRDA:5,1,3,0
BRDA:36,2,0,0
BRDA:36,2,1,0
BRDA:39,3,0,0
BRDA:39,3,1,0
BRDA:40,4,0,0
BRDA:40,4,1,0
BRDA:43,5,0,0
BRDA:43,5,1,0
BRF:13
BRH:0
end_of_record
TN:
SF:src/sheet/utils.ts
FN:6,addBorder
FN:11,removeBorder
FN:15,hasBorder
FN:19,hasBorderStr
FN:37,addBorderStr
FN:45,mkel
FN:54,(anonymous_6)
FN:58,extractClassesFromStyle
FN:75,(anonymous_8)
FN:94,rgbToHex
FN:110,(anonymous_10)
FNF:11
FNH:4
FNDA:2,addBorder
FNDA:0,removeBorder
FNDA:3,hasBorder
FNDA:5,hasBorderStr
FNDA:6,addBorderStr
FNDA:0,mkel
FNDA:0,(anonymous_6)
FNDA:0,extractClassesFromStyle
FNDA:0,(anonymous_8)
FNDA:0,rgbToHex
FNDA:0,(anonymous_10)
DA:1,1
DA:2,1
DA:3,1
DA:4,1
DA:6,1
DA:7,2
DA:8,1
DA:11,1
DA:12,0
DA:13,0
DA:15,1
DA:16,3
DA:17,2
DA:19,1
DA:20,5
DA:21,4
DA:22,2
DA:23,2
DA:24,1
DA:26,1
DA:30,2
DA:31,0
DA:32,0
DA:33,0
DA:34,0
DA:35,2
DA:37,1
DA:38,6
DA:39,5
DA:40,4
DA:41,3
DA:42,2
DA:43,1
DA:45,1
DA:46,0
DA:47,0
DA:48,0
DA:49,0
DA:51,0
DA:54,1
DA:58,1
DA:59,0
DA:60,0
DA:61,0
DA:62,0
DA:64,0
DA:65,0
DA:67,0
DA:68,0
DA:69,0
DA:70,0
DA:71,0
DA:72,0
DA:75,0
DA:90,0
DA:94,1
DA:95,0
DA:96,0
DA:98,0
DA:100,0
DA:101,0
DA:104,0
DA:105,0
DA:106,0
DA:110,0
DA:111,0
DA:112,0
DA:115,0
DA:116,0
DA:117,0
DA:119,0
LF:71
LH:31
BRDA:7,0,0,1
BRDA:12,1,0,0
BRDA:16,2,0,1
BRDA:20,3,0,1
BRDA:21,4,0,2
BRDA:30,5,0,2
BRDA:30,5,1,0
BRDA:31,6,0,0
BRDA:31,6,1,0
BRDA:32,7,0,0
BRDA:32,7,1,0
BRDA:33,8,0,0
BRDA:33,8,1,0
BRDA:38,9,0,1
BRDA:39,10,0,1
BRDA:39,10,1,4
BRDA:40,11,0,1
BRDA:40,11,1,3
BRDA:41,12,0,1
BRDA:41,12,1,2
BRDA:42,13,0,1
BRDA:42,13,1,1
BRDA:45,14,0,0
BRDA:45,15,0,0
BRDA:48,16,0,0
BRDA:54,17,0,0
BRDA:54,17,1,0
BRDA:59,18,0,0
BRDA:65,19,0,0
BRDA:65,19,1,0
BRDA:68,20,0,0
BRDA:70,21,0,0
BRDA:95,22,0,0
BRDA:96,23,0,0
BRDA:100,24,0,0
BRDA:112,25,0,0
BRDA:112,25,1,0
BRF:37
BRH:14
end_of_record
TN:
SF:src/sheet/components/BorderDropdown.ts
FN:7,(anonymous_0)
FN:9,(anonymous_1)
FN:14,(anonymous_2)
FN:23,(anonymous_3)
FN:28,(anonymous_4)
FN:32,(anonymous_5)
FNF:6
FNH:0
FNDA:0,(anonymous_0)
FNDA:0,(anonymous_1)
FNDA:0,(anonymous_2)
FNDA:0,(anonymous_3)
FNDA:0,(anonymous_4)
FNDA:0,(anonymous_5)
DA:1,0
DA:3,0
DA:8,0
DA:9,0
DA:10,0
DA:11,0
DA:12,0
DA:14,0
DA:15,0
DA:16,0
DA:17,0
DA:18,0
DA:24,0
DA:29,0
DA:33,0
DA:34,0
DA:35,0
DA:36,0
DA:37,0
DA:38,0
DA:39,0
DA:41,0
DA:42,0
DA:43,0
DA:44,0
DA:45,0
DA:47,0
DA:48,0
DA:49,0
DA:52,0
LF:30
LH:0
BRDA:15,0,0,0
BRDA:17,1,0,0
BRDA:38,2,0,0
BRDA:42,3,0,0
BRDA:42,3,1,0
BRF:5
BRH:0
end_of_record
TN:
SF:src/sheet/components/bottomBar.ts
FN:6,(anonymous_0)
FN:37,(anonymous_1)
FN:38,(anonymous_2)
FN:45,(anonymous_3)
FN:53,(anonymous_4)
FN:54,(anonymous_5)
FN:58,(anonymous_6)
FN:61,(anonymous_7)
FN:67,(anonymous_8)
FNF:9
FNH:0
FNDA:0,(anonymous_0)
FNDA:0,(anonymous_1)
FNDA:0,(anonymous_2)
FNDA:0,(anonymous_3)
FNDA:0,(anonymous_4)
FNDA:0,(anonymous_5)
FNDA:0,(anonymous_6)
FNDA:0,(anonymous_7)
FNDA:0,(anonymous_8)
DA:1,0
DA:7,0
DA:8,0
DA:9,0
DA:32,0
DA:33,0
DA:34,0
DA:35,0
DA:38,0
DA:39,0
DA:40,0
DA:41,0
DA:46,0
DA:47,0
DA:48,0
DA:49,0
DA:50,0
DA:51,0
DA:54,0
DA:55,0
DA:59,0
DA:62,0
DA:63,0
DA:64,0
DA:68,0
DA:69,0
DA:70,0
DA:71,0
DA:72,0
DA:73,0
DA:78,0
LF:31
LH:0
BRDA:39,0,0,0
BRDA:40,1,0,0
BRDA:47,2,0,0
BRDA:72,3,0,0
BRDA:72,3,1,0
BRF:5
BRH:0
end_of_record
TN:
SF:src/sheet/components/contextmenu.ts
FN:24,buildMenuItem
FN:36,buildMenu
FN:37,(anonymous_2)
FN:44,(anonymous_3)
FN:47,(anonymous_4)
FN:52,(anonymous_5)
FN:61,(anonymous_6)
FN:66,(anonymous_7)
FN:70,(anonymous_8)
FNF:9
FNH:0
FNDA:0,buildMenuItem
FNDA:0,buildMenu
FNDA:0,(anonymous_2)
FNDA:0,(anonymous_3)
FNDA:0,(anonymous_4)
FNDA:0,(anonymous_5)
FNDA:0,(anonymous_6)
FNDA:0,(anonymous_7)
FNDA:0,(anonymous_8)
DA:1,0
DA:3,0
DA:25,0
DA:26,0
DA:28,0
DA:32,0
DA:33,0
DA:37,0
DA:40,0
DA:45,0
DA:46,0
DA:47,0
DA:48,0
DA:49,0
DA:50,0
DA:52,0
DA:53,0
DA:54,0
DA:55,0
DA:56,0
DA:62,0
DA:67,0
DA:71,0
DA:72,0
DA:73,0
DA:74,0
DA:75,0
DA:76,0
DA:77,0
DA:79,0
DA:80,0
DA:81,0
DA:82,0
DA:83,0
DA:85,0
DA:86,0
DA:87,0
DA:90,0
LF:38
LH:0
BRDA:25,0,0,0
BRDA:30,1,0,0
BRDA:30,1,1,0
BRDA:53,2,0,0
BRDA:55,3,0,0
BRDA:76,4,0,0
BRDA:80,5,0,0
BRDA:80,5,1,0
BRF:8
BRH:0
end_of_record
TN:
SF:src/sheet/components/dropdown.ts
FN:4,(anonymous_0)
FNF:1
FNH:0
FNDA:0,(anonymous_0)
DA:1,0
DA:5,0
DA:6,0
DA:7,0
DA:8,0
DA:9,0
DA:10,0
DA:12,0
LF:8
LH:0
BRF:0
BRH:0
end_of_record
TN:
SF:src/sheet/components/formulaBar.ts
FN:16,(anonymous_1)
FN:34,(anonymous_2)
FN:36,(anonymous_3)
FN:39,(anonymous_4)
FN:42,(anonymous_5)
FN:62,(anonymous_6)
FN:65,(anonymous_7)
FN:68,(anonymous_8)
FN:81,(anonymous_9)
FN:104,(anonymous_10)
FN:105,(anonymous_11)
FNF:11
FNH:0
FNDA:0,(anonymous_1)
FNDA:0,(anonymous_2)
FNDA:0,(anonymous_3)
FNDA:0,(anonymous_4)
FNDA:0,(anonymous_5)
FNDA:0,(anonymous_6)
FNDA:0,(anonymous_7)
FNDA:0,(anonymous_8)
FNDA:0,(anonymous_9)
FNDA:0,(anonymous_10)
FNDA:0,(anonymous_11)
DA:1,0
DA:3,0
DA:4,0
DA:6,0
DA:17,0
DA:18,0
DA:19,0
DA:20,0
DA:21,0
DA:28,0
DA:29,0
DA:30,0
DA:31,0
DA:32,0
DA:36,0
DA:37,0
DA:39,0
DA:40,0
DA:42,0
DA:43,0
DA:44,0
DA:45,0
DA:46,0
DA:47,0
DA:48,0
DA:49,0
DA:50,0
DA:51,0
DA:52,0
DA:53,0
DA:54,0
DA:55,0
DA:56,0
DA:57,0
DA:59,0
DA:62,0
DA:63,0
DA:65,0
DA:66,0
DA:68,0
DA:69,0
DA:72,0
DA:73,0
DA:75,0
DA:77,0
DA:78,0
DA:79,0
DA:81,0
DA:82,0
DA:87,0
DA:88,0
DA:89,0
DA:91,0
DA:92,0
DA:93,0
DA:94,0
DA:95,0
DA:96,0
DA:97,0
DA:98,0
DA:100,0
DA:105,0
DA:106,0
LF:63
LH:0
BRDA:43,0,0,0
BRDA:43,0,1,0
BRDA:43,1,0,0
BRDA:43,1,1,0
BRDA:53,2,0,0
BRDA:53,2,1,0
BRDA:69,3,0,0
BRDA:69,3,1,0
BRDA:77,4,0,0
BRDA:77,5,0,0
BRDA:77,5,1,0
BRDA:77,5,2,0
BRDA:91,6,0,0
BRDA:91,6,1,0
BRF:14
BRH:0
end_of_record
TN:
SF:src/sheet/components/block/index.ts
FN:15,(anonymous_0)
FN:36,(anonymous_1)
FN:63,(anonymous_2)
FN:81,(anonymous_3)
FN:28,(anonymous_4)
FN:96,(anonymous_5)
FN:110,(anonymous_6)
FN:125,(anonymous_7)
FN:143,(anonymous_8)
FN:153,(anonymous_9)
FN:182,(anonymous_10)
FNF:11
FNH:0
FNDA:0,(anonymous_0)
FNDA:0,(anonymous_1)
FNDA:0,(anonymous_2)
FNDA:0,(anonymous_3)
FNDA:0,(anonymous_4)
FNDA:0,(anonymous_5)
FNDA:0,(anonymous_6)
FNDA:0,(anonymous_7)
FNDA:0,(anonymous_8)
FNDA:0,(anonymous_9)
FNDA:0,(anonymous_10)
DA:4,0
DA:16,0
DA:17,0
DA:18,0
DA:19,0
DA:20,0
DA:21,0
DA:22,0
DA:23,0
DA:24,0
DA:25,0
DA:28,0
DA:30,0
DA:31,0
DA:33,0
DA:42,0
DA:46,0
DA:50,0
DA:51,0
DA:52,0
DA:53,0
DA:54,0
DA:56,0
DA:57,0
DA:58,0
DA:64,0
DA:65,0
DA:66,0
DA:67,0
DA:68,0
DA:69,0
DA:70,0
DA:71,0
DA:72,0
DA:73,0
DA:74,0
DA:75,0
DA:76,0
DA:77,0
DA:78,0
DA:97,0
DA:98,0
DA:99,0
DA:100,0
DA:101,0
DA:102,0
DA:103,0
DA:104,0
DA:105,0
DA:106,0
DA:107,0
DA:108,0
DA:111,0
DA:112,0
DA:115,0
DA:116,0
DA:117,0
DA:118,0
DA:120,0
DA:121,0
DA:122,0
DA:126,0
DA:128,0
DA:129,0
DA:130,0
DA:133,0
DA:134,0
DA:135,0
DA:136,0
DA:137,0
DA:138,0
DA:140,0
DA:141,0
DA:144,0
DA:145,0
DA:146,0
DA:149,0
DA:150,0
DA:155,0
DA:156,0
DA:157,0
DA:158,0
DA:159,0
DA:161,0
DA:162,0
DA:163,0
DA:164,0
DA:165,0
DA:168,0
DA:169,0
DA:171,0
DA:172,0
DA:173,0
DA:174,0
DA:175,0
DA:176,0
DA:178,0
DA:183,0
DA:184,0
DA:185,0
DA:187,0
DA:189,0
DA:191,0
DA:193,0
DA:196,0
DA:197,0
DA:198,0
LF:107
LH:0
BRDA:74,0,0,0
BRDA:74,0,1,0
BRDA:75,1,0,0
BRDA:75,1,1,0
BRDA:76,2,0,0
BRDA:76,2,1,0
BRDA:76,3,0,0
BRDA:76,3,1,0
BRDA:77,4,0,0
BRDA:77,4,1,0
BRDA:77,5,0,0
BRDA:77,5,1,0
BRDA:28,6,0,0
BRDA:112,7,0,0
BRDA:116,8,0,0
BRDA:116,9,0,0
BRDA:116,9,1,0
BRDA:120,10,0,0
BRDA:156,11,0,0
BRDA:156,12,0,0
BRDA:156,12,1,0
BRDA:182,13,0,0
BRDA:183,14,0,0
BRF:23
BRH:0
end_of_record
TN:
SF:src/sheet/components/toolbar/icons.ts
FNF:0
FNH:0
DA:1,0
DA:2,0
DA:3,0
DA:4,0
DA:5,0
DA:6,0
DA:7,0
DA:18,0
DA:19,0
DA:20,0
DA:21,0
DA:22,0
DA:23,0
DA:24,0
DA:25,0
DA:26,0
DA:27,0
DA:28,0
LF:18
LH:0
BRF:0
BRH:0
end_of_record
TN:
SF:src/sheet/components/toolbar/index.ts
FN:14,(anonymous_1)
FN:130,(anonymous_2)
FN:149,(anonymous_3)
FN:162,(anonymous_4)
FN:163,(anonymous_5)
FN:167,(anonymous_6)
FN:183,(anonymous_7)
FN:190,(anonymous_8)
FN:194,(anonymous_9)
FN:199,(anonymous_10)
FN:205,(anonymous_11)
FN:210,(anonymous_12)
FNF:12
FNH:0
FNDA:0,(anonymous_1)
FNDA:0,(anonymous_2)
FNDA:0,(anonymous_3)
FNDA:0,(anonymous_4)
FNDA:0,(anonymous_5)
FNDA:0,(anonymous_6)
FNDA:0,(anonymous_7)
FNDA:0,(anonymous_8)
FNDA:0,(anonymous_9)
FNDA:0,(anonymous_10)
FNDA:0,(anonymous_11)
FNDA:0,(anonymous_12)
DA:1,0
DA:2,0
DA:3,0
DA:4,0
DA:6,0
DA:15,0
DA:16,0
DA:17,0
DA:87,0
DA:94,0
DA:95,0
DA:97,0
DA:98,0
DA:99,0
DA:100,0
DA:101,0
DA:128,0
DA:131,0
DA:132,0
DA:133,0
DA:134,0
DA:135,0
DA:136,0
DA:137,0
DA:138,0
DA:139,0
DA:140,0
DA:141,0
DA:142,0
DA:143,0
DA:144,0
DA:145,0
DA:146,0
DA:150,0
DA:151,0
DA:152,0
DA:153,0
DA:154,0
DA:155,0
DA:158,0
DA:159,0
DA:160,0
DA:163,0
DA:164,0
DA:165,0
DA:167,0
DA:168,0
DA:169,0
DA:170,0
DA:174,0
DA:176,0
DA:177,0
DA:178,0
DA:180,0
DA:183,0
DA:185,0
DA:187,0
DA:190,0
DA:191,0
DA:192,0
DA:194,0
DA:195,0
DA:196,0
DA:198,0
DA:199,0
DA:201,0
DA:204,0
DA:205,0
DA:206,0
DA:207,0
DA:211,0
LF:71
LH:0
BRDA:131,0,0,0
BRDA:131,0,1,0
BRDA:133,1,0,0
BRDA:133,1,1,0
BRDA:135,2,0,0
BRDA:135,2,1,0
BRDA:137,3,0,0
BRDA:137,3,1,0
BRDA:139,4,0,0
BRDA:139,4,1,0
BRDA:141,5,0,0
BRDA:141,5,1,0
BRDA:141,6,0,0
BRDA:141,6,1,0
BRDA:141,7,0,0
BRDA:141,7,1,0
BRDA:142,8,0,0
BRDA:142,8,1,0
BRDA:142,9,0,0
BRDA:142,9,1,0
BRDA:143,10,0,0
BRDA:145,11,0,0
BRDA:145,11,1,0
BRDA:145,12,0,0
BRDA:145,12,1,0
BRDA:145,13,0,0
BRDA:145,13,1,0
BRDA:146,14,0,0
BRDA:146,14,1,0
BRDA:146,15,0,0
BRDA:146,15,1,0
BRDA:153,16,0,0
BRDA:153,16,1,0
BRDA:153,17,0,0
BRDA:153,17,1,0
BRDA:154,18,0,0
BRDA:154,18,1,0
BRDA:154,19,0,0
BRDA:154,19,1,0
BRDA:155,20,0,0
BRDA:155,20,1,0
BRDA:155,21,0,0
BRDA:155,21,1,0
BRDA:158,22,0,0
BRDA:158,22,1,0
BRDA:158,23,0,0
BRDA:158,23,1,0
BRDA:159,24,0,0
BRDA:160,25,0,0
BRDA:160,25,1,0
BRDA:160,26,0,0
BRDA:160,26,1,0
BRDA:168,27,0,0
BRDA:191,28,0,0
BRDA:195,29,0,0
BRDA:206,30,0,0
BRF:56
BRH:0
end_of_record
TN:
SF:src/sheet/graphs/linechart.ts
FN:1,createLineChart
FN:2,render
FN:12,(anonymous_2)
FN:37,(anonymous_3)
FN:44,(anonymous_4)
FN:45,(anonymous_5)
FN:53,(anonymous_6)
FN:73,(anonymous_7)
FN:80,(anonymous_8)
FN:93,(anonymous_9)
FN:167,update
FN:170,destroy
FNF:12
FNH:0
FNDA:0,createLineChart
FNDA:0,render
FNDA:0,(anonymous_2)
FNDA:0,(anonymous_3)
FNDA:0,(anonymous_4)
FNDA:0,(anonymous_5)
FNDA:0,(anonymous_6)
FNDA:0,(anonymous_7)
FNDA:0,(anonymous_8)
FNDA:0,(anonymous_9)
FNDA:0,update
FNDA:0,destroy
DA:1,0
DA:3,0
DA:4,0
DA:10,0
DA:11,0
DA:12,0
DA:20,0
DA:21,0
DA:22,0
DA:25,0
DA:26,0
DA:27,0
DA:28,0
DA:29,0
DA:32,0
DA:33,0
DA:34,0
DA:37,0
DA:38,0
DA:40,0
DA:41,0
DA:44,0
DA:45,0
DA:46,0
DA:50,0
DA:51,0
DA:53,0
DA:54,0
DA:55,0
DA:57,0
DA:59,0
DA:60,0
DA:64,0
DA:65,0
DA:66,0
DA:67,0
DA:68,0
DA:69,0
DA:70,0
DA:73,0
DA:74,0
DA:75,0
DA:76,0
DA:77,0
DA:80,0
DA:81,0
DA:84,0
DA:87,0
DA:88,0
DA:89,0
DA:92,0
DA:93,0
DA:94,0
DA:95,0
DA:98,0
DA:99,0
DA:100,0
DA:101,0
DA:102,0
DA:103,0
DA:106,0
DA:107,0
DA:110,0
DA:111,0
DA:112,0
DA:113,0
DA:116,0
DA:117,0
DA:118,0
DA:121,0
DA:127,0
DA:128,0
DA:129,0
DA:130,0
DA:131,0
DA:132,0
DA:133,0
DA:134,0
DA:135,0
DA:136,0
DA:139,0
DA:140,0
DA:141,0
DA:142,0
DA:143,0
DA:144,0
DA:145,0
DA:146,0
DA:150,0
DA:151,0
DA:152,0
DA:153,0
DA:154,0
DA:155,0
DA:156,0
DA:158,0
DA:159,0
DA:160,0
DA:161,0
DA:162,0
DA:163,0
DA:164,0
DA:165,0
DA:168,0
DA:171,0
DA:173,0
DA:174,0
LF:107
LH:0
BRDA:59,0,0,0
BRDA:94,1,0,0
BRDA:94,2,0,0
BRDA:94,2,1,0
BRDA:98,3,0,0
BRDA:98,4,0,0
BRDA:98,4,1,0
BRDA:106,5,0,0
BRDA:106,5,1,0
BRDA:111,6,0,0
BRDA:111,6,1,0
BRDA:116,7,0,0
BRF:12
BRH:0
end_of_record
TN:
SF:src/sheet/gridmetrics/index.ts
FN:6,(anonymous_0)
FN:9,(anonymous_1)
FN:17,(anonymous_2)
FN:20,(anonymous_3)
FN:23,(anonymous_4)
FN:27,(anonymous_5)
FN:32,(anonymous_6)
FN:39,(anonymous_7)
FN:42,(anonymous_8)
FN:45,(anonymous_9)
FN:48,(anonymous_10)
FN:51,(anonymous_11)
FN:54,(anonymous_12)
FN:64,(anonymous_13)
FN:81,(anonymous_14)
FN:115,(anonymous_15)
FN:141,(anonymous_16)
FN:148,(anonymous_17)
FN:158,(anonymous_18)
FN:185,(anonymous_19)
FN:186,condition
FNF:21
FNH:0
FNDA:0,(anonymous_0)
FNDA:0,(anonymous_1)
FNDA:0,(anonymous_2)
FNDA:0,(anonymous_3)
FNDA:0,(anonymous_4)
FNDA:0,(anonymous_5)
FNDA:0,(anonymous_6)
FNDA:0,(anonymous_7)
FNDA:0,(anonymous_8)
FNDA:0,(anonymous_9)
FNDA:0,(anonymous_10)
FNDA:0,(anonymous_11)
FNDA:0,(anonymous_12)
FNDA:0,(anonymous_13)
FNDA:0,(anonymous_14)
FNDA:0,(anonymous_15)
FNDA:0,(anonymous_16)
FNDA:0,(anonymous_17)
FNDA:0,(anonymous_18)
FNDA:0,(anonymous_19)
FNDA:0,condition
DA:4,0
DA:7,0
DA:10,0
DA:11,0
DA:12,0
DA:13,0
DA:15,0
DA:18,0
DA:21,0
DA:24,0
DA:25,0
DA:28,0
DA:29,0
DA:30,0
DA:33,0
DA:34,0
DA:35,0
DA:37,0
DA:40,0
DA:43,0
DA:46,0
DA:49,0
DA:52,0
DA:55,0
DA:57,0
DA:58,0
DA:60,0
DA:62,0
DA:65,0
DA:67,0
DA:68,0
DA:69,0
DA:70,0
DA:71,0
DA:72,0
DA:74,0
DA:75,0
DA:76,0
DA:77,0
DA:79,0
DA:82,0
DA:84,0
DA:86,0
DA:87,0
DA:89,0
DA:90,0
DA:91,0
DA:92,0
DA:93,0
DA:94,0
DA:95,0
DA:96,0
DA:97,0
DA:98,0
DA:100,0
DA:101,0
DA:102,0
DA:103,0
DA:104,0
DA:107,0
DA:108,0
DA:109,0
DA:110,0
DA:112,0
DA:116,0
DA:117,0
DA:118,0
DA:120,0
DA:121,0
DA:123,0
DA:124,0
DA:126,0
DA:129,0
DA:133,0
DA:135,0
DA:142,0
DA:143,0
DA:144,0
DA:149,0
DA:150,0
DA:151,0
DA:152,0
DA:153,0
DA:154,0
DA:159,0
DA:160,0
DA:161,0
DA:163,0
DA:164,0
DA:166,0
DA:169,0
DA:172,0
DA:174,0
DA:175,0
DA:179,0
DA:187,0
DA:189,0
DA:190,0
DA:192,0
DA:193,0
DA:194,0
DA:195,0
DA:197,0
DA:200,0
LF:104
LH:0
BRDA:24,0,0,0
BRDA:28,1,0,0
BRDA:29,2,0,0
BRDA:29,3,0,0
BRDA:29,3,1,0
BRDA:32,4,0,0
BRDA:34,5,0,0
BRDA:40,6,0,0
BRDA:40,6,1,0
BRDA:40,7,0,0
BRDA:40,7,1,0
BRDA:42,8,0,0
BRDA:45,9,0,0
BRDA:48,10,0,0
BRDA:49,11,0,0
BRDA:49,11,1,0
BRDA:51,12,0,0
BRDA:52,13,0,0
BRDA:52,13,1,0
BRDA:57,14,0,0
BRDA:57,14,1,0
BRDA:67,15,0,0
BRDA:67,15,1,0
BRDA:86,16,0,0
BRDA:86,16,1,0
BRDA:91,17,0,0
BRDA:91,17,1,0
BRDA:126,18,0,0
BRDA:126,19,0,0
BRDA:126,19,1,0
BRDA:144,20,0,0
BRDA:144,20,1,0
BRDA:144,20,2,0
BRDA:144,20,3,0
BRDA:166,21,0,0
BRDA:166,22,0,0
BRDA:166,22,1,0
BRDA:194,23,0,0
BRDA:194,23,1,0
BRF:39
BRH:0
end_of_record
TN:
SF:src/sheet/headeridentifiers/index.ts
FN:8,(anonymous_0)
FN:12,(anonymous_1)
FN:28,(anonymous_2)
FNF:3
FNH:0
FNDA:0,(anonymous_0)
FNDA:0,(anonymous_1)
FNDA:0,(anonymous_2)
DA:3,0
DA:9,0
DA:10,0
DA:11,0
DA:12,0
DA:13,0
DA:14,0
DA:15,0
DA:18,0
DA:19,0
DA:22,0
DA:23,0
DA:24,0
DA:25,0
DA:26,0
DA:29,0
DA:30,0
DA:31,0
DA:32,0
DA:33,0
DA:34,0
DA:35,0
DA:36,0
DA:43,0
DA:44,0
DA:45,0
DA:46,0
DA:47,0
DA:51,0
DA:52,0
DA:53,0
DA:54,0
DA:61,0
DA:62,0
DA:63,0
DA:65,0
DA:66,0
DA:67,0
DA:73,0
DA:74,0
DA:75,0
DA:76,0
DA:78,0
DA:79,0
DA:82,0
DA:83,0
LF:46
LH:0
BRDA:13,0,0,0
BRDA:14,1,0,0
BRDA:18,2,0,0
BRDA:36,3,0,0
BRF:4
BRH:0
end_of_record
TN:
SF:src/sheet/history/index.ts
FN:9,(anonymous_0)
FN:16,(anonymous_1)
FN:27,(anonymous_2)
FN:31,(anonymous_3)
FN:99,(anonymous_4)
FNF:5
FNH:0
FNDA:0,(anonymous_0)
FNDA:0,(anonymous_1)
FNDA:0,(anonymous_2)
FNDA:0,(anonymous_3)
FNDA:0,(anonymous_4)
DA:3,0
DA:10,0
DA:11,0
DA:12,0
DA:13,0
DA:14,0
DA:17,0
DA:20,0
DA:23,0
DA:24,0
DA:28,0
DA:29,0
DA:32,0
DA:34,0
DA:35,0
DA:36,0
DA:37,0
DA:38,0
DA:39,0
DA:40,0
DA:41,0
DA:42,0
DA:43,0
DA:44,0
DA:45,0
DA:46,0
DA:47,0
DA:49,0
DA:50,0
DA:51,0
DA:52,0
DA:53,0
DA:54,0
DA:55,0
DA:56,0
DA:57,0
DA:58,0
DA:59,0
DA:60,0
DA:61,0
DA:62,0
DA:63,0
DA:64,0
DA:65,0
DA:66,0
DA:67,0
DA:68,0
DA:69,0
DA:70,0
DA:71,0
DA:72,0
DA:73,0
DA:75,0
DA:76,0
DA:77,0
DA:79,0
DA:80,0
DA:82,0
DA:84,0
DA:86,0
DA:89,0
DA:91,0
DA:92,0
DA:94,0
DA:97,0
DA:100,0
DA:102,0
DA:103,0
DA:104,0
DA:105,0
DA:106,0
DA:107,0
DA:108,0
DA:109,0
DA:110,0
DA:111,0
DA:112,0
DA:113,0
DA:114,0
DA:115,0
DA:116,0
DA:117,0
DA:118,0
DA:119,0
DA:120,0
DA:121,0
DA:122,0
DA:123,0
DA:124,0
DA:125,0
DA:126,0
DA:127,0
DA:128,0
DA:129,0
DA:130,0
DA:131,0
DA:132,0
DA:133,0
DA:134,0
DA:135,0
DA:136,0
DA:137,0
DA:138,0
DA:139,0
DA:140,0
DA:142,0
DA:144,0
DA:145,0
DA:147,0
DA:149,0
DA:151,0
DA:154,0
DA:156,0
DA:157,0
DA:159,0
DA:162,0
LF:116
LH:0
BRDA:23,0,0,0
BRDA:32,1,0,0
BRDA:40,2,0,0
BRDA:40,2,1,0
BRDA:43,3,0,0
BRDA:43,3,1,0
BRDA:46,4,0,0
BRDA:46,4,1,0
BRDA:50,5,0,0
BRDA:50,5,1,0
BRDA:53,6,0,0
BRDA:53,6,1,0
BRDA:56,7,0,0
BRDA:56,7,1,0
BRDA:59,8,0,0
BRDA:59,8,1,0
BRDA:66,9,0,0
BRDA:66,9,1,0
BRDA:73,10,0,0
BRDA:73,10,1,0
BRDA:79,11,0,0
BRDA:79,11,1,0
BRDA:91,12,0,0
BRDA:91,12,1,0
BRDA:100,13,0,0
BRDA:108,14,0,0
BRDA:108,14,1,0
BRDA:111,15,0,0
BRDA:111,15,1,0
BRDA:114,16,0,0
BRDA:114,16,1,0
BRDA:117,17,0,0
BRDA:117,17,1,0
BRDA:120,18,0,0
BRDA:120,18,1,0
BRDA:123,19,0,0
BRDA:123,19,1,0
BRDA:126,20,0,0
BRDA:126,20,1,0
BRDA:133,21,0,0
BRDA:133,21,1,0
BRDA:140,22,0,0
BRDA:140,22,1,0
BRDA:144,23,0,0
BRDA:144,23,1,0
BRDA:156,24,0,0
BRDA:156,24,1,0
BRF:47
BRH:0
end_of_record
TN:
SF:src/sheet/keyboardHandler/index.ts
FN:7,(anonymous_1)
FN:11,(anonymous_2)
FN:44,(anonymous_3)
FN:60,(anonymous_4)
FN:113,(anonymous_5)
FN:188,(anonymous_6)
FNF:6
FNH:0
FNDA:0,(anonymous_1)
FNDA:0,(anonymous_2)
FNDA:0,(anonymous_3)
FNDA:0,(anonymous_4)
FNDA:0,(anonymous_5)
FNDA:0,(anonymous_6)
DA:2,0
DA:3,0
DA:5,0
DA:8,0
DA:12,0
DA:13,0
DA:14,0
DA:15,0
DA:16,0
DA:17,0
DA:18,0
DA:19,0
DA:21,0
DA:22,0
DA:23,0
DA:24,0
DA:27,0
DA:28,0
DA:30,0
DA:31,0
DA:32,0
DA:34,0
DA:35,0
DA:36,0
DA:37,0
DA:38,0
DA:40,0
DA:41,0
DA:42,0
DA:43,0
DA:44,0
DA:45,0
DA:47,0
DA:48,0
DA:49,0
DA:50,0
DA:52,0
DA:53,0
DA:54,0
DA:55,0
DA:57,0
DA:58,0
DA:59,0
DA:60,0
DA:61,0
DA:72,0
DA:74,0
DA:75,0
DA:76,0
DA:77,0
DA:85,0
DA:86,0
DA:88,0
DA:89,0
DA:90,0
DA:91,0
DA:93,0
DA:94,0
DA:95,0
DA:96,0
DA:97,0
DA:98,0
DA:99,0
DA:100,0
DA:102,0
DA:103,0
DA:104,0
DA:105,0
DA:106,0
DA:107,0
DA:108,0
DA:109,0
DA:114,0
DA:115,0
DA:119,0
DA:120,0
DA:121,0
DA:122,0
DA:123,0
DA:127,0
DA:129,0
DA:130,0
DA:132,0
DA:133,0
DA:134,0
DA:135,0
DA:138,0
DA:140,0
DA:141,0
DA:142,0
DA:143,0
DA:146,0
DA:148,0
DA:149,0
DA:150,0
DA:151,0
DA:154,0
DA:156,0
DA:157,0
DA:158,0
DA:159,0
DA:162,0
DA:163,0
DA:164,0
DA:165,0
DA:166,0
DA:168,0
DA:169,0
DA:170,0
DA:171,0
DA:172,0
DA:173,0
DA:175,0
DA:176,0
DA:177,0
DA:178,0
DA:179,0
DA:180,0
DA:181,0
DA:182,0
DA:183,0
DA:184,0
DA:185,0
DA:186,0
DA:187,0
DA:188,0
DA:189,0
DA:190,0
DA:191,0
DA:192,0
DA:194,0
DA:195,0
DA:201,0
DA:202,0
DA:203,0
DA:204,0
DA:205,0
DA:206,0
DA:207,0
DA:208,0
LF:140
LH:0
BRDA:12,0,0,0
BRDA:12,0,1,0
BRDA:12,1,0,0
BRDA:12,1,1,0
BRDA:13,2,0,0
BRDA:13,2,1,0
BRDA:13,3,0,0
BRDA:13,3,1,0
BRDA:14,4,0,0
BRDA:14,4,1,0
BRDA:14,4,2,0
BRDA:16,5,0,0
BRDA:16,5,1,0
BRDA:16,6,0,0
BRDA:16,6,1,0
BRDA:18,7,0,0
BRDA:21,8,0,0
BRDA:21,8,1,0
BRDA:22,9,0,0
BRDA:27,10,0,0
BRDA:27,10,1,0
BRDA:27,11,0,0
BRDA:27,11,1,0
BRDA:30,12,0,0
BRDA:30,12,1,0
BRDA:31,13,0,0
BRDA:34,14,0,0
BRDA:34,14,1,0
BRDA:34,15,0,0
BRDA:34,15,1,0
BRDA:35,16,0,0
BRDA:40,17,0,0
BRDA:40,17,1,0
BRDA:40,18,0,0
BRDA:40,18,1,0
BRDA:41,19,0,0
BRDA:48,20,0,0
BRDA:48,21,0,0
BRDA:48,21,1,0
BRDA:48,22,0,0
BRDA:48,22,1,0
BRDA:49,23,0,0
BRDA:49,23,1,0
BRDA:49,24,0,0
BRDA:49,24,1,0
BRDA:49,25,0,0
BRDA:49,25,1,0
BRDA:50,26,0,0
BRDA:50,26,1,0
BRDA:50,27,0,0
BRDA:50,27,1,0
BRDA:52,28,0,0
BRDA:52,28,1,0
BRDA:52,29,0,0
BRDA:52,29,1,0
BRDA:52,29,2,0
BRDA:53,30,0,0
BRDA:57,31,0,0
BRDA:57,31,1,0
BRDA:57,32,0,0
BRDA:57,32,1,0
BRDA:58,33,0,0
BRDA:65,34,0,0
BRDA:65,34,1,0
BRDA:65,35,0,0
BRDA:65,35,1,0
BRDA:65,36,0,0
BRDA:65,36,1,0
BRDA:65,37,0,0
BRDA:65,37,1,0
BRDA:74,38,0,0
BRDA:74,38,1,0
BRDA:74,39,0,0
BRDA:74,39,1,0
BRDA:75,40,0,0
BRDA:88,41,0,0
BRDA:88,41,1,0
BRDA:88,42,0,0
BRDA:88,42,1,0
BRDA:89,43,0,0
BRDA:93,44,0,0
BRDA:93,44,1,0
BRDA:93,45,0,0
BRDA:93,45,1,0
BRDA:94,46,0,0
BRDA:95,47,0,0
BRDA:95,47,1,0
BRDA:95,48,0,0
BRDA:95,48,1,0
BRDA:95,48,2,0
BRDA:98,49,0,0
BRDA:102,50,0,0
BRDA:102,50,1,0
BRDA:102,51,0,0
BRDA:102,51,1,0
BRDA:102,51,2,0
BRDA:102,51,3,0
BRDA:102,51,4,0
BRDA:102,51,5,0
BRDA:103,52,0,0
BRDA:103,53,0,0
BRDA:103,53,1,0
BRDA:107,54,0,0
BRDA:107,55,0,0
BRDA:107,55,1,0
BRDA:107,56,0,0
BRDA:107,56,1,0
BRDA:107,57,0,0
BRDA:107,57,1,0
BRDA:108,58,0,0
BRDA:114,59,0,0
BRDA:114,60,0,0
BRDA:114,60,1,0
BRDA:116,61,0,0
BRDA:116,61,1,0
BRDA:117,62,0,0
BRDA:117,62,1,0
BRDA:124,63,0,0
BRDA:124,63,1,0
BRDA:125,64,0,0
BRDA:125,64,1,0
BRDA:127,65,0,0
BRDA:127,65,1,0
BRDA:130,66,0,0
BRDA:130,66,1,0
BRDA:130,67,0,0
BRDA:130,67,1,0
BRDA:134,68,0,0
BRDA:138,69,0,0
BRDA:138,69,1,0
BRDA:142,70,0,0
BRDA:146,71,0,0
BRDA:146,71,1,0
BRDA:146,72,0,0
BRDA:146,72,1,0
BRDA:150,73,0,0
BRDA:154,74,0,0
BRDA:158,75,0,0
BRDA:162,76,0,0
BRDA:162,77,0,0
BRDA:162,77,1,0
BRDA:163,78,0,0
BRDA:163,78,1,0
BRDA:164,79,0,0
BRDA:164,79,1,0
BRDA:164,80,0,0
BRDA:164,80,1,0
BRDA:165,81,0,0
BRDA:165,81,1,0
BRDA:166,82,0,0
BRDA:166,83,0,0
BRDA:166,83,1,0
BRDA:170,84,0,0
BRDA:170,84,1,0
BRDA:170,85,0,0
BRDA:170,85,1,0
BRDA:172,86,0,0
BRDA:177,87,0,0
BRDA:177,88,0,0
BRDA:177,88,1,0
BRDA:178,89,0,0
BRDA:178,89,1,0
BRDA:179,90,0,0
BRDA:185,91,0,0
BRDA:185,91,1,0
BRDA:185,92,0,0
BRDA:185,92,1,0
BRDA:189,93,0,0
BRDA:189,93,1,0
BRDA:190,94,0,0
BRDA:190,94,1,0
BRDA:191,95,0,0
BRDA:191,95,1,0
BRDA:192,96,0,0
BRF:174
BRH:0
end_of_record
TN:
SF:src/sheet/keyboardHandler/utils.ts
FNF:0
FNH:0
DA:1,0
LF:1
LH:0
BRF:0
BRH:0
end_of_record
TN:
SF:src/sheet/rownumbers/index.ts
FN:9,(anonymous_0)
FN:18,(anonymous_1)
FN:30,(anonymous_2)
FN:37,(anonymous_3)
FNF:4
FNH:0
FNDA:0,(anonymous_0)
FNDA:0,(anonymous_1)
FNDA:0,(anonymous_2)
FNDA:0,(anonymous_3)
DA:4,0
DA:10,0
DA:11,0
DA:12,0
DA:13,0
DA:14,0
DA:18,0
DA:19,0
DA:20,0
DA:21,0
DA:24,0
DA:25,0
DA:26,0
DA:27,0
DA:28,0
DA:31,0
DA:32,0
DA:34,0
DA:35,0
DA:38,0
DA:39,0
DA:40,0
DA:41,0
DA:42,0
DA:43,0
DA:44,0
DA:45,0
DA:52,0
DA:53,0
DA:54,0
DA:55,0
DA:58,0
DA:60,0
DA:61,0
DA:64,0
DA:66,0
DA:67,0
DA:68,0
DA:69,0
DA:70,0
DA:72,0
DA:73,0
DA:74,0
DA:75,0
DA:76,0
DA:80,0
DA:81,0
LF:47
LH:0
BRDA:12,0,0,0
BRDA:19,1,0,0
BRDA:20,2,0,0
BRDA:45,3,0,0
BRF:4
BRH:0
end_of_record
TN:
SF:src/sheet/state/index.ts
FN:8,(anonymous_0)
FNF:1
FNH:0
FNDA:0,(anonymous_0)
DA:3,0
LF:1
LH:0
BRF:0
BRH:0
end_of_record
TN:
SF:src/sheet/windows/format/index.ts
FN:1,launchFormatMenu
FN:187,onChange
FN:193,(anonymous_2)
FN:196,(anonymous_3)
FN:199,(anonymous_4)
FN:203,(anonymous_5)
FN:204,(anonymous_6)
FN:211,(anonymous_7)
FN:212,(anonymous_8)
FN:214,(anonymous_9)
FN:224,(anonymous_10)
FN:225,(anonymous_11)
FN:228,(anonymous_12)
FN:237,(anonymous_13)
FN:238,(anonymous_14)
FN:245,(anonymous_15)
FN:255,updateBaselineVisual
FN:267,(anonymous_17)
FN:268,(anonymous_18)
FN:275,(anonymous_19)
FNF:20
FNH:0
FNDA:0,launchFormatMenu
FNDA:0,onChange
FNDA:0,(anonymous_2)
FNDA:0,(anonymous_3)
FNDA:0,(anonymous_4)
FNDA:0,(anonymous_5)
FNDA:0,(anonymous_6)
FNDA:0,(anonymous_7)
FNDA:0,(anonymous_8)
FNDA:0,(anonymous_9)
FNDA:0,(anonymous_10)
FNDA:0,(anonymous_11)
FNDA:0,(anonymous_12)
FNDA:0,(anonymous_13)
FNDA:0,(anonymous_14)
FNDA:0,(anonymous_15)
FNDA:0,updateBaselineVisual
FNDA:0,(anonymous_17)
FNDA:0,(anonymous_18)
FNDA:0,(anonymous_19)
DA:1,0
DA:2,0
DA:4,0
DA:186,0
DA:188,0
DA:189,0
DA:192,0
DA:193,0
DA:194,0
DA:196,0
DA:197,0
DA:199,0
DA:200,0
DA:203,0
DA:204,0
DA:205,0
DA:206,0
DA:207,0
DA:211,0
DA:212,0
DA:214,0
DA:215,0
DA:218,0
DA:219,0
DA:220,0
DA:224,0
DA:225,0
DA:226,0
DA:227,0
DA:228,0
DA:229,0
DA:230,0
DA:234,0
DA:237,0
DA:238,0
DA:239,0
DA:240,0
DA:241,0
DA:245,0
DA:247,0
DA:256,0
DA:257,0
DA:258,0
DA:259,0
DA:260,0
DA:261,0
DA:262,0
DA:263,0
DA:264,0
DA:267,0
DA:268,0
DA:269,0
DA:270,0
DA:271,0
DA:272,0
DA:275,0
LF:56
LH:0
BRDA:256,0,0,0
BRDA:260,1,0,0
BRF:2
BRH:0
end_of_record
